2021-08-16 20:32:26 [main] INFO  c.l.e.OnboardingApplication -
                Starting OnboardingApplication using Java 1.8.0_291 on LT-NB-163 with PID 25984 (C:\Users\indraneel.suribhotla\Desktop\Employee Onboarding - Copy\target\classes started by indraneel.suribhotla in C:\Users\indraneel.suribhotla\Desktop\Employee Onboarding - Copy)
2021-08-16 20:32:26 [main] DEBUG c.l.e.OnboardingApplication -
                Running with Spring Boot v2.5.3, Spring v5.3.9
2021-08-16 20:32:26 [main] INFO  c.l.e.OnboardingApplication -
                No active profile set, falling back to default profiles: default
2021-08-16 20:32:35 [main] INFO  c.l.e.OnboardingApplication -
                Started OnboardingApplication in 9.248 seconds (JVM running for 10.319)
2021-08-16 21:07:25 [main] INFO  c.l.e.OnboardingApplication -
                Starting OnboardingApplication using Java 1.8.0_291 on LT-NB-163 with PID 15392 (C:\Users\indraneel.suribhotla\Desktop\Employee Onboarding - Copy\target\classes started by indraneel.suribhotla in C:\Users\indraneel.suribhotla\Desktop\Employee Onboarding - Copy)
2021-08-16 21:07:25 [main] DEBUG c.l.e.OnboardingApplication -
                Running with Spring Boot v2.5.3, Spring v5.3.9
2021-08-16 21:07:25 [main] INFO  c.l.e.OnboardingApplication -
                No active profile set, falling back to default profiles: default
2021-08-16 21:07:34 [main] INFO  c.l.e.OnboardingApplication -
                Started OnboardingApplication in 9.262 seconds (JVM running for 10.183)
2021-08-16 21:11:37 [main] DEBUG c.l.e.service.MailSenderService -
                Mail Sent
2021-08-16 21:12:06 [main] ERROR c.l.e.service.HrService -
                email id null while checking employee
2021-08-16 21:12:06 [main] ERROR c.l.e.service.HrService -
                Role is Null
2021-08-16 21:12:06 [main] DEBUG c.l.e.service.HrService -
                Role ID Retrieved1
2021-08-16 21:12:06 [main] ERROR c.l.e.s.EmployeeDemographicsService -
                Error : Employee with ID 33 is invalid
2021-08-16 21:12:06 [main] DEBUG c.l.e.service.HrService -
                Employees Data Fetched
2021-08-16 21:12:06 [main] DEBUG c.l.e.service.HrService -
                Employees Data Fetched
2021-08-16 21:12:06 [main] DEBUG c.l.e.service.HrService -
                Employee Demographics Saved in Repository 
2021-08-16 21:12:06 [main] ERROR c.l.e.service.HrService -
                Employee With this Email Id is not found
2021-08-16 21:12:06 [main] ERROR c.l.e.s.EmployeeDemographicsService -
                Employee With ID 30Cannot be accessed
2021-08-16 21:12:06 [main] ERROR c.l.e.service.LoginService -
                Employee With email id indraneel316@gmail.com cant be accessed
2021-08-16 21:12:06 [main] DEBUG c.l.e.s.EmployeeDemographicsService -
                Employee savedEmployeeDemographics(employeeId=33, employeeCode=LIS2100, firstName=Indraneel, lastName=S, dob=30/03/2000, bloodGroup=A1+ve, aadharNumber=84934893878, fatherName=XYZ, motherName=XYZZ, emailId=indraneel316@gmail.com, phoneNumber=5738495738454, sslc=10.0, hsc=7.0, ug=7.0, role=1, gender=Male, emergencyContactName=Neel, emergencyContactRelation=Friend, emergencyContactPhoneNumber=94384554353, password=null, createdAt=null, currentStatus=INCOMPLETE, rejectReason=Not Rejected Yet, addressList=[Address(addressId=1, employeeCode=LIS2100, type=Present, flatName=fjdskkj, streetName=fjdshfds, area=fsdfkjdsf, state=Chennai, country=India, city=Chennai, pinCode=60854, mapCoordinates=kfjsdkf), Address(addressId=1, employeeCode=LIS2100, type=Permanent, flatName=fjdskkj, streetName=fjdshfds, area=fsdfkjdsf, state=Chennai, country=India, city=Chennai, pinCode=60854, mapCoordinates=kfjsdkf)])
2021-08-16 21:12:06 [main] DEBUG c.l.e.service.HrService -
                Employees Data Fetched
2021-08-16 21:12:06 [main] ERROR c.l.e.service.HrService -
                Employee ID33is not valid for status update
2021-08-16 21:12:06 [main] DEBUG c.l.e.service.MailSenderService -
                Mail Sent
2021-08-16 21:12:06 [main] DEBUG c.l.e.service.HrService -
                employee email retrievedindraneel316@gmail.com
2021-08-16 21:12:06 [main] DEBUG c.l.e.s.EmployeeDemographicsService -
                Employee Object returned for ID33
2021-08-16 21:12:06 [main] DEBUG c.l.e.service.HrService -
                Status Updated
2021-08-16 21:12:06 [main] DEBUG c.l.e.service.LoginService -
                login details returned[33, 1, Pending, updated user]
2021-08-16 21:13:42 [main] ERROR c.l.e.service.HrService -
                email id null while checking employee
2021-08-16 21:13:42 [main] ERROR c.l.e.service.HrService -
                Role is Null
2021-08-16 21:13:42 [main] DEBUG c.l.e.service.HrService -
                Role ID Retrieved1
2021-08-16 21:13:42 [main] ERROR c.l.e.s.EmployeeDemographicsService -
                Error : Employee with ID 33 is invalid
2021-08-16 21:13:42 [main] DEBUG c.l.e.service.HrService -
                Employees Data Fetched
2021-08-16 21:13:42 [main] DEBUG c.l.e.service.HrService -
                Employees Data Fetched
2021-08-16 21:13:42 [main] DEBUG c.l.e.service.HrService -
                Employee Demographics Saved in Repository 
2021-08-16 21:13:42 [main] ERROR c.l.e.service.HrService -
                Employee With this Email Id is not found
2021-08-16 21:13:42 [main] ERROR c.l.e.s.EmployeeDemographicsService -
                Employee With ID 30Cannot be accessed
2021-08-16 21:13:42 [main] ERROR c.l.e.service.LoginService -
                Employee With email id indraneel316@gmail.com cant be accessed
2021-08-16 21:13:42 [main] DEBUG c.l.e.s.EmployeeDemographicsService -
                Employee savedEmployeeDemographics(employeeId=33, employeeCode=LIS2100, firstName=Indraneel, lastName=S, dob=30/03/2000, bloodGroup=A1+ve, aadharNumber=84934893878, fatherName=XYZ, motherName=XYZZ, emailId=indraneel316@gmail.com, phoneNumber=5738495738454, sslc=10.0, hsc=7.0, ug=7.0, role=1, gender=Male, emergencyContactName=Neel, emergencyContactRelation=Friend, emergencyContactPhoneNumber=94384554353, password=null, createdAt=null, currentStatus=INCOMPLETE, rejectReason=Not Rejected Yet, addressList=[Address(addressId=1, employeeCode=LIS2100, type=Present, flatName=fjdskkj, streetName=fjdshfds, area=fsdfkjdsf, state=Chennai, country=India, city=Chennai, pinCode=60854, mapCoordinates=kfjsdkf), Address(addressId=1, employeeCode=LIS2100, type=Permanent, flatName=fjdskkj, streetName=fjdshfds, area=fsdfkjdsf, state=Chennai, country=India, city=Chennai, pinCode=60854, mapCoordinates=kfjsdkf)])
2021-08-16 21:13:42 [main] DEBUG c.l.e.service.HrService -
                Employees Data Fetched
2021-08-16 21:13:42 [main] ERROR c.l.e.service.HrService -
                Employee ID33is not valid for status update
2021-08-16 21:13:42 [main] DEBUG c.l.e.service.MailSenderService -
                Mail Sent
2021-08-16 21:13:43 [main] DEBUG c.l.e.service.HrService -
                employee email retrievedindraneel316@gmail.com
2021-08-16 21:13:43 [main] DEBUG c.l.e.s.EmployeeDemographicsService -
                Employee Object returned for ID33
2021-08-16 21:13:43 [main] DEBUG c.l.e.service.HrService -
                Status Updated
2021-08-16 21:13:43 [main] DEBUG c.l.e.service.LoginService -
                login details returned[33, 1, Pending, updated user]
2021-08-16 21:14:36 [main] ERROR c.l.e.service.HrService -
                email id null while checking employee
2021-08-16 21:14:36 [main] ERROR c.l.e.service.HrService -
                Role is Null
2021-08-16 21:14:36 [main] DEBUG c.l.e.service.HrService -
                Role ID Retrieved1
2021-08-16 21:14:36 [main] ERROR c.l.e.s.EmployeeDemographicsService -
                Error : Employee with ID 33 is invalid
2021-08-16 21:14:36 [main] DEBUG c.l.e.service.HrService -
                Employees Data Fetched
2021-08-16 21:14:36 [main] DEBUG c.l.e.service.HrService -
                Employees Data Fetched
2021-08-16 21:14:36 [main] DEBUG c.l.e.service.HrService -
                Employee Demographics Saved in Repository 
2021-08-16 21:14:36 [main] ERROR c.l.e.service.HrService -
                Employee With this Email Id is not found
2021-08-16 21:14:36 [main] ERROR c.l.e.s.EmployeeDemographicsService -
                Employee With ID 30Cannot be accessed
2021-08-16 21:14:36 [main] ERROR c.l.e.service.LoginService -
                Employee With email id indraneel316@gmail.com cant be accessed
2021-08-16 21:14:36 [main] DEBUG c.l.e.s.EmployeeDemographicsService -
                Employee savedEmployeeDemographics(employeeId=33, employeeCode=LIS2100, firstName=Indraneel, lastName=S, dob=30/03/2000, bloodGroup=A1+ve, aadharNumber=84934893878, fatherName=XYZ, motherName=XYZZ, emailId=indraneel316@gmail.com, phoneNumber=5738495738454, sslc=10.0, hsc=7.0, ug=7.0, role=1, gender=Male, emergencyContactName=Neel, emergencyContactRelation=Friend, emergencyContactPhoneNumber=94384554353, password=null, createdAt=null, currentStatus=INCOMPLETE, rejectReason=Not Rejected Yet, addressList=[Address(addressId=1, employeeCode=LIS2100, type=Present, flatName=fjdskkj, streetName=fjdshfds, area=fsdfkjdsf, state=Chennai, country=India, city=Chennai, pinCode=60854, mapCoordinates=kfjsdkf), Address(addressId=1, employeeCode=LIS2100, type=Permanent, flatName=fjdskkj, streetName=fjdshfds, area=fsdfkjdsf, state=Chennai, country=India, city=Chennai, pinCode=60854, mapCoordinates=kfjsdkf)])
2021-08-16 21:14:36 [main] DEBUG c.l.e.service.HrService -
                Employees Data Fetched
2021-08-16 21:14:36 [main] ERROR c.l.e.service.HrService -
                Employee ID33is not valid for status update
2021-08-16 21:14:36 [main] DEBUG c.l.e.service.MailSenderService -
                Mail Sent
2021-08-16 21:14:37 [main] DEBUG c.l.e.service.HrService -
                employee email retrievedindraneel316@gmail.com
2021-08-16 21:14:37 [main] DEBUG c.l.e.s.EmployeeDemographicsService -
                Employee Object returned for ID33
2021-08-16 21:14:37 [main] DEBUG c.l.e.service.HrService -
                Status Updated
2021-08-16 21:14:37 [main] DEBUG c.l.e.service.LoginService -
                login details returned[33, 1, Pending, updated user]
2021-08-16 21:15:10 [main] ERROR c.l.e.service.HrService -
                email id null while checking employee
2021-08-16 21:15:10 [main] ERROR c.l.e.service.HrService -
                Role is Null
2021-08-16 21:15:10 [main] DEBUG c.l.e.service.HrService -
                Role ID Retrieved1
2021-08-16 21:15:10 [main] ERROR c.l.e.s.EmployeeDemographicsService -
                Error : Employee with ID 33 is invalid
2021-08-16 21:15:10 [main] DEBUG c.l.e.service.HrService -
                Employees Data Fetched
2021-08-16 21:15:10 [main] DEBUG c.l.e.service.HrService -
                Employees Data Fetched
2021-08-16 21:15:10 [main] DEBUG c.l.e.service.HrService -
                Employee Demographics Saved in Repository 
2021-08-16 21:15:10 [main] ERROR c.l.e.service.HrService -
                Employee With this Email Id is not found
2021-08-16 21:15:10 [main] ERROR c.l.e.s.EmployeeDemographicsService -
                Employee With ID 30Cannot be accessed
2021-08-16 21:15:10 [main] ERROR c.l.e.service.LoginService -
                Employee With email id indraneel316@gmail.com cant be accessed
2021-08-16 21:15:10 [main] DEBUG c.l.e.s.EmployeeDemographicsService -
                Employee savedEmployeeDemographics(employeeId=33, employeeCode=LIS2100, firstName=Indraneel, lastName=S, dob=30/03/2000, bloodGroup=A1+ve, aadharNumber=84934893878, fatherName=XYZ, motherName=XYZZ, emailId=indraneel316@gmail.com, phoneNumber=5738495738454, sslc=10.0, hsc=7.0, ug=7.0, role=1, gender=Male, emergencyContactName=Neel, emergencyContactRelation=Friend, emergencyContactPhoneNumber=94384554353, password=null, createdAt=null, currentStatus=INCOMPLETE, rejectReason=Not Rejected Yet, addressList=[Address(addressId=1, employeeCode=LIS2100, type=Present, flatName=fjdskkj, streetName=fjdshfds, area=fsdfkjdsf, state=Chennai, country=India, city=Chennai, pinCode=60854, mapCoordinates=kfjsdkf), Address(addressId=1, employeeCode=LIS2100, type=Permanent, flatName=fjdskkj, streetName=fjdshfds, area=fsdfkjdsf, state=Chennai, country=India, city=Chennai, pinCode=60854, mapCoordinates=kfjsdkf)])
2021-08-16 21:15:10 [main] DEBUG c.l.e.service.HrService -
                Employees Data Fetched
2021-08-16 21:15:10 [main] ERROR c.l.e.service.HrService -
                Employee ID33is not valid for status update
2021-08-16 21:15:10 [main] DEBUG c.l.e.service.MailSenderService -
                Mail Sent
2021-08-16 21:15:10 [main] DEBUG c.l.e.service.HrService -
                employee email retrievedindraneel316@gmail.com
2021-08-16 21:15:10 [main] DEBUG c.l.e.s.EmployeeDemographicsService -
                Employee Object returned for ID33
2021-08-16 21:15:10 [main] DEBUG c.l.e.service.HrService -
                Status Updated
2021-08-16 21:15:10 [main] DEBUG c.l.e.service.LoginService -
                login details returned[33, 1, Pending, updated user]
2021-08-16 21:17:17 [main] INFO  c.l.e.OnboardingApplication -
                Starting OnboardingApplication using Java 1.8.0_291 on LT-NB-163 with PID 22760 (C:\Users\indraneel.suribhotla\Desktop\Employee Onboarding - Copy\target\classes started by indraneel.suribhotla in C:\Users\indraneel.suribhotla\Desktop\Employee Onboarding - Copy)
2021-08-16 21:17:17 [main] DEBUG c.l.e.OnboardingApplication -
                Running with Spring Boot v2.5.3, Spring v5.3.9
2021-08-16 21:17:17 [main] INFO  c.l.e.OnboardingApplication -
                No active profile set, falling back to default profiles: default
2021-08-16 21:17:24 [main] INFO  c.l.e.OnboardingApplication -
                Started OnboardingApplication in 7.076 seconds (JVM running for 7.924)
2021-08-16 21:24:35 [main] INFO  c.l.e.OnboardingApplication -
                Starting OnboardingApplication using Java 1.8.0_291 on LT-NB-163 with PID 24104 (C:\Users\indraneel.suribhotla\Desktop\Employee Onboarding - Copy\target\classes started by indraneel.suribhotla in C:\Users\indraneel.suribhotla\Desktop\Employee Onboarding - Copy)
2021-08-16 21:24:35 [main] DEBUG c.l.e.OnboardingApplication -
                Running with Spring Boot v2.5.3, Spring v5.3.9
2021-08-16 21:24:35 [main] INFO  c.l.e.OnboardingApplication -
                No active profile set, falling back to default profiles: default
2021-08-16 21:24:43 [main] INFO  c.l.e.OnboardingApplication -
                Started OnboardingApplication in 9.042 seconds (JVM running for 10.037)
2021-08-16 21:24:48 [http-nio-9192-exec-2] DEBUG c.l.e.service.LoginService -
                login details returned[443, 3, INCOMPLETE, new user]
2021-08-16 21:24:48 [http-nio-9192-exec-3] DEBUG c.l.e.service.HrService -
                Employees Data Fetched
2021-08-16 21:25:03 [http-nio-9192-exec-5] DEBUG c.l.e.s.EmployeeDemographicsService -
                Employee Object returned for ID497
2021-08-16 21:25:03 [http-nio-9192-exec-6] DEBUG c.l.e.s.EmployeeDemographicsService -
                Employee Object returned for ID497
2021-08-16 21:25:31 [http-nio-9192-exec-8] DEBUG c.l.e.service.LoginService -
                login details returned[443, 3, INCOMPLETE, new user]
2021-08-16 21:25:31 [http-nio-9192-exec-9] DEBUG c.l.e.service.HrService -
                Employees Data Fetched
2021-08-16 21:27:48 [http-nio-9192-exec-1] DEBUG c.l.e.service.LoginService -
                login details returned[459, 1, PENDING, updated user]
2021-08-16 21:27:48 [http-nio-9192-exec-2] DEBUG c.l.e.s.EmployeeDemographicsService -
                Employee Object returned for ID459
2021-08-16 21:27:48 [http-nio-9192-exec-3] DEBUG c.l.e.s.EmployeeDemographicsService -
                Employee Object returned for ID459
2021-08-16 21:28:08 [http-nio-9192-exec-5] DEBUG c.l.e.service.LoginService -
                login details returned[451, 1, PENDING, updated user]
2021-08-16 21:28:08 [http-nio-9192-exec-6] DEBUG c.l.e.s.EmployeeDemographicsService -
                Employee Object returned for ID451
2021-08-16 21:28:09 [http-nio-9192-exec-7] DEBUG c.l.e.s.EmployeeDemographicsService -
                Employee Object returned for ID451
2021-08-16 21:28:26 [http-nio-9192-exec-9] DEBUG c.l.e.service.LoginService -
                login details returned[475, 1, PENDING, updated user]
2021-08-16 21:28:26 [http-nio-9192-exec-10] DEBUG c.l.e.s.EmployeeDemographicsService -
                Employee Object returned for ID475
2021-08-16 21:28:26 [http-nio-9192-exec-1] DEBUG c.l.e.s.EmployeeDemographicsService -
                Employee Object returned for ID475
2021-08-16 21:28:43 [http-nio-9192-exec-3] DEBUG c.l.e.service.LoginService -
                login details returned[497, 1, COMPLETED, updated user]
2021-08-16 21:28:43 [http-nio-9192-exec-4] DEBUG c.l.e.s.EmployeeDemographicsService -
                Employee Object returned for ID497
2021-08-16 21:28:43 [http-nio-9192-exec-5] DEBUG c.l.e.s.EmployeeDemographicsService -
                Employee Object returned for ID497
2021-08-16 21:29:20 [http-nio-9192-exec-6] DEBUG c.l.e.s.EmployeeDemographicsService -
                Employee Object returned for ID497
2021-08-16 21:29:20 [http-nio-9192-exec-7] DEBUG c.l.e.s.EmployeeDemographicsService -
                Employee Object returned for ID497
2021-08-16 21:29:36 [http-nio-9192-exec-8] DEBUG c.l.e.service.LoginService -
                login details returned[443, 3, INCOMPLETE, new user]
2021-08-16 21:29:36 [http-nio-9192-exec-9] DEBUG c.l.e.service.HrService -
                Employees Data Fetched
2021-08-16 21:30:35 [http-nio-9192-exec-10] DEBUG c.l.e.service.HrService -
                Employees Data Fetched
2021-08-16 21:30:39 [http-nio-9192-exec-1] DEBUG c.l.e.s.EmployeeDemographicsService -
                Employee Object returned for ID497
2021-08-16 21:30:39 [http-nio-9192-exec-2] DEBUG c.l.e.s.EmployeeDemographicsService -
                Employee Object returned for ID497
2021-08-16 21:30:51 [http-nio-9192-exec-3] DEBUG c.l.e.service.LoginService -
                login details returned[443, 3, INCOMPLETE, new user]
2021-08-16 21:30:51 [http-nio-9192-exec-4] DEBUG c.l.e.service.HrService -
                Employees Data Fetched
2021-08-16 21:31:32 [http-nio-9192-exec-6] DEBUG c.l.e.service.HrService -
                Employees Data Fetched
2021-08-16 21:31:53 [http-nio-9192-exec-8] DEBUG c.l.e.service.LoginService -
                login details returned[443, 3, INCOMPLETE, new user]
2021-08-16 21:31:53 [http-nio-9192-exec-9] DEBUG c.l.e.service.HrService -
                Employees Data Fetched
2021-08-16 21:34:13 [http-nio-9192-exec-1] DEBUG c.l.e.service.HrService -
                Employees Data Fetched
2021-08-16 21:34:24 [http-nio-9192-exec-2] DEBUG c.l.e.service.LoginService -
                login details returned[443, 3, INCOMPLETE, new user]
2021-08-16 21:34:24 [http-nio-9192-exec-3] DEBUG c.l.e.service.HrService -
                Employees Data Fetched
2021-08-16 21:34:31 [http-nio-9192-exec-4] DEBUG c.l.e.s.EmployeeDemographicsService -
                Employee Object returned for ID497
2021-08-16 21:34:31 [http-nio-9192-exec-5] DEBUG c.l.e.s.EmployeeDemographicsService -
                Employee Object returned for ID497
2021-08-16 21:36:38 [http-nio-9192-exec-7] DEBUG c.l.e.service.LoginService -
                login details returned[443, 3, INCOMPLETE, new user]
2021-08-16 21:36:38 [http-nio-9192-exec-8] DEBUG c.l.e.service.HrService -
                Employees Data Fetched
2021-08-16 21:36:51 [http-nio-9192-exec-9] DEBUG c.l.e.s.EmployeeDemographicsService -
                Employee Object returned for ID497
2021-08-16 21:36:51 [http-nio-9192-exec-10] DEBUG c.l.e.s.EmployeeDemographicsService -
                Employee Object returned for ID497
2021-08-16 21:37:12 [http-nio-9192-exec-1] DEBUG c.l.e.service.LoginService -
                login details returned[497, 1, COMPLETED, updated user]
2021-08-16 21:37:12 [http-nio-9192-exec-2] DEBUG c.l.e.s.EmployeeDemographicsService -
                Employee Object returned for ID497
2021-08-16 21:37:12 [http-nio-9192-exec-3] DEBUG c.l.e.s.EmployeeDemographicsService -
                Employee Object returned for ID497
2021-08-16 21:37:23 [http-nio-9192-exec-4] DEBUG c.l.e.s.EmployeeDemographicsService -
                Employee Object returned for ID497
2021-08-16 21:37:23 [http-nio-9192-exec-5] DEBUG c.l.e.s.EmployeeDemographicsService -
                Employee Object returned for ID497
2021-08-16 21:37:36 [http-nio-9192-exec-6] DEBUG c.l.e.s.EmployeeDemographicsService -
                Employee Object returned for ID497
2021-08-16 21:37:36 [http-nio-9192-exec-7] DEBUG c.l.e.s.EmployeeDemographicsService -
                Employee Object returned for ID497
2021-08-16 21:38:28 [http-nio-9192-exec-8] DEBUG c.l.e.s.EmployeeDemographicsService -
                Employee Object returned for ID497
2021-08-16 21:38:28 [http-nio-9192-exec-9] DEBUG c.l.e.s.EmployeeDemographicsService -
                Employee Object returned for ID497
2021-08-16 21:38:30 [http-nio-9192-exec-10] DEBUG c.l.e.s.EmployeeDemographicsService -
                Employee Object returned for ID497
2021-08-16 21:38:30 [http-nio-9192-exec-1] DEBUG c.l.e.s.EmployeeDemographicsService -
                Employee Object returned for ID497
2021-08-16 21:38:33 [http-nio-9192-exec-2] DEBUG c.l.e.s.EmployeeDemographicsService -
                Employee Object returned for ID497
2021-08-16 21:38:33 [http-nio-9192-exec-3] DEBUG c.l.e.s.EmployeeDemographicsService -
                Employee Object returned for ID497
2021-08-16 21:38:39 [http-nio-9192-exec-4] DEBUG c.l.e.s.EmployeeDemographicsService -
                Employee Object returned for ID497
2021-08-16 21:38:39 [http-nio-9192-exec-5] DEBUG c.l.e.s.EmployeeDemographicsService -
                Employee Object returned for ID497
2021-08-16 21:38:41 [http-nio-9192-exec-6] DEBUG c.l.e.s.EmployeeDemographicsService -
                Employee Object returned for ID497
2021-08-16 21:38:41 [http-nio-9192-exec-7] DEBUG c.l.e.s.EmployeeDemographicsService -
                Employee Object returned for ID497
2021-08-16 21:38:42 [http-nio-9192-exec-8] DEBUG c.l.e.s.EmployeeDemographicsService -
                Employee Object returned for ID497
2021-08-16 21:38:42 [http-nio-9192-exec-9] DEBUG c.l.e.s.EmployeeDemographicsService -
                Employee Object returned for ID497
2021-08-16 21:38:44 [http-nio-9192-exec-10] DEBUG c.l.e.s.EmployeeDemographicsService -
                Employee Object returned for ID497
2021-08-16 21:38:44 [http-nio-9192-exec-1] DEBUG c.l.e.s.EmployeeDemographicsService -
                Employee Object returned for ID497
2021-08-16 21:38:46 [http-nio-9192-exec-2] DEBUG c.l.e.s.EmployeeDemographicsService -
                Employee Object returned for ID497
2021-08-16 21:38:46 [http-nio-9192-exec-3] DEBUG c.l.e.s.EmployeeDemographicsService -
                Employee Object returned for ID497
2021-08-16 21:38:48 [http-nio-9192-exec-4] DEBUG c.l.e.s.EmployeeDemographicsService -
                Employee Object returned for ID497
2021-08-16 21:38:48 [http-nio-9192-exec-5] DEBUG c.l.e.s.EmployeeDemographicsService -
                Employee Object returned for ID497
2021-08-16 21:38:58 [http-nio-9192-exec-6] DEBUG c.l.e.service.LoginService -
                login details returned[443, 3, INCOMPLETE, new user]
2021-08-16 21:38:58 [http-nio-9192-exec-7] DEBUG c.l.e.service.HrService -
                Employees Data Fetched
2021-08-16 21:39:14 [http-nio-9192-exec-8] DEBUG c.l.e.s.EmployeeDemographicsService -
                Employee Object returned for ID497
2021-08-16 21:39:14 [http-nio-9192-exec-9] DEBUG c.l.e.s.EmployeeDemographicsService -
                Employee Object returned for ID497
2021-08-16 21:39:26 [http-nio-9192-exec-10] DEBUG c.l.e.s.EmployeeDemographicsService -
                Employee Object returned for ID497
2021-08-16 21:39:26 [http-nio-9192-exec-1] DEBUG c.l.e.s.EmployeeDemographicsService -
                Employee Object returned for ID497
2021-08-16 21:39:28 [http-nio-9192-exec-2] DEBUG c.l.e.s.EmployeeDemographicsService -
                Employee Object returned for ID497
2021-08-16 21:39:28 [http-nio-9192-exec-3] DEBUG c.l.e.s.EmployeeDemographicsService -
                Employee Object returned for ID497
2021-08-16 21:39:30 [http-nio-9192-exec-4] DEBUG c.l.e.s.EmployeeDemographicsService -
                Employee Object returned for ID497
2021-08-16 21:39:30 [http-nio-9192-exec-5] DEBUG c.l.e.s.EmployeeDemographicsService -
                Employee Object returned for ID497
2021-08-16 21:40:37 [http-nio-9192-exec-7] DEBUG c.l.e.service.LoginService -
                login details returned[497, 1, COMPLETED, updated user]
2021-08-16 21:40:37 [http-nio-9192-exec-8] DEBUG c.l.e.s.EmployeeDemographicsService -
                Employee Object returned for ID497
2021-08-16 21:40:37 [http-nio-9192-exec-9] DEBUG c.l.e.s.EmployeeDemographicsService -
                Employee Object returned for ID497
2021-08-16 21:40:42 [http-nio-9192-exec-1] DEBUG c.l.e.OnboardingApplication -
                Request ID 497
2021-08-16 21:40:42 [http-nio-9192-exec-1] DEBUG c.l.e.OnboardingApplication -
                Request Body EmployeeDemographicsVo(employeeId=497, employeeCode=, firstName=Nithish, lastName=Kumar, dob=2021-04-23, bloodGroup=O+ve, aadharNumber=435434444444, fatherName=Xyxzadasdsa, motherName=fjsfewdfsdfdsd, emailId=nithish6@gmail.com, phoneNumber=9840023211, sslc=80.0, hsc=80.0, ug=8.0, gender=male, emergencyContactName=Fsdfdsfdsfdsdf, emergencyContactRelation=dfsdfdsfdsfdsfds, emergencyContactPhoneNumber=6666663415, password=, currentStatus=, rejectReason=, addressList=[Address(addressId=0, employeeCode=, type=present, flatName=No 8, streetName=mudali street, area=Saidapet, state=Tamil Nadu, country=India, city=Chennai, pinCode=600324, mapCoordinates=fdfsdfdsf), Address(addressId=0, employeeCode=, type=permanent, flatName=No 9, streetName=manhattan road, area=times square, state=Littoral, country=Cameroon, city=NEBRASKA, pinCode=555555, mapCoordinates=FSFDFSDF)], action=Save)
2021-08-16 21:40:42 [http-nio-9192-exec-1] DEBUG c.l.e.s.EmployeeDemographicsService -
                Employee savedEmployeeDemographics(employeeId=497, employeeCode=LIS489, firstName=Nithish, lastName=Kumar, dob=2021-04-23, bloodGroup=O+ve, aadharNumber=435434444444, fatherName=Xyxzadasdsa, motherName=fjsfewdfsdfdsd, emailId=nithish6@gmail.com, phoneNumber=9840023211, sslc=80.0, hsc=80.0, ug=8.0, role=1, gender=male, emergencyContactName=Fsdfdsfdsfdsdf, emergencyContactRelation=dfsdfdsfdsfdsfds, emergencyContactPhoneNumber=6666663415, password=null, createdAt=2021-08-13 20:40:13.0, currentStatus=INCOMPLETE, rejectReason=Not Rejected Yet, addressList=[Address(addressId=501, employeeCode=LIS489, type=Present, flatName=No 8, streetName=mudali street, area=Saidapet, state=Tamil Nadu, country=India, city=Chennai, pinCode=600324, mapCoordinates=fdfsdfdsf), Address(addressId=502, employeeCode=LIS489, type=Permanent, flatName=No 9, streetName=manhattan road, area=times square, state=Littoral, country=Cameroon, city=NEBRASKA, pinCode=555555, mapCoordinates=FSFDFSDF)])
2021-08-16 21:40:56 [http-nio-9192-exec-2] ERROR c.l.e.service.LoginService -
                Employee With email id neel316@gmail.com cant be accessed
2021-08-16 21:41:04 [http-nio-9192-exec-3] DEBUG c.l.e.service.LoginService -
                login details returned[443, 3, INCOMPLETE, new user]
2021-08-16 21:41:04 [http-nio-9192-exec-4] DEBUG c.l.e.service.HrService -
                Employees Data Fetched
2021-08-16 21:43:42 [http-nio-9192-exec-6] DEBUG c.l.e.service.LoginService -
                login details returned[443, 3, INCOMPLETE, new user]
2021-08-16 21:43:42 [http-nio-9192-exec-7] DEBUG c.l.e.service.HrService -
                Employees Data Fetched
2021-08-16 21:44:02 [http-nio-9192-exec-9] DEBUG c.l.e.service.LoginService -
                login details returned[497, 1, INCOMPLETE, updated user]
2021-08-16 21:44:02 [http-nio-9192-exec-10] DEBUG c.l.e.s.EmployeeDemographicsService -
                Employee Object returned for ID497
2021-08-16 21:44:02 [http-nio-9192-exec-1] DEBUG c.l.e.s.EmployeeDemographicsService -
                Employee Object returned for ID497
2021-08-16 21:45:27 [http-nio-9192-exec-3] DEBUG c.l.e.s.EmployeeDemographicsService -
                Employee Object returned for ID497
2021-08-16 21:45:27 [http-nio-9192-exec-4] DEBUG c.l.e.s.EmployeeDemographicsService -
                Employee Object returned for ID497
2021-08-16 21:45:39 [http-nio-9192-exec-6] DEBUG c.l.e.service.LoginService -
                login details returned[443, 3, INCOMPLETE, new user]
2021-08-16 21:45:41 [http-nio-9192-exec-7] DEBUG c.l.e.service.LoginService -
                login details returned[443, 3, INCOMPLETE, new user]
2021-08-16 21:45:42 [http-nio-9192-exec-8] DEBUG c.l.e.service.LoginService -
                login details returned[443, 3, INCOMPLETE, new user]
2021-08-16 21:45:42 [http-nio-9192-exec-9] DEBUG c.l.e.service.LoginService -
                login details returned[443, 3, INCOMPLETE, new user]
2021-08-16 21:45:42 [http-nio-9192-exec-10] DEBUG c.l.e.service.LoginService -
                login details returned[443, 3, INCOMPLETE, new user]
2021-08-16 21:45:42 [http-nio-9192-exec-1] DEBUG c.l.e.service.LoginService -
                login details returned[443, 3, INCOMPLETE, new user]
2021-08-16 21:46:40 [http-nio-9192-exec-3] DEBUG c.l.e.service.LoginService -
                login details returned[443, 3, INCOMPLETE, new user]
2021-08-16 21:46:42 [http-nio-9192-exec-4] DEBUG c.l.e.service.LoginService -
                login details returned[443, 3, INCOMPLETE, new user]
2021-08-16 21:46:42 [http-nio-9192-exec-5] DEBUG c.l.e.service.LoginService -
                login details returned[443, 3, INCOMPLETE, new user]
2021-08-16 21:46:42 [http-nio-9192-exec-6] DEBUG c.l.e.service.LoginService -
                login details returned[443, 3, INCOMPLETE, new user]
2021-08-16 21:46:43 [http-nio-9192-exec-7] DEBUG c.l.e.service.LoginService -
                login details returned[443, 3, INCOMPLETE, new user]
2021-08-16 21:48:09 [http-nio-9192-exec-9] DEBUG c.l.e.service.LoginService -
                login details returned[443, 3, INCOMPLETE, new user]
2021-08-16 21:48:09 [http-nio-9192-exec-10] DEBUG c.l.e.service.HrService -
                Employees Data Fetched
2021-08-16 21:53:01 [http-nio-9192-exec-2] DEBUG c.l.e.service.HrService -
                Employees Data Fetched
2021-08-16 21:53:50 [http-nio-9192-exec-4] DEBUG c.l.e.service.LoginService -
                login details returned[497, 1, INCOMPLETE, updated user]
2021-08-16 21:53:51 [http-nio-9192-exec-5] DEBUG c.l.e.s.EmployeeDemographicsService -
                Employee Object returned for ID497
2021-08-16 21:53:51 [http-nio-9192-exec-6] DEBUG c.l.e.s.EmployeeDemographicsService -
                Employee Object returned for ID497
2021-08-16 21:59:50 [http-nio-9192-exec-8] DEBUG c.l.e.s.EmployeeDemographicsService -
                Employee Object returned for ID497
2021-08-16 21:59:50 [http-nio-9192-exec-9] DEBUG c.l.e.s.EmployeeDemographicsService -
                Employee Object returned for ID497
2021-08-16 22:00:04 [http-nio-9192-exec-2] DEBUG c.l.e.service.LoginService -
                login details returned[443, 3, INCOMPLETE, new user]
2021-08-16 22:00:04 [http-nio-9192-exec-3] DEBUG c.l.e.service.HrService -
                Employees Data Fetched
2021-08-16 22:00:14 [http-nio-9192-exec-5] DEBUG c.l.e.s.EmployeeDemographicsService -
                Employee Object returned for ID497
2021-08-16 22:00:14 [http-nio-9192-exec-6] DEBUG c.l.e.s.EmployeeDemographicsService -
                Employee Object returned for ID497
2021-08-16 22:01:05 [http-nio-9192-exec-8] DEBUG c.l.e.s.EmployeeDemographicsService -
                Employee Object returned for ID497
2021-08-16 22:01:05 [http-nio-9192-exec-9] DEBUG c.l.e.s.EmployeeDemographicsService -
                Employee Object returned for ID497
2021-08-16 22:01:16 [http-nio-9192-exec-1] DEBUG c.l.e.service.LoginService -
                login details returned[497, 1, INCOMPLETE, updated user]
2021-08-16 22:01:16 [http-nio-9192-exec-2] DEBUG c.l.e.s.EmployeeDemographicsService -
                Employee Object returned for ID497
2021-08-16 22:01:16 [http-nio-9192-exec-3] DEBUG c.l.e.s.EmployeeDemographicsService -
                Employee Object returned for ID497
2021-08-16 22:01:35 [http-nio-9192-exec-5] DEBUG c.l.e.s.EmployeeDemographicsService -
                Employee Object returned for ID497
2021-08-16 22:01:35 [http-nio-9192-exec-6] DEBUG c.l.e.s.EmployeeDemographicsService -
                Employee Object returned for ID497
2021-08-16 22:06:08 [http-nio-9192-exec-8] DEBUG c.l.e.s.EmployeeDemographicsService -
                Employee Object returned for ID497
2021-08-16 22:06:08 [http-nio-9192-exec-9] DEBUG c.l.e.s.EmployeeDemographicsService -
                Employee Object returned for ID497
2021-08-16 22:06:11 [http-nio-9192-exec-10] DEBUG c.l.e.s.EmployeeDemographicsService -
                Employee Object returned for ID497
2021-08-16 22:06:11 [http-nio-9192-exec-1] DEBUG c.l.e.s.EmployeeDemographicsService -
                Employee Object returned for ID497
2021-08-16 22:06:39 [http-nio-9192-exec-3] DEBUG c.l.e.service.LoginService -
                login details returned[443, 3, INCOMPLETE, new user]
2021-08-16 22:06:39 [http-nio-9192-exec-4] DEBUG c.l.e.service.HrService -
                Employees Data Fetched
2021-08-16 22:07:01 [http-nio-9192-exec-6] DEBUG c.l.e.s.EmployeeDemographicsService -
                Employee Object returned for ID497
2021-08-16 22:07:01 [http-nio-9192-exec-7] DEBUG c.l.e.s.EmployeeDemographicsService -
                Employee Object returned for ID497
2021-08-16 22:08:46 [http-nio-9192-exec-9] DEBUG c.l.e.service.LoginService -
                login details returned[443, 3, INCOMPLETE, new user]
2021-08-16 22:08:46 [http-nio-9192-exec-10] DEBUG c.l.e.service.HrService -
                Employees Data Fetched
2021-08-16 22:09:43 [http-nio-9192-exec-2] DEBUG c.l.e.s.EmployeeDemographicsService -
                Employee Object returned for ID497
2021-08-16 22:09:43 [http-nio-9192-exec-3] DEBUG c.l.e.s.EmployeeDemographicsService -
                Employee Object returned for ID497
2021-08-16 22:13:35 [http-nio-9192-exec-5] DEBUG c.l.e.s.EmployeeDemographicsService -
                Employee Object returned for ID497
2021-08-16 22:13:35 [http-nio-9192-exec-6] DEBUG c.l.e.s.EmployeeDemographicsService -
                Employee Object returned for ID497
2021-08-16 22:13:46 [http-nio-9192-exec-7] DEBUG c.l.e.service.LoginService -
                login details returned[443, 3, INCOMPLETE, new user]
2021-08-16 22:13:46 [http-nio-9192-exec-8] DEBUG c.l.e.service.HrService -
                Employees Data Fetched
2021-08-16 22:14:33 [http-nio-9192-exec-9] DEBUG c.l.e.service.LoginService -
                login details returned[443, 3, INCOMPLETE, new user]
2021-08-16 22:14:33 [http-nio-9192-exec-10] DEBUG c.l.e.service.HrService -
                Employees Data Fetched
2021-08-16 22:15:33 [http-nio-9192-exec-2] DEBUG c.l.e.service.LoginService -
                login details returned[497, 1, INCOMPLETE, updated user]
2021-08-16 22:15:33 [http-nio-9192-exec-3] DEBUG c.l.e.s.EmployeeDemographicsService -
                Employee Object returned for ID497
2021-08-16 22:15:34 [http-nio-9192-exec-4] DEBUG c.l.e.s.EmployeeDemographicsService -
                Employee Object returned for ID497
2021-08-16 22:15:59 [http-nio-9192-exec-5] DEBUG c.l.e.s.EmployeeDemographicsService -
                Employee Object returned for ID497
2021-08-16 22:15:59 [http-nio-9192-exec-6] DEBUG c.l.e.s.EmployeeDemographicsService -
                Employee Object returned for ID497
2021-08-16 22:16:46 [http-nio-9192-exec-7] DEBUG c.l.e.s.EmployeeDemographicsService -
                Employee Object returned for ID497
2021-08-16 22:16:46 [http-nio-9192-exec-8] DEBUG c.l.e.s.EmployeeDemographicsService -
                Employee Object returned for ID497
2021-08-16 22:16:48 [http-nio-9192-exec-9] DEBUG c.l.e.s.EmployeeDemographicsService -
                Employee Object returned for ID497
2021-08-16 22:16:48 [http-nio-9192-exec-10] DEBUG c.l.e.s.EmployeeDemographicsService -
                Employee Object returned for ID497
2021-08-16 22:16:50 [http-nio-9192-exec-1] DEBUG c.l.e.s.EmployeeDemographicsService -
                Employee Object returned for ID497
2021-08-16 22:16:50 [http-nio-9192-exec-2] DEBUG c.l.e.s.EmployeeDemographicsService -
                Employee Object returned for ID497
2021-08-16 22:16:52 [http-nio-9192-exec-3] DEBUG c.l.e.s.EmployeeDemographicsService -
                Employee Object returned for ID497
2021-08-16 22:16:52 [http-nio-9192-exec-4] DEBUG c.l.e.s.EmployeeDemographicsService -
                Employee Object returned for ID497
2021-08-16 22:16:54 [http-nio-9192-exec-5] DEBUG c.l.e.s.EmployeeDemographicsService -
                Employee Object returned for ID497
2021-08-16 22:16:54 [http-nio-9192-exec-6] DEBUG c.l.e.s.EmployeeDemographicsService -
                Employee Object returned for ID497
2021-08-16 22:16:56 [http-nio-9192-exec-7] DEBUG c.l.e.s.EmployeeDemographicsService -
                Employee Object returned for ID497
2021-08-16 22:16:56 [http-nio-9192-exec-8] DEBUG c.l.e.s.EmployeeDemographicsService -
                Employee Object returned for ID497
2021-08-16 22:17:07 [http-nio-9192-exec-9] DEBUG c.l.e.service.LoginService -
                login details returned[443, 3, INCOMPLETE, new user]
2021-08-16 22:17:07 [http-nio-9192-exec-10] DEBUG c.l.e.service.HrService -
                Employees Data Fetched
2021-08-16 22:19:40 [http-nio-9192-exec-2] DEBUG c.l.e.service.LoginService -
                login details returned[497, 1, INCOMPLETE, updated user]
2021-08-16 22:19:40 [http-nio-9192-exec-3] DEBUG c.l.e.s.EmployeeDemographicsService -
                Employee Object returned for ID497
2021-08-16 22:19:40 [http-nio-9192-exec-4] DEBUG c.l.e.s.EmployeeDemographicsService -
                Employee Object returned for ID497
2021-08-16 22:19:59 [http-nio-9192-exec-5] DEBUG c.l.e.service.LoginService -
                login details returned[443, 3, INCOMPLETE, new user]
2021-08-16 22:19:59 [http-nio-9192-exec-6] DEBUG c.l.e.service.HrService -
                Employees Data Fetched
2021-08-16 22:21:52 [http-nio-9192-exec-8] DEBUG c.l.e.service.LoginService -
                login details returned[443, 3, INCOMPLETE, new user]
2021-08-16 22:21:52 [http-nio-9192-exec-9] DEBUG c.l.e.service.HrService -
                Employees Data Fetched
2021-08-16 22:21:58 [http-nio-9192-exec-10] DEBUG c.l.e.service.HrService -
                Employees Data Fetched
2021-08-16 22:22:23 [http-nio-9192-exec-1] DEBUG c.l.e.service.HrService -
                Employees Data Fetched
2021-08-16 22:22:46 [http-nio-9192-exec-2] DEBUG c.l.e.service.LoginService -
                login details returned[443, 3, INCOMPLETE, new user]
2021-08-16 22:22:46 [http-nio-9192-exec-3] DEBUG c.l.e.service.HrService -
                Employees Data Fetched
2021-08-16 22:26:39 [http-nio-9192-exec-5] DEBUG c.l.e.service.LoginService -
                login details returned[443, 3, INCOMPLETE, new user]
2021-08-16 22:26:39 [http-nio-9192-exec-6] DEBUG c.l.e.service.HrService -
                Employees Data Fetched
2021-08-16 22:27:17 [http-nio-9192-exec-8] DEBUG c.l.e.service.LoginService -
                login details returned[497, 1, INCOMPLETE, updated user]
2021-08-16 22:27:17 [http-nio-9192-exec-9] DEBUG c.l.e.s.EmployeeDemographicsService -
                Employee Object returned for ID497
2021-08-16 22:27:17 [http-nio-9192-exec-10] DEBUG c.l.e.s.EmployeeDemographicsService -
                Employee Object returned for ID497
2021-08-16 22:29:13 [http-nio-9192-exec-2] DEBUG c.l.e.service.LoginService -
                login details returned[443, 3, INCOMPLETE, new user]
2021-08-16 22:29:13 [http-nio-9192-exec-3] DEBUG c.l.e.service.HrService -
                Employees Data Fetched
2021-08-16 22:29:26 [http-nio-9192-exec-4] DEBUG c.l.e.s.EmployeeDemographicsService -
                Employee Object returned for ID497
2021-08-16 22:29:26 [http-nio-9192-exec-5] DEBUG c.l.e.s.EmployeeDemographicsService -
                Employee Object returned for ID497
2021-08-16 22:31:08 [http-nio-9192-exec-7] DEBUG c.l.e.service.HrService -
                Employees Data Fetched
2021-08-16 22:31:23 [http-nio-9192-exec-9] DEBUG c.l.e.service.LoginService -
                login details returned[443, 3, INCOMPLETE, new user]
2021-08-16 22:31:23 [http-nio-9192-exec-10] DEBUG c.l.e.service.HrService -
                Employees Data Fetched
2021-08-16 22:31:50 [http-nio-9192-exec-2] DEBUG c.l.e.service.LoginService -
                login details returned[497, 1, INCOMPLETE, updated user]
2021-08-16 22:31:50 [http-nio-9192-exec-3] DEBUG c.l.e.s.EmployeeDemographicsService -
                Employee Object returned for ID497
2021-08-16 22:31:50 [http-nio-9192-exec-4] DEBUG c.l.e.s.EmployeeDemographicsService -
                Employee Object returned for ID497
2021-08-16 22:31:56 [http-nio-9192-exec-6] DEBUG c.l.e.s.EmployeeDemographicsService -
                Employee Object returned for ID497
2021-08-16 22:31:56 [http-nio-9192-exec-7] DEBUG c.l.e.s.EmployeeDemographicsService -
                Employee Object returned for ID497
2021-08-16 22:33:27 [http-nio-9192-exec-9] DEBUG c.l.e.s.EmployeeDemographicsService -
                Employee Object returned for ID497
2021-08-16 22:33:27 [http-nio-9192-exec-10] DEBUG c.l.e.s.EmployeeDemographicsService -
                Employee Object returned for ID497
2021-08-16 22:33:36 [http-nio-9192-exec-2] DEBUG c.l.e.service.LoginService -
                login details returned[443, 3, INCOMPLETE, new user]
2021-08-16 22:33:36 [http-nio-9192-exec-3] DEBUG c.l.e.service.HrService -
                Employees Data Fetched
2021-08-16 22:33:47 [http-nio-9192-exec-4] DEBUG c.l.e.service.HrService -
                Employees Data Fetched
2021-08-16 22:33:54 [http-nio-9192-exec-5] DEBUG c.l.e.service.HrService -
                Employees Data Fetched
2021-08-16 22:34:13 [http-nio-9192-exec-6] DEBUG c.l.e.service.LoginService -
                login details returned[497, 1, INCOMPLETE, updated user]
2021-08-16 22:34:14 [http-nio-9192-exec-7] DEBUG c.l.e.s.EmployeeDemographicsService -
                Employee Object returned for ID497
2021-08-16 22:34:14 [http-nio-9192-exec-8] DEBUG c.l.e.s.EmployeeDemographicsService -
                Employee Object returned for ID497
2021-08-16 22:34:21 [http-nio-9192-exec-9] DEBUG c.l.e.s.EmployeeDemographicsService -
                Employee Object returned for ID497
2021-08-16 22:34:21 [http-nio-9192-exec-10] DEBUG c.l.e.s.EmployeeDemographicsService -
                Employee Object returned for ID497
2021-08-16 22:35:23 [http-nio-9192-exec-2] DEBUG c.l.e.service.LoginService -
                login details returned[443, 3, INCOMPLETE, new user]
2021-08-16 22:35:23 [http-nio-9192-exec-3] DEBUG c.l.e.service.HrService -
                Employees Data Fetched
2021-08-16 22:35:29 [http-nio-9192-exec-4] DEBUG c.l.e.service.HrService -
                Employees Data Fetched
2021-08-16 22:37:59 [http-nio-9192-exec-6] DEBUG c.l.e.service.LoginService -
                login details returned[497, 1, INCOMPLETE, updated user]
2021-08-16 22:37:59 [http-nio-9192-exec-7] DEBUG c.l.e.s.EmployeeDemographicsService -
                Employee Object returned for ID497
2021-08-16 22:37:59 [http-nio-9192-exec-8] DEBUG c.l.e.s.EmployeeDemographicsService -
                Employee Object returned for ID497
2021-08-16 22:38:09 [http-nio-9192-exec-9] DEBUG c.l.e.service.LoginService -
                login details returned[443, 3, INCOMPLETE, new user]
2021-08-16 22:38:09 [http-nio-9192-exec-10] DEBUG c.l.e.service.HrService -
                Employees Data Fetched
2021-08-16 22:41:10 [http-nio-9192-exec-2] DEBUG c.l.e.service.LoginService -
                login details returned[443, 3, INCOMPLETE, new user]
2021-08-16 22:41:10 [http-nio-9192-exec-3] DEBUG c.l.e.service.HrService -
                Employees Data Fetched
2021-08-16 22:41:38 [http-nio-9192-exec-4] DEBUG c.l.e.service.LoginService -
                login details returned[497, 1, INCOMPLETE, updated user]
2021-08-16 22:41:38 [http-nio-9192-exec-5] DEBUG c.l.e.s.EmployeeDemographicsService -
                Employee Object returned for ID497
2021-08-16 22:41:38 [http-nio-9192-exec-6] DEBUG c.l.e.s.EmployeeDemographicsService -
                Employee Object returned for ID497
2021-08-16 22:41:46 [http-nio-9192-exec-8] DEBUG c.l.e.OnboardingApplication -
                Request ID 497
2021-08-16 22:41:46 [http-nio-9192-exec-8] DEBUG c.l.e.OnboardingApplication -
                Request Body EmployeeDemographicsVo(employeeId=497, employeeCode=, firstName=Nithish, lastName=Kumar, dob=2021-04-23, bloodGroup=O+ve, aadharNumber=435434444444, fatherName=Xyxzadasdsa, motherName=fjsfewdfsdfdsd, emailId=nithish6@gmail.com, phoneNumber=9840023211, sslc=80.0, hsc=80.0, ug=8.0, gender=male, emergencyContactName=Fsdfdsfdsfdsdf, emergencyContactRelation=dfsdfdsfdsfdsfds, emergencyContactPhoneNumber=6666663415, password=, currentStatus=, rejectReason=, addressList=[Address(addressId=0, employeeCode=, type=present, flatName=No 8, streetName=mudali street, area=Saidapet, state=Tamil Nadu, country=India, city=Chennai, pinCode=600324, mapCoordinates=fdfsdfdsf), Address(addressId=0, employeeCode=, type=permanent, flatName=No 9, streetName=manhattan road, area=times square, state=Littoral, country=Cameroon, city=NEBRASKA, pinCode=555555, mapCoordinates=FSFDFSDF)], action=Submit)
2021-08-16 22:41:46 [http-nio-9192-exec-8] DEBUG c.l.e.s.EmployeeDemographicsService -
                Employee savedEmployeeDemographics(employeeId=497, employeeCode=LIS489, firstName=Nithish, lastName=Kumar, dob=2021-04-23, bloodGroup=O+ve, aadharNumber=435434444444, fatherName=Xyxzadasdsa, motherName=fjsfewdfsdfdsd, emailId=nithish6@gmail.com, phoneNumber=9840023211, sslc=80.0, hsc=80.0, ug=8.0, role=1, gender=male, emergencyContactName=Fsdfdsfdsfdsdf, emergencyContactRelation=dfsdfdsfdsfdsfds, emergencyContactPhoneNumber=6666663415, password=null, createdAt=2021-08-13 20:40:13.0, currentStatus=PENDING, rejectReason=Not Rejected Yet, addressList=[Address(addressId=501, employeeCode=LIS489, type=Present, flatName=No 8, streetName=mudali street, area=Saidapet, state=Tamil Nadu, country=India, city=Chennai, pinCode=600324, mapCoordinates=fdfsdfdsf), Address(addressId=502, employeeCode=LIS489, type=Permanent, flatName=No 9, streetName=manhattan road, area=times square, state=Littoral, country=Cameroon, city=NEBRASKA, pinCode=555555, mapCoordinates=FSFDFSDF)])
2021-08-16 22:42:00 [http-nio-9192-exec-9] DEBUG c.l.e.service.LoginService -
                login details returned[443, 3, INCOMPLETE, new user]
2021-08-16 22:42:00 [http-nio-9192-exec-10] DEBUG c.l.e.service.HrService -
                Employees Data Fetched
