2021-08-24 11:37:15 [http-nio-9192-exec-6] INFO  c.l.e.service.LoginService -
                login details returned[3]2c5760a5-8114-4521-9f56-7b4f15ac7de6
2021-08-24 11:37:15 [http-nio-9192-exec-8] INFO  c.l.e.service.HrService -
                Employees Data Fetched 8ebacd03-3536-43bb-b140-4d7775c14a2e
2021-08-24 11:37:49 [http-nio-9192-exec-7] INFO  c.l.e.service.LoginService -
                login details returned[522, 1, COMPLETED, updated user]bed20f5a-2c5f-4323-9175-b8bcc87a3baa
2021-08-24 11:37:49 [http-nio-9192-exec-10] INFO  c.l.e.controller.EmployeeController -
                fetching details for id 522 2a808e56-c4e9-435e-8ee1-2566f4222b3a 
2021-08-24 11:37:49 [http-nio-9192-exec-10] INFO  c.l.e.s.EmployeeDemographicsService -
                Employee Object returned EmployeeDemographics(employeeId=522, employeeCode=LIS5181, firstName=Goutham, lastName=Balaji, dob=2021-08-13, bloodGroup=A+ve, aadharNumber=435431436646, fatherName=LMNO, motherName=PQRS, emailId=goutham@gmail.com, phoneNumber=9142596252, sslc=80.0, hsc=80.0, ug=8.0, role=1, gender=male, emergencyContactName=Neel, emergencyContactRelation=Friend, emergencyContactPhoneNumber=4394353412, password=null, createdAt=2021-08-20 20:54:32.0, currentStatus=COMPLETED, rejectReason=null, addressList=[Address(addressId=528, employeeCode=LIS5181, type=Present, flatName=No 2, streetName=Gandhi Street, area=Chepauk, state=Tamil Nadu, country=India, city=Chennai, pinCode=600324, mapCoordinates=454345435334 E), Address(addressId=529, employeeCode=LIS5181, type=Permanent, flatName=No 2, streetName=Gandhi Street, area=Chepauk, state=Tamil Nadu, country=India, city=Chennai, pinCode=600324, mapCoordinates=454345435334 E)]) 2a808e56-c4e9-435e-8ee1-2566f4222b3a
2021-08-24 11:37:49 [http-nio-9192-exec-10] INFO  c.l.e.controller.EmployeeController -
                fetching details for id 522 a3a74743-1829-450c-9643-4de9d5ec51a9 
2021-08-24 11:37:49 [http-nio-9192-exec-10] INFO  c.l.e.s.EmployeeDemographicsService -
                Employee Object returned EmployeeDemographics(employeeId=522, employeeCode=LIS5181, firstName=Goutham, lastName=Balaji, dob=2021-08-13, bloodGroup=A+ve, aadharNumber=435431436646, fatherName=LMNO, motherName=PQRS, emailId=goutham@gmail.com, phoneNumber=9142596252, sslc=80.0, hsc=80.0, ug=8.0, role=1, gender=male, emergencyContactName=Neel, emergencyContactRelation=Friend, emergencyContactPhoneNumber=4394353412, password=null, createdAt=2021-08-20 20:54:32.0, currentStatus=COMPLETED, rejectReason=null, addressList=[Address(addressId=528, employeeCode=LIS5181, type=Present, flatName=No 2, streetName=Gandhi Street, area=Chepauk, state=Tamil Nadu, country=India, city=Chennai, pinCode=600324, mapCoordinates=454345435334 E), Address(addressId=529, employeeCode=LIS5181, type=Permanent, flatName=No 2, streetName=Gandhi Street, area=Chepauk, state=Tamil Nadu, country=India, city=Chennai, pinCode=600324, mapCoordinates=454345435334 E)]) a3a74743-1829-450c-9643-4de9d5ec51a9
2021-08-24 11:43:41 [http-nio-9192-exec-2] ERROR c.l.e.service.LoginService -
                Employee With email id indraneel316@gmail.com cant be accessed 3e96ef3c-0a75-4e89-b93b-eaf537a0d569
2021-08-24 11:43:49 [http-nio-9192-exec-3] INFO  c.l.e.service.LoginService -
                login details returned[514, 1, PENDING, updated user]0b6c8266-a6d1-4935-aaa6-81f63d2c7a05
2021-08-24 11:43:49 [http-nio-9192-exec-4] INFO  c.l.e.controller.EmployeeController -
                fetching details for id 514 aa7b6bc4-941a-41e5-b297-59d4fb895e49 
2021-08-24 11:43:49 [http-nio-9192-exec-4] INFO  c.l.e.s.EmployeeDemographicsService -
                Employee Object returned EmployeeDemographics(employeeId=514, employeeCode=LIS11, firstName=Indraneel, lastName=Suribhotla, dob=2021-08-10, bloodGroup=B+ve, aadharNumber=435431436644, fatherName=Xyz, motherName=Xyz, emailId=indraneel316@gmail.com, phoneNumber=9940596250, sslc=80.0, hsc=80.0, ug=8.0, role=1, gender=male, emergencyContactName=Nithish, emergencyContactRelation=Friend, emergencyContactPhoneNumber=9869546453, password=null, createdAt=2021-08-20 19:02:40.0, currentStatus=PENDING, rejectReason=Not Rejected Yet, addressList=[Address(addressId=516, employeeCode=LIS11, type=Present, flatName=No 8, streetName=Hitler Street, area=Realmadrid, state=Albacete, country=Spain, city=Centue, pinCode=600324, mapCoordinates=454345435354 E), Address(addressId=517, employeeCode=LIS11, type=Permanent, flatName=No 9, streetName=Abc Street, area=Qwerty, state=Cordoba, country=Argentina, city=Alberta, pinCode=555555, mapCoordinates=454345435354 E)]) aa7b6bc4-941a-41e5-b297-59d4fb895e49
2021-08-24 11:43:49 [http-nio-9192-exec-4] INFO  c.l.e.controller.EmployeeController -
                fetching details for id 514 aa132c9b-876d-4557-b041-e091c3b780d6 
2021-08-24 11:43:49 [http-nio-9192-exec-4] INFO  c.l.e.s.EmployeeDemographicsService -
                Employee Object returned EmployeeDemographics(employeeId=514, employeeCode=LIS11, firstName=Indraneel, lastName=Suribhotla, dob=2021-08-10, bloodGroup=B+ve, aadharNumber=435431436644, fatherName=Xyz, motherName=Xyz, emailId=indraneel316@gmail.com, phoneNumber=9940596250, sslc=80.0, hsc=80.0, ug=8.0, role=1, gender=male, emergencyContactName=Nithish, emergencyContactRelation=Friend, emergencyContactPhoneNumber=9869546453, password=null, createdAt=2021-08-20 19:02:40.0, currentStatus=PENDING, rejectReason=Not Rejected Yet, addressList=[Address(addressId=516, employeeCode=LIS11, type=Present, flatName=No 8, streetName=Hitler Street, area=Realmadrid, state=Albacete, country=Spain, city=Centue, pinCode=600324, mapCoordinates=454345435354 E), Address(addressId=517, employeeCode=LIS11, type=Permanent, flatName=No 9, streetName=Abc Street, area=Qwerty, state=Cordoba, country=Argentina, city=Alberta, pinCode=555555, mapCoordinates=454345435354 E)]) aa132c9b-876d-4557-b041-e091c3b780d6
2021-08-24 11:44:27 [http-nio-9192-exec-6] INFO  c.l.e.service.LoginService -
                login details returned[514, 1, PENDING, updated user]3230c3c9-4536-4641-bf95-f676bde76230
2021-08-24 11:44:27 [http-nio-9192-exec-8] INFO  c.l.e.controller.EmployeeController -
                fetching details for id 514 3f966762-2723-46d0-9c83-a76a0ce38b19 
2021-08-24 11:44:27 [http-nio-9192-exec-8] INFO  c.l.e.s.EmployeeDemographicsService -
                Employee Object returned EmployeeDemographics(employeeId=514, employeeCode=LIS11, firstName=Indraneel, lastName=Suribhotla, dob=2021-08-10, bloodGroup=B+ve, aadharNumber=435431436644, fatherName=Xyz, motherName=Xyz, emailId=indraneel316@gmail.com, phoneNumber=9940596250, sslc=80.0, hsc=80.0, ug=8.0, role=1, gender=male, emergencyContactName=Nithish, emergencyContactRelation=Friend, emergencyContactPhoneNumber=9869546453, password=null, createdAt=2021-08-20 19:02:40.0, currentStatus=PENDING, rejectReason=Not Rejected Yet, addressList=[Address(addressId=516, employeeCode=LIS11, type=Present, flatName=No 8, streetName=Hitler Street, area=Realmadrid, state=Albacete, country=Spain, city=Centue, pinCode=600324, mapCoordinates=454345435354 E), Address(addressId=517, employeeCode=LIS11, type=Permanent, flatName=No 9, streetName=Abc Street, area=Qwerty, state=Cordoba, country=Argentina, city=Alberta, pinCode=555555, mapCoordinates=454345435354 E)]) 3f966762-2723-46d0-9c83-a76a0ce38b19
2021-08-24 11:44:27 [http-nio-9192-exec-9] INFO  c.l.e.controller.EmployeeController -
                fetching details for id 514 a9527923-4da0-4ced-9ffb-13dcef697dab 
2021-08-24 11:44:27 [http-nio-9192-exec-9] INFO  c.l.e.s.EmployeeDemographicsService -
                Employee Object returned EmployeeDemographics(employeeId=514, employeeCode=LIS11, firstName=Indraneel, lastName=Suribhotla, dob=2021-08-10, bloodGroup=B+ve, aadharNumber=435431436644, fatherName=Xyz, motherName=Xyz, emailId=indraneel316@gmail.com, phoneNumber=9940596250, sslc=80.0, hsc=80.0, ug=8.0, role=1, gender=male, emergencyContactName=Nithish, emergencyContactRelation=Friend, emergencyContactPhoneNumber=9869546453, password=null, createdAt=2021-08-20 19:02:40.0, currentStatus=PENDING, rejectReason=Not Rejected Yet, addressList=[Address(addressId=516, employeeCode=LIS11, type=Present, flatName=No 8, streetName=Hitler Street, area=Realmadrid, state=Albacete, country=Spain, city=Centue, pinCode=600324, mapCoordinates=454345435354 E), Address(addressId=517, employeeCode=LIS11, type=Permanent, flatName=No 9, streetName=Abc Street, area=Qwerty, state=Cordoba, country=Argentina, city=Alberta, pinCode=555555, mapCoordinates=454345435354 E)]) a9527923-4da0-4ced-9ffb-13dcef697dab
2021-08-24 12:25:14 [main] ERROR c.l.e.service.HrService -
                email id null while checking employee 5c4b9b8b-6855-40c4-8bc9-7de9f1262a74
2021-08-24 12:25:14 [main] ERROR c.l.e.service.HrService -
                Role is Null
2021-08-24 12:25:14 [main] INFO  c.l.e.service.HrService -
                Role ID Retrieved1
2021-08-24 12:25:14 [main] ERROR c.l.e.s.EmployeeDemographicsService -
                Error : Employee with ID  33 is invalid  207cd378-d862-4659-978b-2bf6ab5d4cf6
2021-08-24 12:25:14 [main] INFO  c.l.e.service.HrService -
                Employee Demographics EmployeeDemographics(employeeId=0, employeeCode=LIS1, firstName=Neel, lastName=Neel, dob=null, bloodGroup=null, aadharNumber=null, fatherName=null, motherName=null, emailId=indraneel316@gmail.com, phoneNumber=null, sslc=null, hsc=null, ug=null, role=1, gender=null, emergencyContactName=null, emergencyContactRelation=null, emergencyContactPhoneNumber=null, password=null, createdAt=null, currentStatus=INCOMPLETE, rejectReason=null, addressList=null) Saved in Repository 7871e57d-9b0b-4803-8362-9403bdb58c58
2021-08-24 12:25:14 [main] ERROR c.l.e.service.HrService -
                Employee With this Email Id is not found 7871e57d-9b0b-4803-8362-9403bdb58c58
2021-08-24 12:25:14 [main] ERROR c.l.e.s.EmployeeDemographicsService -
                Employee With ID 30Cannot be accessed 9cead01b-4605-437f-b854-032e81e268c9
2021-08-24 12:25:14 [main] ERROR c.l.e.service.LoginService -
                Employee With email id indraneel316@gmail.com cant be accessed 761d12e4-8da5-424b-85d4-9a276118ffa7
2021-08-24 12:25:14 [main] INFO  c.l.e.s.EmployeeDemographicsService -
                Employee saved ce383bf2-618e-4cc3-a8d8-7a2f5dcb5e9b EmployeeDemographics(employeeId=33, employeeCode=LIS2100, firstName=Indraneel, lastName=S, dob=30/03/2000, bloodGroup=A1+ve, aadharNumber=84934893878, fatherName=XYZ, motherName=XYZZ, emailId=indraneel316@gmail.com, phoneNumber=5738495738454, sslc=10.0, hsc=7.0, ug=7.0, role=1, gender=Male, emergencyContactName=Neel, emergencyContactRelation=Friend, emergencyContactPhoneNumber=94384554353, password=null, createdAt=null, currentStatus=INCOMPLETE, rejectReason=Not Rejected Yet, addressList=[Address(addressId=1, employeeCode=LIS2100, type=Present, flatName=fjdskkj, streetName=fjdshfds, area=fsdfkjdsf, state=Chennai, country=India, city=Chennai, pinCode=60854, mapCoordinates=kfjsdkf), Address(addressId=1, employeeCode=LIS2100, type=Permanent, flatName=fjdskkj, streetName=fjdshfds, area=fsdfkjdsf, state=Chennai, country=India, city=Chennai, pinCode=60854, mapCoordinates=kfjsdkf)])
2021-08-24 12:25:14 [main] INFO  c.l.e.service.HrService -
                Employees Data Fetched e311be71-86ce-4c83-a2bf-045835bfe4e6
2021-08-24 12:25:14 [main] ERROR c.l.e.service.HrService -
                Employee ID33is not valid for status update 43498947-85c4-4249-a02b-4e87c58f15cd
2021-08-24 12:25:14 [main] INFO  c.l.e.service.MailSenderService -
                Mail Sent f098d638-03cd-443c-9f86-60dcf18e9250 
2021-08-24 12:25:14 [main] INFO  c.l.e.service.HrService -
                employee email retrieved of object EmployeeDemographics(employeeId=33, employeeCode=LIS2100, firstName=Indraneel, lastName=S, dob=30/03/2000, bloodGroup=A1+ve, aadharNumber=84934893878, fatherName=XYZ, motherName=XYZZ, emailId=indraneel316@gmail.com, phoneNumber=5738495738454, sslc=10.0, hsc=7.0, ug=7.0, role=1, gender=Male, emergencyContactName=Neel, emergencyContactRelation=Friend, emergencyContactPhoneNumber=94384554353, password=null, createdAt=null, currentStatus=Pending, rejectReason=, addressList=[Address(addressId=1, employeeCode=LIS9947, type=, flatName=fjdskkj, streetName=fjdshfds, area=fsdfkjdsf, state=Chennai, country=India, city=Chennai, pinCode=60854, mapCoordinates=kfjsdkf)]) c4184bd6-184a-455d-ba9c-2da6d8c17d22
2021-08-24 12:25:14 [main] INFO  c.l.e.s.EmployeeDemographicsService -
                Employee Object returned EmployeeDemographics(employeeId=33, employeeCode=LIS2100, firstName=Indraneel, lastName=S, dob=30/03/2000, bloodGroup=A1+ve, aadharNumber=84934893878, fatherName=XYZ, motherName=XYZZ, emailId=indraneel316@gmail.com, phoneNumber=5738495738454, sslc=10.0, hsc=7.0, ug=7.0, role=1, gender=Male, emergencyContactName=Neel, emergencyContactRelation=Friend, emergencyContactPhoneNumber=94384554353, password=null, createdAt=null, currentStatus=Pending, rejectReason=, addressList=[Address(addressId=1, employeeCode=LIS9947, type=, flatName=fjdskkj, streetName=fjdshfds, area=fsdfkjdsf, state=Chennai, country=India, city=Chennai, pinCode=60854, mapCoordinates=kfjsdkf), Address(addressId=1, employeeCode=LIS9947, type=, flatName=fjdskkj, streetName=fjdshfds, area=fsdfkjdsf, state=Chennai, country=India, city=Chennai, pinCode=60854, mapCoordinates=kfjsdkf)]) 03a09cc3-3e0f-4730-b284-e925a1152522
2021-08-24 12:25:14 [main] INFO  c.l.e.service.HrService -
                Status Updated On Object EmployeeDemographics(employeeId=33, employeeCode=LIS2100, firstName=Indraneel, lastName=S, dob=30/03/2000, bloodGroup=A1+ve, aadharNumber=84934893878, fatherName=XYZ, motherName=XYZZ, emailId=indraneel316@gmail.com, phoneNumber=, sslc=10.0, hsc=7.0, ug=7.0, role=1, gender=Male, emergencyContactName=Neel, emergencyContactRelation=Friend, emergencyContactPhoneNumber=94384554353, password=null, createdAt=null, currentStatus=COMPLETED, rejectReason=, addressList=[Address(addressId=1, employeeCode=LIS9947, type=, flatName=fjdskkj, streetName=fjdshfds, area=fsdfkjdsf, state=Chennai, country=India, city=Chennai, pinCode=60854, mapCoordinates=kfjsdkf)])
2021-08-24 12:25:14 [main] INFO  c.l.e.service.LoginService -
                login details returned[33, 1, Pending, updated user]d116a5bf-5932-441b-8180-1654fda5f25d
2021-08-24 12:25:14 [main] INFO  c.l.e.service.HrService -
                Status Updated On Object EmployeeDemographics(employeeId=33, employeeCode=LIS2100, firstName=Indraneel, lastName=S, dob=30/03/2000, bloodGroup=A1+ve, aadharNumber=84934893878, fatherName=XYZ, motherName=XYZZ, emailId=indraneel316@gmail.com, phoneNumber=, sslc=10.0, hsc=7.0, ug=7.0, role=1, gender=Male, emergencyContactName=Neel, emergencyContactRelation=Friend, emergencyContactPhoneNumber=94384554353, password=null, createdAt=null, currentStatus=REJECTED, rejectReason=Invalid Aadhar Number, addressList=[Address(addressId=1, employeeCode=LIS9947, type=, flatName=fjdskkj, streetName=fjdshfds, area=fsdfkjdsf, state=Chennai, country=India, city=Chennai, pinCode=60854, mapCoordinates=kfjsdkf)])
2021-08-24 12:33:54 [main] INFO  c.l.e.OnboardingApplication -
                Starting OnboardingApplication using Java 1.8.0_291 on LT-NB-163 with PID 4912 (C:\Users\indraneel.suribhotla\Desktop\Employee Onboarding - Copy\target\classes started by indraneel.suribhotla in C:\Users\indraneel.suribhotla\Desktop\Employee Onboarding - Copy)
2021-08-24 12:33:54 [main] DEBUG c.l.e.OnboardingApplication -
                Running with Spring Boot v2.5.3, Spring v5.3.9
2021-08-24 12:33:54 [main] INFO  c.l.e.OnboardingApplication -
                No active profile set, falling back to default profiles: default
2021-08-24 12:34:03 [main] INFO  c.l.e.OnboardingApplication -
                Started OnboardingApplication in 10.203 seconds (JVM running for 11.611)
2021-08-24 12:50:52 [main] INFO  c.l.e.OnboardingApplication -
                Starting OnboardingApplication using Java 1.8.0_291 on LT-NB-163 with PID 33212 (C:\Users\indraneel.suribhotla\Desktop\Employee Onboarding - Copy\target\classes started by indraneel.suribhotla in C:\Users\indraneel.suribhotla\Desktop\Employee Onboarding - Copy)
2021-08-24 12:50:52 [main] DEBUG c.l.e.OnboardingApplication -
                Running with Spring Boot v2.5.3, Spring v5.3.9
2021-08-24 12:50:52 [main] INFO  c.l.e.OnboardingApplication -
                No active profile set, falling back to default profiles: default
2021-08-24 12:51:02 [main] INFO  c.l.e.OnboardingApplication -
                Started OnboardingApplication in 11.437 seconds (JVM running for 12.641)
2021-08-24 12:51:10 [http-nio-9192-exec-1] INFO  c.l.e.service.LoginService -
                login details returned[3]5c0ef69a-9db2-496b-bd69-51e58c0f1272
2021-08-24 12:51:10 [http-nio-9192-exec-2] INFO  c.l.e.service.HrService -
                Employees Data Fetched a627c94d-7326-4e76-ba47-2251fa956313
2021-08-24 12:59:16 [main] ERROR c.l.e.service.HrService -
                email id null while checking employee 80984f36-92dc-4b1a-9132-24fe82c5ae2e
2021-08-24 12:59:17 [main] ERROR c.l.e.service.HrService -
                Role is Null
2021-08-24 12:59:17 [main] INFO  c.l.e.service.HrService -
                Role ID Retrieved1
2021-08-24 12:59:17 [main] ERROR c.l.e.s.EmployeeDemographicsService -
                Error : Employee with ID  33 is invalid  c5d57593-4270-4e35-8e2f-4114c5442544
2021-08-24 12:59:17 [main] INFO  c.l.e.service.HrService -
                Employee Demographics EmployeeDemographics(employeeId=0, employeeCode=LIS1, firstName=Neel, lastName=Neel, dob=null, bloodGroup=null, aadharNumber=null, fatherName=null, motherName=null, emailId=indraneel316@gmail.com, phoneNumber=null, sslc=null, hsc=null, ug=null, role=1, gender=null, emergencyContactName=null, emergencyContactRelation=null, emergencyContactPhoneNumber=null, password=null, createdAt=null, currentStatus=INCOMPLETE, rejectReason=null, addressList=null) Saved in Repository 10f4b644-2cd5-4837-8113-6a3669c68e47
2021-08-24 12:59:17 [main] ERROR c.l.e.service.HrService -
                Employee With this Email Id is not found 10f4b644-2cd5-4837-8113-6a3669c68e47
2021-08-24 12:59:17 [main] ERROR c.l.e.s.EmployeeDemographicsService -
                Employee With ID 30Cannot be accessed 606e9954-f389-426b-af8e-655a765fc535
2021-08-24 12:59:17 [main] ERROR c.l.e.service.LoginService -
                Employee With email id indraneel316@gmail.com cant be accessed a5c6662d-9e39-4138-b970-dbe5222b8ce0
2021-08-24 12:59:17 [main] INFO  c.l.e.s.EmployeeDemographicsService -
                Employee saved 13635434-6318-4c88-b36c-9a34f207b389 EmployeeDemographics(employeeId=33, employeeCode=LIS2100, firstName=Indraneel, lastName=S, dob=30/03/2000, bloodGroup=A1+ve, aadharNumber=84934893878, fatherName=XYZ, motherName=XYZZ, emailId=indraneel316@gmail.com, phoneNumber=5738495738454, sslc=10.0, hsc=7.0, ug=7.0, role=1, gender=Male, emergencyContactName=Neel, emergencyContactRelation=Friend, emergencyContactPhoneNumber=94384554353, password=null, createdAt=null, currentStatus=INCOMPLETE, rejectReason=Not Rejected Yet, addressList=[Address(addressId=1, employeeCode=LIS2100, type=Present, flatName=fjdskkj, streetName=fjdshfds, area=fsdfkjdsf, state=Chennai, country=India, city=Chennai, pinCode=60854, mapCoordinates=kfjsdkf), Address(addressId=1, employeeCode=LIS2100, type=Permanent, flatName=fjdskkj, streetName=fjdshfds, area=fsdfkjdsf, state=Chennai, country=India, city=Chennai, pinCode=60854, mapCoordinates=kfjsdkf)])
2021-08-24 12:59:17 [main] INFO  c.l.e.service.HrService -
                Employees Data Fetched e0a1802c-c995-4353-bd9f-f17cae042c1f
2021-08-24 12:59:17 [main] ERROR c.l.e.service.HrService -
                Employee ID33is not valid for status update 6b3a66fc-f464-4bb3-aa25-c31d94206fc9
2021-08-24 12:59:17 [main] INFO  c.l.e.service.MailSenderService -
                Mail Sent 32473e0e-aee5-4907-b242-98dd25988aaa 
2021-08-24 12:59:17 [main] INFO  c.l.e.service.HrService -
                employee email retrieved of object EmployeeDemographics(employeeId=33, employeeCode=LIS2100, firstName=Indraneel, lastName=S, dob=30/03/2000, bloodGroup=A1+ve, aadharNumber=84934893878, fatherName=XYZ, motherName=XYZZ, emailId=indraneel316@gmail.com, phoneNumber=5738495738454, sslc=10.0, hsc=7.0, ug=7.0, role=1, gender=Male, emergencyContactName=Neel, emergencyContactRelation=Friend, emergencyContactPhoneNumber=94384554353, password=null, createdAt=null, currentStatus=Pending, rejectReason=, addressList=[Address(addressId=1, employeeCode=LIS9947, type=, flatName=fjdskkj, streetName=fjdshfds, area=fsdfkjdsf, state=Chennai, country=India, city=Chennai, pinCode=60854, mapCoordinates=kfjsdkf)]) daff2cca-5047-4350-a556-5d7d8bcba487
2021-08-24 12:59:17 [main] INFO  c.l.e.s.EmployeeDemographicsService -
                Employee Object returned EmployeeDemographics(employeeId=33, employeeCode=LIS2100, firstName=Indraneel, lastName=S, dob=30/03/2000, bloodGroup=A1+ve, aadharNumber=84934893878, fatherName=XYZ, motherName=XYZZ, emailId=indraneel316@gmail.com, phoneNumber=5738495738454, sslc=10.0, hsc=7.0, ug=7.0, role=1, gender=Male, emergencyContactName=Neel, emergencyContactRelation=Friend, emergencyContactPhoneNumber=94384554353, password=null, createdAt=null, currentStatus=Pending, rejectReason=, addressList=[Address(addressId=1, employeeCode=LIS9947, type=, flatName=fjdskkj, streetName=fjdshfds, area=fsdfkjdsf, state=Chennai, country=India, city=Chennai, pinCode=60854, mapCoordinates=kfjsdkf), Address(addressId=1, employeeCode=LIS9947, type=, flatName=fjdskkj, streetName=fjdshfds, area=fsdfkjdsf, state=Chennai, country=India, city=Chennai, pinCode=60854, mapCoordinates=kfjsdkf)]) 0162503b-4e62-4076-8907-80d78922db3f
2021-08-24 12:59:17 [main] INFO  c.l.e.service.HrService -
                Status Updated On Object EmployeeDemographics(employeeId=33, employeeCode=LIS2100, firstName=Indraneel, lastName=S, dob=30/03/2000, bloodGroup=A1+ve, aadharNumber=84934893878, fatherName=XYZ, motherName=XYZZ, emailId=indraneel316@gmail.com, phoneNumber=, sslc=10.0, hsc=7.0, ug=7.0, role=1, gender=Male, emergencyContactName=Neel, emergencyContactRelation=Friend, emergencyContactPhoneNumber=94384554353, password=null, createdAt=null, currentStatus=COMPLETED, rejectReason=, addressList=[Address(addressId=1, employeeCode=LIS9947, type=, flatName=fjdskkj, streetName=fjdshfds, area=fsdfkjdsf, state=Chennai, country=India, city=Chennai, pinCode=60854, mapCoordinates=kfjsdkf)])
2021-08-24 12:59:17 [main] INFO  c.l.e.service.LoginService -
                login details returned[33, 1, Pending, updated user]21356899-c653-46aa-910f-22c748995171
2021-08-24 12:59:17 [main] INFO  c.l.e.service.HrService -
                Status Updated On Object EmployeeDemographics(employeeId=33, employeeCode=LIS2100, firstName=Indraneel, lastName=S, dob=30/03/2000, bloodGroup=A1+ve, aadharNumber=84934893878, fatherName=XYZ, motherName=XYZZ, emailId=indraneel316@gmail.com, phoneNumber=, sslc=10.0, hsc=7.0, ug=7.0, role=1, gender=Male, emergencyContactName=Neel, emergencyContactRelation=Friend, emergencyContactPhoneNumber=94384554353, password=null, createdAt=null, currentStatus=REJECTED, rejectReason=Invalid Aadhar Number, addressList=[Address(addressId=1, employeeCode=LIS9947, type=, flatName=fjdskkj, streetName=fjdshfds, area=fsdfkjdsf, state=Chennai, country=India, city=Chennai, pinCode=60854, mapCoordinates=kfjsdkf)])
2021-08-24 13:00:29 [http-nio-9192-exec-4] INFO  c.l.e.service.MailSenderService -
                Mail Sent 0d20c8fe-0ef6-4642-8e35-03bd32de4b2c 
2021-08-24 13:00:29 [http-nio-9192-exec-4] INFO  c.l.e.service.HrService -
                Status Updated On Object EmployeeDemographics(employeeId=514, employeeCode=LIS11, firstName=Indraneel, lastName=Suribhotla, dob=2021-08-10, bloodGroup=B+ve, aadharNumber=435431436644, fatherName=Xyz, motherName=Xyz, emailId=indraneel316@gmail.com, phoneNumber=9940596250, sslc=80.0, hsc=80.0, ug=8.0, role=1, gender=male, emergencyContactName=Nithish, emergencyContactRelation=Friend, emergencyContactPhoneNumber=9869546453, password=null, createdAt=2021-08-20 19:02:40.0, currentStatus=COMPLETED, rejectReason=null, addressList=[Address(addressId=516, employeeCode=LIS11, type=Present, flatName=No 8, streetName=Hitler Street, area=Realmadrid, state=Albacete, country=Spain, city=Centue, pinCode=600324, mapCoordinates=454345435354 E), Address(addressId=517, employeeCode=LIS11, type=Permanent, flatName=No 9, streetName=Abc Street, area=Qwerty, state=Cordoba, country=Argentina, city=Alberta, pinCode=555555, mapCoordinates=454345435354 E)])
2021-08-24 13:00:29 [http-nio-9192-exec-4] INFO  c.l.e.s.EmployeeDemographicsService -
                Employee Object returned EmployeeDemographics(employeeId=514, employeeCode=LIS11, firstName=Indraneel, lastName=Suribhotla, dob=2021-08-10, bloodGroup=B+ve, aadharNumber=435431436644, fatherName=Xyz, motherName=Xyz, emailId=indraneel316@gmail.com, phoneNumber=9940596250, sslc=80.0, hsc=80.0, ug=8.0, role=1, gender=male, emergencyContactName=Nithish, emergencyContactRelation=Friend, emergencyContactPhoneNumber=9869546453, password=null, createdAt=2021-08-20 19:02:40.0, currentStatus=COMPLETED, rejectReason=null, addressList=[Address(addressId=516, employeeCode=LIS11, type=Present, flatName=No 8, streetName=Hitler Street, area=Realmadrid, state=Albacete, country=Spain, city=Centue, pinCode=600324, mapCoordinates=454345435354 E), Address(addressId=517, employeeCode=LIS11, type=Permanent, flatName=No 9, streetName=Abc Street, area=Qwerty, state=Cordoba, country=Argentina, city=Alberta, pinCode=555555, mapCoordinates=454345435354 E)]) 0d20c8fe-0ef6-4642-8e35-03bd32de4b2c
2021-08-24 13:01:11 [http-nio-9192-exec-6] INFO  c.l.e.service.HrService -
                Employees Data Fetched 863707e2-d685-46a0-a938-110dc51f0dfd
2021-08-24 13:05:25 [http-nio-9192-exec-9] INFO  c.l.e.service.LoginService -
                login details returned[514, 1, COMPLETED, updated user]958c841a-e6d3-4fad-babd-543d14a425ef
2021-08-24 13:05:25 [http-nio-9192-exec-10] INFO  c.l.e.controller.EmployeeController -
                fetching details for id 514 87468841-1ad1-41c7-b3a3-d6e4a94ee4b9 
2021-08-24 13:05:25 [http-nio-9192-exec-10] INFO  c.l.e.s.EmployeeDemographicsService -
                Employee Object returned EmployeeDemographics(employeeId=514, employeeCode=LIS11, firstName=Indraneel, lastName=Suribhotla, dob=2021-08-10, bloodGroup=B+ve, aadharNumber=435431436644, fatherName=Xyz, motherName=Xyz, emailId=indraneel316@gmail.com, phoneNumber=9940596250, sslc=80.0, hsc=80.0, ug=8.0, role=1, gender=male, emergencyContactName=Nithish, emergencyContactRelation=Friend, emergencyContactPhoneNumber=9869546453, password=null, createdAt=2021-08-20 19:02:40.0, currentStatus=COMPLETED, rejectReason=null, addressList=[Address(addressId=516, employeeCode=LIS11, type=Present, flatName=No 8, streetName=Hitler Street, area=Realmadrid, state=Albacete, country=Spain, city=Centue, pinCode=600324, mapCoordinates=454345435354 E), Address(addressId=517, employeeCode=LIS11, type=Permanent, flatName=No 9, streetName=Abc Street, area=Qwerty, state=Cordoba, country=Argentina, city=Alberta, pinCode=555555, mapCoordinates=454345435354 E)]) 87468841-1ad1-41c7-b3a3-d6e4a94ee4b9
2021-08-24 13:05:25 [http-nio-9192-exec-10] INFO  c.l.e.controller.EmployeeController -
                fetching details for id 514 07ed6ad5-2ee4-40b8-99c1-1244ae06364d 
2021-08-24 13:05:25 [http-nio-9192-exec-10] INFO  c.l.e.s.EmployeeDemographicsService -
                Employee Object returned EmployeeDemographics(employeeId=514, employeeCode=LIS11, firstName=Indraneel, lastName=Suribhotla, dob=2021-08-10, bloodGroup=B+ve, aadharNumber=435431436644, fatherName=Xyz, motherName=Xyz, emailId=indraneel316@gmail.com, phoneNumber=9940596250, sslc=80.0, hsc=80.0, ug=8.0, role=1, gender=male, emergencyContactName=Nithish, emergencyContactRelation=Friend, emergencyContactPhoneNumber=9869546453, password=null, createdAt=2021-08-20 19:02:40.0, currentStatus=COMPLETED, rejectReason=null, addressList=[Address(addressId=516, employeeCode=LIS11, type=Present, flatName=No 8, streetName=Hitler Street, area=Realmadrid, state=Albacete, country=Spain, city=Centue, pinCode=600324, mapCoordinates=454345435354 E), Address(addressId=517, employeeCode=LIS11, type=Permanent, flatName=No 9, streetName=Abc Street, area=Qwerty, state=Cordoba, country=Argentina, city=Alberta, pinCode=555555, mapCoordinates=454345435354 E)]) 07ed6ad5-2ee4-40b8-99c1-1244ae06364d
2021-08-24 13:07:44 [http-nio-9192-exec-2] INFO  c.l.e.service.LoginService -
                login details returned[514, 1, COMPLETED, updated user]4f15920b-9004-418b-8235-a1af2d5d07ed
2021-08-24 13:07:44 [http-nio-9192-exec-3] INFO  c.l.e.controller.EmployeeController -
                fetching details for id 514 52b444a3-ecf7-4118-b85b-3f1096a0db37 
2021-08-24 13:07:44 [http-nio-9192-exec-3] INFO  c.l.e.s.EmployeeDemographicsService -
                Employee Object returned EmployeeDemographics(employeeId=514, employeeCode=LIS11, firstName=Indraneel, lastName=Suribhotla, dob=2021-08-10, bloodGroup=B+ve, aadharNumber=435431436644, fatherName=Xyz, motherName=Xyz, emailId=indraneel316@gmail.com, phoneNumber=9940596250, sslc=80.0, hsc=80.0, ug=8.0, role=1, gender=male, emergencyContactName=Nithish, emergencyContactRelation=Friend, emergencyContactPhoneNumber=9869546453, password=null, createdAt=2021-08-20 19:02:40.0, currentStatus=COMPLETED, rejectReason=null, addressList=[Address(addressId=516, employeeCode=LIS11, type=Present, flatName=No 8, streetName=Hitler Street, area=Realmadrid, state=Albacete, country=Spain, city=Centue, pinCode=600324, mapCoordinates=454345435354 E), Address(addressId=517, employeeCode=LIS11, type=Permanent, flatName=No 9, streetName=Abc Street, area=Qwerty, state=Cordoba, country=Argentina, city=Alberta, pinCode=555555, mapCoordinates=454345435354 E)]) 52b444a3-ecf7-4118-b85b-3f1096a0db37
2021-08-24 13:07:44 [http-nio-9192-exec-5] INFO  c.l.e.controller.EmployeeController -
                fetching details for id 514 4cf6a49f-32a3-4e7c-b67d-a96576fb23c5 
2021-08-24 13:07:44 [http-nio-9192-exec-5] INFO  c.l.e.s.EmployeeDemographicsService -
                Employee Object returned EmployeeDemographics(employeeId=514, employeeCode=LIS11, firstName=Indraneel, lastName=Suribhotla, dob=2021-08-10, bloodGroup=B+ve, aadharNumber=435431436644, fatherName=Xyz, motherName=Xyz, emailId=indraneel316@gmail.com, phoneNumber=9940596250, sslc=80.0, hsc=80.0, ug=8.0, role=1, gender=male, emergencyContactName=Nithish, emergencyContactRelation=Friend, emergencyContactPhoneNumber=9869546453, password=null, createdAt=2021-08-20 19:02:40.0, currentStatus=COMPLETED, rejectReason=null, addressList=[Address(addressId=516, employeeCode=LIS11, type=Present, flatName=No 8, streetName=Hitler Street, area=Realmadrid, state=Albacete, country=Spain, city=Centue, pinCode=600324, mapCoordinates=454345435354 E), Address(addressId=517, employeeCode=LIS11, type=Permanent, flatName=No 9, streetName=Abc Street, area=Qwerty, state=Cordoba, country=Argentina, city=Alberta, pinCode=555555, mapCoordinates=454345435354 E)]) 4cf6a49f-32a3-4e7c-b67d-a96576fb23c5
2021-08-24 13:09:08 [http-nio-9192-exec-7] ERROR c.l.e.service.LoginService -
                Employee With email id sh@gmail.com cant be accessed 599f7988-f99d-4245-b49b-c8b492a6744f
2021-08-24 13:09:21 [http-nio-9192-exec-6] INFO  c.l.e.service.LoginService -
                login details returned[518, 1, INCOMPLETE, new user]f5a7047a-76f8-42a1-beb8-b055490a6685
2021-08-24 13:12:00 [http-nio-9192-exec-9] INFO  c.l.e.service.LoginService -
                login details returned[514, 1, COMPLETED, updated user]0f420fe8-4688-41d8-a64c-5a0809633aef
2021-08-24 13:12:00 [http-nio-9192-exec-10] INFO  c.l.e.controller.EmployeeController -
                fetching details for id 514 f93b1859-b621-4f92-ab20-2010dd2ba7e0 
2021-08-24 13:12:00 [http-nio-9192-exec-10] INFO  c.l.e.s.EmployeeDemographicsService -
                Employee Object returned EmployeeDemographics(employeeId=514, employeeCode=LIS11, firstName=Indraneel, lastName=Suribhotla, dob=2021-08-10, bloodGroup=B+ve, aadharNumber=435431436644, fatherName=Xyz, motherName=Xyz, emailId=indraneel316@gmail.com, phoneNumber=9940596250, sslc=80.0, hsc=80.0, ug=8.0, role=1, gender=male, emergencyContactName=Nithish, emergencyContactRelation=Friend, emergencyContactPhoneNumber=9869546453, password=null, createdAt=2021-08-20 19:02:40.0, currentStatus=COMPLETED, rejectReason=null, addressList=[Address(addressId=516, employeeCode=LIS11, type=Present, flatName=No 8, streetName=Hitler Street, area=Realmadrid, state=Albacete, country=Spain, city=Centue, pinCode=600324, mapCoordinates=454345435354 E), Address(addressId=517, employeeCode=LIS11, type=Permanent, flatName=No 9, streetName=Abc Street, area=Qwerty, state=Cordoba, country=Argentina, city=Alberta, pinCode=555555, mapCoordinates=454345435354 E)]) f93b1859-b621-4f92-ab20-2010dd2ba7e0
2021-08-24 13:12:00 [http-nio-9192-exec-1] INFO  c.l.e.controller.EmployeeController -
                fetching details for id 514 7b19dc36-6894-4801-850a-255b36431d9e 
2021-08-24 13:12:00 [http-nio-9192-exec-1] INFO  c.l.e.s.EmployeeDemographicsService -
                Employee Object returned EmployeeDemographics(employeeId=514, employeeCode=LIS11, firstName=Indraneel, lastName=Suribhotla, dob=2021-08-10, bloodGroup=B+ve, aadharNumber=435431436644, fatherName=Xyz, motherName=Xyz, emailId=indraneel316@gmail.com, phoneNumber=9940596250, sslc=80.0, hsc=80.0, ug=8.0, role=1, gender=male, emergencyContactName=Nithish, emergencyContactRelation=Friend, emergencyContactPhoneNumber=9869546453, password=null, createdAt=2021-08-20 19:02:40.0, currentStatus=COMPLETED, rejectReason=null, addressList=[Address(addressId=516, employeeCode=LIS11, type=Present, flatName=No 8, streetName=Hitler Street, area=Realmadrid, state=Albacete, country=Spain, city=Centue, pinCode=600324, mapCoordinates=454345435354 E), Address(addressId=517, employeeCode=LIS11, type=Permanent, flatName=No 9, streetName=Abc Street, area=Qwerty, state=Cordoba, country=Argentina, city=Alberta, pinCode=555555, mapCoordinates=454345435354 E)]) 7b19dc36-6894-4801-850a-255b36431d9e
2021-08-24 13:13:45 [http-nio-9192-exec-3] INFO  c.l.e.service.LoginService -
                login details returned[514, 1, COMPLETED, updated user]974fbe99-19ee-44d2-a2d4-063f545e3bad
2021-08-24 13:13:45 [http-nio-9192-exec-5] INFO  c.l.e.controller.EmployeeController -
                fetching details for id 514 bb82c490-fbcc-4dcd-8bee-b973656f54ca 
2021-08-24 13:13:45 [http-nio-9192-exec-5] INFO  c.l.e.s.EmployeeDemographicsService -
                Employee Object returned EmployeeDemographics(employeeId=514, employeeCode=LIS11, firstName=Indraneel, lastName=Suribhotla, dob=2021-08-10, bloodGroup=B+ve, aadharNumber=435431436644, fatherName=Xyz, motherName=Xyz, emailId=indraneel316@gmail.com, phoneNumber=9940596250, sslc=80.0, hsc=80.0, ug=8.0, role=1, gender=male, emergencyContactName=Nithish, emergencyContactRelation=Friend, emergencyContactPhoneNumber=9869546453, password=null, createdAt=2021-08-20 19:02:40.0, currentStatus=COMPLETED, rejectReason=null, addressList=[Address(addressId=516, employeeCode=LIS11, type=Present, flatName=No 8, streetName=Hitler Street, area=Realmadrid, state=Albacete, country=Spain, city=Centue, pinCode=600324, mapCoordinates=454345435354 E), Address(addressId=517, employeeCode=LIS11, type=Permanent, flatName=No 9, streetName=Abc Street, area=Qwerty, state=Cordoba, country=Argentina, city=Alberta, pinCode=555555, mapCoordinates=454345435354 E)]) bb82c490-fbcc-4dcd-8bee-b973656f54ca
2021-08-24 13:13:45 [http-nio-9192-exec-4] INFO  c.l.e.controller.EmployeeController -
                fetching details for id 514 d137add7-86b8-447f-90cb-964df67321b0 
2021-08-24 13:13:45 [http-nio-9192-exec-4] INFO  c.l.e.s.EmployeeDemographicsService -
                Employee Object returned EmployeeDemographics(employeeId=514, employeeCode=LIS11, firstName=Indraneel, lastName=Suribhotla, dob=2021-08-10, bloodGroup=B+ve, aadharNumber=435431436644, fatherName=Xyz, motherName=Xyz, emailId=indraneel316@gmail.com, phoneNumber=9940596250, sslc=80.0, hsc=80.0, ug=8.0, role=1, gender=male, emergencyContactName=Nithish, emergencyContactRelation=Friend, emergencyContactPhoneNumber=9869546453, password=null, createdAt=2021-08-20 19:02:40.0, currentStatus=COMPLETED, rejectReason=null, addressList=[Address(addressId=516, employeeCode=LIS11, type=Present, flatName=No 8, streetName=Hitler Street, area=Realmadrid, state=Albacete, country=Spain, city=Centue, pinCode=600324, mapCoordinates=454345435354 E), Address(addressId=517, employeeCode=LIS11, type=Permanent, flatName=No 9, streetName=Abc Street, area=Qwerty, state=Cordoba, country=Argentina, city=Alberta, pinCode=555555, mapCoordinates=454345435354 E)]) d137add7-86b8-447f-90cb-964df67321b0
2021-08-24 14:32:52 [http-nio-9192-exec-6] INFO  c.l.e.controller.EmployeeController -
                fetching details for id 514 1235fb93-5528-443a-b2f9-aca8980773d3 
2021-08-24 14:32:52 [http-nio-9192-exec-6] INFO  c.l.e.s.EmployeeDemographicsService -
                Employee Object returned EmployeeDemographics(employeeId=514, employeeCode=LIS11, firstName=Indraneel, lastName=Suribhotla, dob=2021-08-10, bloodGroup=B+ve, aadharNumber=435431436644, fatherName=Xyz, motherName=Xyz, emailId=indraneel316@gmail.com, phoneNumber=9940596250, sslc=80.0, hsc=80.0, ug=8.0, role=1, gender=male, emergencyContactName=Nithish, emergencyContactRelation=Friend, emergencyContactPhoneNumber=9869546453, password=null, createdAt=2021-08-20 19:02:40.0, currentStatus=COMPLETED, rejectReason=null, addressList=[Address(addressId=516, employeeCode=LIS11, type=Present, flatName=No 8, streetName=Hitler Street, area=Realmadrid, state=Albacete, country=Spain, city=Centue, pinCode=600324, mapCoordinates=454345435354 E), Address(addressId=517, employeeCode=LIS11, type=Permanent, flatName=No 9, streetName=Abc Street, area=Qwerty, state=Cordoba, country=Argentina, city=Alberta, pinCode=555555, mapCoordinates=454345435354 E)]) 1235fb93-5528-443a-b2f9-aca8980773d3
2021-08-24 14:32:53 [http-nio-9192-exec-8] INFO  c.l.e.controller.EmployeeController -
                fetching details for id 514 3bd49ebd-ba70-432c-875a-50c104f65125 
2021-08-24 14:32:53 [http-nio-9192-exec-8] INFO  c.l.e.s.EmployeeDemographicsService -
                Employee Object returned EmployeeDemographics(employeeId=514, employeeCode=LIS11, firstName=Indraneel, lastName=Suribhotla, dob=2021-08-10, bloodGroup=B+ve, aadharNumber=435431436644, fatherName=Xyz, motherName=Xyz, emailId=indraneel316@gmail.com, phoneNumber=9940596250, sslc=80.0, hsc=80.0, ug=8.0, role=1, gender=male, emergencyContactName=Nithish, emergencyContactRelation=Friend, emergencyContactPhoneNumber=9869546453, password=null, createdAt=2021-08-20 19:02:40.0, currentStatus=COMPLETED, rejectReason=null, addressList=[Address(addressId=516, employeeCode=LIS11, type=Present, flatName=No 8, streetName=Hitler Street, area=Realmadrid, state=Albacete, country=Spain, city=Centue, pinCode=600324, mapCoordinates=454345435354 E), Address(addressId=517, employeeCode=LIS11, type=Permanent, flatName=No 9, streetName=Abc Street, area=Qwerty, state=Cordoba, country=Argentina, city=Alberta, pinCode=555555, mapCoordinates=454345435354 E)]) 3bd49ebd-ba70-432c-875a-50c104f65125
