2021-08-11 11:28:32 [main] INFO  c.l.e.OnboardingApplication -
                Starting OnboardingApplication using Java 1.8.0_291 on LT-NB-163 with PID 12448 (C:\Users\indraneel.suribhotla\Desktop\Employee Onboarding - Copy\target\classes started by indraneel.suribhotla in C:\Users\indraneel.suribhotla\Desktop\Employee Onboarding - Copy)
2021-08-11 11:28:32 [main] DEBUG c.l.e.OnboardingApplication -
                Running with Spring Boot v2.5.3, Spring v5.3.9
2021-08-11 11:28:32 [main] INFO  c.l.e.OnboardingApplication -
                No active profile set, falling back to default profiles: default
2021-08-11 11:28:41 [main] INFO  c.l.e.OnboardingApplication -
                Started OnboardingApplication in 9.867 seconds (JVM running for 10.766)
2021-08-11 11:28:49 [http-nio-9192-exec-2] DEBUG c.l.e.OnboardingApplication -
                Request ID 278
2021-08-11 11:28:49 [http-nio-9192-exec-2] DEBUG c.l.e.OnboardingApplication -
                Request Body EmployeeDemographicsVo(employeeId=0, employeeCode=null, firstName=fsdfdsfsdf, lastName=gksdfsd, dob=30/03/2000, bloodGroup=tyryty, aadharNumber=324254653, fatherName=dgfg, motherName=tertre, emailId=msd123@gmail.com , phoneNumber=857315475, sslc=7.0, hsc=7.0, ug=7.0, role=Software Engineer, gender=male, emergencyContactName=kgret, emergencyContactRelation=jsfdds, emergencyContactPhoneNumber=94835871, password=gfhgf, currentStatus=Incomplete, rejectReason=fdsf, addressList=[Address(addressId=0, employeeCode=null, type=null, flatName=ABC flats, streetName=XYZ street, area=Perungudi, state=TamilNadu, country=India, city=Chennai, pinCode=600213, mapCoordinates=15°N, 30°E.), Address(addressId=0, employeeCode=null, type=null, flatName=ABC flats, streetName=XYZ street, area=Perungudi, state=TamilNadu, country=India, city=Chennai, pinCode=600213, mapCoordinates=15°N, 30°E.)], action=Submit)
2021-08-11 11:29:33 [http-nio-9192-exec-3] DEBUG c.l.e.OnboardingApplication -
                Request ID 27824
2021-08-11 11:29:33 [http-nio-9192-exec-3] DEBUG c.l.e.OnboardingApplication -
                Request Body EmployeeDemographicsVo(employeeId=0, employeeCode=null, firstName=fsdfdsfsdf, lastName=gksdfsd, dob=30/03/2000, bloodGroup=tyryty, aadharNumber=324254653, fatherName=dgfg, motherName=tertre, emailId=msd123@gmail.com , phoneNumber=857315475, sslc=7.0, hsc=7.0, ug=7.0, role=Software Engineer, gender=male, emergencyContactName=kgret, emergencyContactRelation=jsfdds, emergencyContactPhoneNumber=94835871, password=gfhgf, currentStatus=Incomplete, rejectReason=fdsf, addressList=[Address(addressId=0, employeeCode=null, type=null, flatName=ABC flats, streetName=XYZ street, area=Perungudi, state=TamilNadu, country=India, city=Chennai, pinCode=600213, mapCoordinates=15°N, 30°E.), Address(addressId=0, employeeCode=null, type=null, flatName=ABC flats, streetName=XYZ street, area=Perungudi, state=TamilNadu, country=India, city=Chennai, pinCode=600213, mapCoordinates=15°N, 30°E.)], action=Submit)
2021-08-11 11:32:05 [main] INFO  c.l.e.OnboardingApplication -
                Starting OnboardingApplication using Java 1.8.0_291 on LT-NB-163 with PID 15032 (C:\Users\indraneel.suribhotla\Desktop\Employee Onboarding - Copy\target\classes started by indraneel.suribhotla in C:\Users\indraneel.suribhotla\Desktop\Employee Onboarding - Copy)
2021-08-11 11:32:05 [main] DEBUG c.l.e.OnboardingApplication -
                Running with Spring Boot v2.5.3, Spring v5.3.9
2021-08-11 11:32:05 [main] INFO  c.l.e.OnboardingApplication -
                No active profile set, falling back to default profiles: default
2021-08-11 11:32:12 [main] INFO  c.l.e.OnboardingApplication -
                Started OnboardingApplication in 8.375 seconds (JVM running for 9.23)
2021-08-11 11:32:28 [http-nio-9192-exec-2] DEBUG c.l.e.OnboardingApplication -
                Request ID 27824
2021-08-11 11:32:28 [http-nio-9192-exec-2] DEBUG c.l.e.OnboardingApplication -
                Request Body EmployeeDemographicsVo(employeeId=0, employeeCode=null, firstName=fsdfdsfsdf, lastName=gksdfsd, dob=30/03/2000, bloodGroup=tyryty, aadharNumber=324254653, fatherName=dgfg, motherName=tertre, emailId=msd123@gmail.com , phoneNumber=857315475, sslc=7.0, hsc=7.0, ug=7.0, role=Software Engineer, gender=male, emergencyContactName=kgret, emergencyContactRelation=jsfdds, emergencyContactPhoneNumber=94835871, password=gfhgf, currentStatus=Incomplete, rejectReason=fdsf, addressList=[Address(addressId=0, employeeCode=null, type=null, flatName=ABC flats, streetName=XYZ street, area=Perungudi, state=TamilNadu, country=India, city=Chennai, pinCode=600213, mapCoordinates=15°N, 30°E.), Address(addressId=0, employeeCode=null, type=null, flatName=ABC flats, streetName=XYZ street, area=Perungudi, state=TamilNadu, country=India, city=Chennai, pinCode=600213, mapCoordinates=15°N, 30°E.)], action=Submit)
2021-08-11 11:32:29 [http-nio-9192-exec-2] ERROR c.l.e.s.EmployeeDemographicsService -
                Error : Employee with ID 27824 is invalid
2021-08-11 12:10:22 [main] INFO  c.l.e.OnboardingApplication -
                Starting OnboardingApplication using Java 1.8.0_291 on LT-NB-163 with PID 22624 (C:\Users\indraneel.suribhotla\Desktop\Employee Onboarding - Copy\target\classes started by indraneel.suribhotla in C:\Users\indraneel.suribhotla\Desktop\Employee Onboarding - Copy)
2021-08-11 12:10:22 [main] DEBUG c.l.e.OnboardingApplication -
                Running with Spring Boot v2.5.3, Spring v5.3.9
2021-08-11 12:10:22 [main] INFO  c.l.e.OnboardingApplication -
                No active profile set, falling back to default profiles: default
2021-08-11 12:10:28 [main] INFO  c.l.e.OnboardingApplication -
                Started OnboardingApplication in 7.255 seconds (JVM running for 8.11)
2021-08-11 12:10:42 [http-nio-9192-exec-2] DEBUG c.l.e.service.HrService -
                Employees Data Fetched
2021-08-11 12:10:42 [http-nio-9192-exec-2] DEBUG c.l.e.service.HrService -
                Employees Data Fetched
2021-08-11 12:10:42 [http-nio-9192-exec-2] DEBUG c.l.e.service.HrService -
                Role ID Retrieved1
2021-08-11 12:10:42 [http-nio-9192-exec-2] DEBUG c.l.e.service.HrService -
                Employee Demographics Saved in Repository 
2021-08-11 12:10:42 [http-nio-9192-exec-2] DEBUG c.l.e.service.HrService -
                User SavedUser(sno=287, emailId=indraneel3116@gmail.com, password=Abc1235@fd, roleId=1, userId=EmployeeDemographics(employeeId=286, employeeCode=LIS280, firstName=Neel, lastName=Neel, dob=null, bloodGroup=null, aadharNumber=null, fatherName=null, motherName=null, emailId=indraneel3116@gmail.com, phoneNumber=null, sslc=null, hsc=null, ug=null, role=Software Engineer, gender=null, emergencyContactName=null, emergencyContactRelation=null, emergencyContactPhoneNumber=null, password=null, createdAt=2021-08-11 12:10:42.919, currentStatus=INCOMPLETE, rejectReason=null, addressList=null))
2021-08-11 12:26:57 [main] INFO  c.l.e.OnboardingApplication -
                Starting OnboardingApplication using Java 1.8.0_291 on LT-NB-163 with PID 128 (C:\Users\indraneel.suribhotla\Desktop\Employee Onboarding - Copy\target\classes started by indraneel.suribhotla in C:\Users\indraneel.suribhotla\Desktop\Employee Onboarding - Copy)
2021-08-11 12:26:57 [main] DEBUG c.l.e.OnboardingApplication -
                Running with Spring Boot v2.5.3, Spring v5.3.9
2021-08-11 12:26:57 [main] INFO  c.l.e.OnboardingApplication -
                No active profile set, falling back to default profiles: default
2021-08-11 12:27:07 [main] INFO  c.l.e.OnboardingApplication -
                Started OnboardingApplication in 9.937 seconds (JVM running for 11.116)
2021-08-11 12:27:39 [main] INFO  c.l.e.OnboardingApplication -
                Starting OnboardingApplication using Java 1.8.0_291 on LT-NB-163 with PID 22144 (C:\Users\indraneel.suribhotla\Desktop\Employee Onboarding - Copy\target\classes started by indraneel.suribhotla in C:\Users\indraneel.suribhotla\Desktop\Employee Onboarding - Copy)
2021-08-11 12:27:39 [main] DEBUG c.l.e.OnboardingApplication -
                Running with Spring Boot v2.5.3, Spring v5.3.9
2021-08-11 12:27:39 [main] INFO  c.l.e.OnboardingApplication -
                No active profile set, falling back to default profiles: default
2021-08-11 12:27:47 [main] INFO  c.l.e.OnboardingApplication -
                Started OnboardingApplication in 8.105 seconds (JVM running for 8.962)
2021-08-11 12:27:55 [http-nio-9192-exec-1] ERROR c.l.e.service.LoginService -
                Employee With email id null cant be accessed
2021-08-11 12:28:50 [main] INFO  c.l.e.OnboardingApplication -
                Starting OnboardingApplication using Java 1.8.0_291 on LT-NB-163 with PID 12688 (C:\Users\indraneel.suribhotla\Desktop\Employee Onboarding - Copy\target\classes started by indraneel.suribhotla in C:\Users\indraneel.suribhotla\Desktop\Employee Onboarding - Copy)
2021-08-11 12:28:50 [main] DEBUG c.l.e.OnboardingApplication -
                Running with Spring Boot v2.5.3, Spring v5.3.9
2021-08-11 12:28:50 [main] INFO  c.l.e.OnboardingApplication -
                No active profile set, falling back to default profiles: default
2021-08-11 12:28:57 [main] INFO  c.l.e.OnboardingApplication -
                Started OnboardingApplication in 7.846 seconds (JVM running for 8.816)
2021-08-11 12:29:11 [http-nio-9192-exec-1] DEBUG c.l.e.service.HrService -
                Employees Data Fetched
2021-08-11 12:29:11 [http-nio-9192-exec-1] DEBUG c.l.e.service.HrService -
                Employees Data Fetched
2021-08-11 12:29:11 [http-nio-9192-exec-1] DEBUG c.l.e.service.HrService -
                Role ID Retrieved1
2021-08-11 12:29:11 [http-nio-9192-exec-1] DEBUG c.l.e.service.HrService -
                Employee Demographics Saved in Repository 
2021-08-11 12:29:12 [http-nio-9192-exec-1] DEBUG c.l.e.service.HrService -
                User SavedUser(sno=289, emailId=indraneel316@gmail.com, password=Abc1235@fd, roleId=1, userId=EmployeeDemographics(employeeId=288, employeeCode=LIS1, firstName=Neel, lastName=Neel, dob=null, bloodGroup=null, aadharNumber=null, fatherName=null, motherName=null, emailId=indraneel316@gmail.com, phoneNumber=null, sslc=null, hsc=null, ug=null, role=Software Engineer, gender=null, emergencyContactName=null, emergencyContactRelation=null, emergencyContactPhoneNumber=null, password=null, createdAt=2021-08-11 12:29:11.976, currentStatus=INCOMPLETE, rejectReason=null, addressList=null))
2021-08-11 12:29:18 [http-nio-9192-exec-3] DEBUG c.l.e.service.LoginService -
                login details returned[288, 1, INCOMPLETE]
2021-08-11 12:29:33 [http-nio-9192-exec-4] ERROR c.l.e.service.LoginService -
                Employee With email id null cant be accessed
2021-08-11 12:32:41 [http-nio-9192-exec-6] DEBUG c.l.e.service.LoginService -
                login details returned[288, 1, INCOMPLETE]
2021-08-11 12:33:02 [http-nio-9192-exec-8] DEBUG c.l.e.service.LoginService -
                login details returned[288, 1, INCOMPLETE]
2021-08-11 12:33:06 [http-nio-9192-exec-9] ERROR c.l.e.service.LoginService -
                Employee With email id indraneel316@gmail.com cant be accessed
2021-08-11 12:33:22 [http-nio-9192-exec-10] DEBUG c.l.e.service.LoginService -
                login details returned[288, 1, INCOMPLETE]
2021-08-11 12:36:01 [http-nio-9192-exec-1] DEBUG c.l.e.service.LoginService -
                login details returned[288, 1, INCOMPLETE]
2021-08-11 12:37:46 [http-nio-9192-exec-4] DEBUG c.l.e.service.LoginService -
                login details returned[288, 1, INCOMPLETE]
2021-08-11 12:39:25 [http-nio-9192-exec-6] DEBUG c.l.e.service.LoginService -
                login details returned[288, 1, INCOMPLETE]
2021-08-11 12:41:41 [http-nio-9192-exec-8] DEBUG c.l.e.service.LoginService -
                login details returned[288, 1, INCOMPLETE]
2021-08-11 12:41:48 [http-nio-9192-exec-10] DEBUG c.l.e.service.LoginService -
                login details returned[288, 1, INCOMPLETE]
2021-08-11 12:42:45 [http-nio-9192-exec-1] DEBUG c.l.e.service.LoginService -
                login details returned[288, 1, INCOMPLETE]
2021-08-11 13:02:28 [http-nio-9192-exec-5] DEBUG c.l.e.service.LoginService -
                login details returned[288, 1, INCOMPLETE]
2021-08-11 13:14:54 [http-nio-9192-exec-8] DEBUG c.l.e.service.HrService -
                Employees Data Fetched
2021-08-11 13:14:54 [http-nio-9192-exec-8] DEBUG c.l.e.service.HrService -
                Employees Data Fetched
2021-08-11 13:14:54 [http-nio-9192-exec-8] DEBUG c.l.e.service.HrService -
                Role ID Retrieved3
2021-08-11 13:14:54 [http-nio-9192-exec-8] DEBUG c.l.e.service.HrService -
                Employee Demographics Saved in Repository 
2021-08-11 13:14:54 [http-nio-9192-exec-8] DEBUG c.l.e.service.HrService -
                User SavedUser(sno=291, emailId=indraneel3161@gmail.com, password=Abc1235@fd, roleId=3, userId=EmployeeDemographics(employeeId=290, employeeCode=LIS290, firstName=Neel, lastName=Neel, dob=null, bloodGroup=null, aadharNumber=null, fatherName=null, motherName=null, emailId=indraneel3161@gmail.com, phoneNumber=null, sslc=null, hsc=null, ug=null, role=HR, gender=null, emergencyContactName=null, emergencyContactRelation=null, emergencyContactPhoneNumber=null, password=null, createdAt=2021-08-11 13:14:54.232, currentStatus=INCOMPLETE, rejectReason=null, addressList=null))
2021-08-11 13:15:04 [http-nio-9192-exec-9] DEBUG c.l.e.service.LoginService -
                login details returned[290, 3, INCOMPLETE]
2021-08-11 13:16:10 [http-nio-9192-exec-2] DEBUG c.l.e.service.LoginService -
                login details returned[290, 3, INCOMPLETE]
2021-08-11 14:05:46 [main] INFO  c.l.e.OnboardingApplication -
                Starting OnboardingApplication using Java 1.8.0_291 on LT-NB-163 with PID 23008 (C:\Users\indraneel.suribhotla\Desktop\Employee Onboarding - Copy\target\classes started by indraneel.suribhotla in C:\Users\indraneel.suribhotla\Desktop\Employee Onboarding - Copy)
2021-08-11 14:05:46 [main] DEBUG c.l.e.OnboardingApplication -
                Running with Spring Boot v2.5.3, Spring v5.3.9
2021-08-11 14:05:46 [main] INFO  c.l.e.OnboardingApplication -
                No active profile set, falling back to default profiles: default
2021-08-11 14:05:55 [main] INFO  c.l.e.OnboardingApplication -
                Started OnboardingApplication in 9.475 seconds (JVM running for 10.374)
2021-08-11 14:07:47 [http-nio-9192-exec-1] DEBUG c.l.e.service.HrService -
                Getting all roles from database
2021-08-11 14:20:00 [main] INFO  c.l.e.OnboardingApplication -
                Starting OnboardingApplication using Java 1.8.0_291 on LT-NB-163 with PID 20560 (C:\Users\indraneel.suribhotla\Desktop\Employee Onboarding - Copy\target\classes started by indraneel.suribhotla in C:\Users\indraneel.suribhotla\Desktop\Employee Onboarding - Copy)
2021-08-11 14:20:00 [main] DEBUG c.l.e.OnboardingApplication -
                Running with Spring Boot v2.5.3, Spring v5.3.9
2021-08-11 14:20:00 [main] INFO  c.l.e.OnboardingApplication -
                No active profile set, falling back to default profiles: default
2021-08-11 14:20:09 [main] INFO  c.l.e.OnboardingApplication -
                Started OnboardingApplication in 10.306 seconds (JVM running for 11.458)
2021-08-11 14:22:13 [http-nio-9192-exec-4] DEBUG c.l.e.service.HrService -
                Employees Data Fetched
2021-08-11 14:23:21 [http-nio-9192-exec-5] DEBUG c.l.e.service.HrService -
                Employees Data Fetched
2021-08-11 14:27:07 [main] INFO  c.l.e.OnboardingApplication -
                Starting OnboardingApplication using Java 1.8.0_291 on LT-NB-163 with PID 11492 (C:\Users\indraneel.suribhotla\Desktop\Employee Onboarding - Copy\target\classes started by indraneel.suribhotla in C:\Users\indraneel.suribhotla\Desktop\Employee Onboarding - Copy)
2021-08-11 14:27:07 [main] DEBUG c.l.e.OnboardingApplication -
                Running with Spring Boot v2.5.3, Spring v5.3.9
2021-08-11 14:27:07 [main] INFO  c.l.e.OnboardingApplication -
                No active profile set, falling back to default profiles: default
2021-08-11 14:27:18 [main] INFO  c.l.e.OnboardingApplication -
                Started OnboardingApplication in 11.795 seconds (JVM running for 13.111)
2021-08-11 14:27:19 [http-nio-9192-exec-1] DEBUG c.l.e.service.HrService -
                Employees Data Fetched
2021-08-11 14:27:19 [http-nio-9192-exec-1] DEBUG c.l.e.service.HrService -
                Employees Data Fetched
2021-08-11 14:27:20 [http-nio-9192-exec-1] DEBUG c.l.e.service.HrService -
                Employee Demographics Saved in Repository 
2021-08-11 14:27:20 [http-nio-9192-exec-1] DEBUG c.l.e.service.HrService -
                User SavedUser(sno=293, emailId=indraneel3162@gmail.com, password=Abc1235@fd, roleId=1, userId=EmployeeDemographics(employeeId=292, employeeCode=LIS1, firstName=Neel, lastName=Neel, dob=null, bloodGroup=null, aadharNumber=null, fatherName=null, motherName=null, emailId=indraneel3162@gmail.com, phoneNumber=null, sslc=null, hsc=null, ug=null, role=1, gender=null, emergencyContactName=null, emergencyContactRelation=null, emergencyContactPhoneNumber=null, password=null, createdAt=2021-08-11 14:27:20.169, currentStatus=INCOMPLETE, rejectReason=null, addressList=null))
2021-08-11 14:27:42 [http-nio-9192-exec-2] DEBUG c.l.e.service.LoginService -
                login details returned[292, 1, INCOMPLETE]
2021-08-11 14:28:31 [http-nio-9192-exec-4] DEBUG c.l.e.service.LoginService -
                login details returned[292, 1, INCOMPLETE]
2021-08-11 14:28:33 [http-nio-9192-exec-7] DEBUG c.l.e.service.LoginService -
                login details returned[292, 1, INCOMPLETE]
2021-08-11 14:28:34 [http-nio-9192-exec-8] DEBUG c.l.e.service.LoginService -
                login details returned[292, 1, INCOMPLETE]
2021-08-11 14:28:47 [http-nio-9192-exec-6] DEBUG c.l.e.service.LoginService -
                login details returned[292, 1, INCOMPLETE]
2021-08-11 14:30:18 [http-nio-9192-exec-10] DEBUG c.l.e.service.LoginService -
                login details returned[292, 1, INCOMPLETE]
2021-08-11 14:30:40 [http-nio-9192-exec-3] DEBUG c.l.e.service.HrService -
                Employees Data Fetched
2021-08-11 14:30:40 [http-nio-9192-exec-3] DEBUG c.l.e.service.HrService -
                Employees Data Fetched
2021-08-11 14:30:40 [http-nio-9192-exec-3] DEBUG c.l.e.service.HrService -
                Employee Demographics Saved in Repository 
2021-08-11 14:30:40 [http-nio-9192-exec-3] DEBUG c.l.e.service.HrService -
                User SavedUser(sno=295, emailId=indraneel3163@gmail.com, password=Abc1235@fd, roleId=3, userId=EmployeeDemographics(employeeId=294, employeeCode=LIS294, firstName=Neel, lastName=Neel, dob=null, bloodGroup=null, aadharNumber=null, fatherName=null, motherName=null, emailId=indraneel3163@gmail.com, phoneNumber=null, sslc=null, hsc=null, ug=null, role=3, gender=null, emergencyContactName=null, emergencyContactRelation=null, emergencyContactPhoneNumber=null, password=null, createdAt=2021-08-11 14:30:40.721, currentStatus=INCOMPLETE, rejectReason=null, addressList=null))
2021-08-11 14:30:59 [http-nio-9192-exec-4] DEBUG c.l.e.service.LoginService -
                login details returned[294, 3, INCOMPLETE]
2021-08-11 14:31:23 [http-nio-9192-exec-7] DEBUG c.l.e.service.LoginService -
                login details returned[294, 3, INCOMPLETE]
2021-08-11 14:31:54 [http-nio-9192-exec-5] DEBUG c.l.e.service.LoginService -
                login details returned[294, 3, INCOMPLETE]
2021-08-11 14:32:13 [http-nio-9192-exec-10] DEBUG c.l.e.service.LoginService -
                login details returned[294, 3, INCOMPLETE]
2021-08-11 14:32:16 [http-nio-9192-exec-2] DEBUG c.l.e.service.HrService -
                Getting all roles from database
2021-08-11 14:34:06 [http-nio-9192-exec-4] DEBUG c.l.e.service.HrService -
                Getting all roles from database
2021-08-11 14:36:00 [main] INFO  c.l.e.OnboardingApplication -
                Starting OnboardingApplication using Java 1.8.0_291 on LT-NB-163 with PID 3772 (C:\Users\indraneel.suribhotla\Desktop\Employee Onboarding - Copy\target\classes started by indraneel.suribhotla in C:\Users\indraneel.suribhotla\Desktop\Employee Onboarding - Copy)
2021-08-11 14:36:00 [main] DEBUG c.l.e.OnboardingApplication -
                Running with Spring Boot v2.5.3, Spring v5.3.9
2021-08-11 14:36:00 [main] INFO  c.l.e.OnboardingApplication -
                No active profile set, falling back to default profiles: default
2021-08-11 14:36:10 [main] INFO  c.l.e.OnboardingApplication -
                Started OnboardingApplication in 10.252 seconds (JVM running for 11.295)
2021-08-11 14:39:56 [http-nio-9192-exec-2] DEBUG c.l.e.service.HrService -
                Getting all roles from database
2021-08-11 14:41:19 [http-nio-9192-exec-4] DEBUG c.l.e.service.HrService -
                Getting all roles from database
2021-08-11 14:44:22 [main] INFO  c.l.e.OnboardingApplication -
                Starting OnboardingApplication using Java 1.8.0_291 on LT-NB-163 with PID 23440 (C:\Users\indraneel.suribhotla\Desktop\Employee Onboarding - Copy\target\classes started by indraneel.suribhotla in C:\Users\indraneel.suribhotla\Desktop\Employee Onboarding - Copy)
2021-08-11 14:44:22 [main] DEBUG c.l.e.OnboardingApplication -
                Running with Spring Boot v2.5.3, Spring v5.3.9
2021-08-11 14:44:22 [main] INFO  c.l.e.OnboardingApplication -
                No active profile set, falling back to default profiles: default
2021-08-11 14:44:46 [main] INFO  c.l.e.OnboardingApplication -
                Starting OnboardingApplication using Java 1.8.0_291 on LT-NB-163 with PID 9828 (C:\Users\indraneel.suribhotla\Desktop\Employee Onboarding - Copy\target\classes started by indraneel.suribhotla in C:\Users\indraneel.suribhotla\Desktop\Employee Onboarding - Copy)
2021-08-11 14:44:46 [main] DEBUG c.l.e.OnboardingApplication -
                Running with Spring Boot v2.5.3, Spring v5.3.9
2021-08-11 14:44:46 [main] INFO  c.l.e.OnboardingApplication -
                No active profile set, falling back to default profiles: default
2021-08-11 14:44:55 [main] INFO  c.l.e.OnboardingApplication -
                Started OnboardingApplication in 9.954 seconds (JVM running for 10.821)
2021-08-11 14:45:25 [http-nio-9192-exec-3] DEBUG c.l.e.service.HrService -
                Getting all roles from database
2021-08-11 14:45:57 [http-nio-9192-exec-9] DEBUG c.l.e.service.HrService -
                Employees Data Fetched
2021-08-11 14:45:57 [http-nio-9192-exec-9] DEBUG c.l.e.service.HrService -
                Employees Data Fetched
2021-08-11 14:45:57 [http-nio-9192-exec-9] DEBUG c.l.e.service.HrService -
                Employee Demographics Saved in Repository 
2021-08-11 14:45:57 [http-nio-9192-exec-9] DEBUG c.l.e.service.HrService -
                User SavedUser(sno=297, emailId=indraneel3166@gmail.com, password=Abc1235@fd, roleId=1, userId=EmployeeDemographics(employeeId=296, employeeCode=LIS296, firstName=Indraneel S, lastName=Indraneel S, dob=null, bloodGroup=null, aadharNumber=null, fatherName=null, motherName=null, emailId=indraneel3166@gmail.com, phoneNumber=null, sslc=null, hsc=null, ug=null, role=1, gender=null, emergencyContactName=null, emergencyContactRelation=null, emergencyContactPhoneNumber=null, password=null, createdAt=2021-08-11 14:45:57.443, currentStatus=INCOMPLETE, rejectReason=null, addressList=null))
2021-08-11 14:45:58 [http-nio-9192-exec-7] DEBUG c.l.e.service.HrService -
                Employees Data Fetched
2021-08-11 14:45:58 [http-nio-9192-exec-7] DEBUG c.l.e.service.HrService -
                Employees Data Fetched
2021-08-11 14:47:33 [http-nio-9192-exec-8] DEBUG c.l.e.service.HrService -
                Employees Data Fetched
2021-08-11 14:47:33 [http-nio-9192-exec-8] DEBUG c.l.e.service.HrService -
                Employees Data Fetched
2021-08-11 14:47:33 [http-nio-9192-exec-8] DEBUG c.l.e.service.HrService -
                Employee Demographics Saved in Repository 
2021-08-11 14:47:33 [http-nio-9192-exec-8] DEBUG c.l.e.service.HrService -
                User SavedUser(sno=300, emailId=indraneel31689@gmail.com, password=Abc1235@fd, roleId=1, userId=EmployeeDemographics(employeeId=299, employeeCode=LIS298, firstName=Indraneel S, lastName=Indraneel S, dob=null, bloodGroup=null, aadharNumber=null, fatherName=null, motherName=null, emailId=indraneel31689@gmail.com, phoneNumber=null, sslc=null, hsc=null, ug=null, role=1, gender=null, emergencyContactName=null, emergencyContactRelation=null, emergencyContactPhoneNumber=null, password=null, createdAt=2021-08-11 14:47:33.299, currentStatus=INCOMPLETE, rejectReason=null, addressList=null))
2021-08-11 14:53:35 [http-nio-9192-exec-4] DEBUG c.l.e.service.HrService -
                Getting all roles from database
2021-08-11 14:54:13 [http-nio-9192-exec-3] DEBUG c.l.e.service.HrService -
                Employees Data Fetched
2021-08-11 14:54:13 [http-nio-9192-exec-3] DEBUG c.l.e.service.HrService -
                Employees Data Fetched
2021-08-11 14:54:13 [http-nio-9192-exec-3] DEBUG c.l.e.service.HrService -
                Employee Demographics Saved in Repository 
2021-08-11 14:54:13 [http-nio-9192-exec-3] DEBUG c.l.e.service.HrService -
                User SavedUser(sno=302, emailId=indraneel3124@gmail.com, password=Abc1235@fd, roleId=1, userId=EmployeeDemographics(employeeId=301, employeeCode=LIS301, firstName=Indraneel SS, lastName=Indraneel SS, dob=null, bloodGroup=null, aadharNumber=null, fatherName=null, motherName=null, emailId=indraneel3124@gmail.com, phoneNumber=null, sslc=null, hsc=null, ug=null, role=1, gender=null, emergencyContactName=null, emergencyContactRelation=null, emergencyContactPhoneNumber=null, password=null, createdAt=2021-08-11 14:54:13.677, currentStatus=INCOMPLETE, rejectReason=null, addressList=null))
2021-08-11 14:54:15 [http-nio-9192-exec-5] DEBUG c.l.e.service.HrService -
                Employees Data Fetched
2021-08-11 14:54:15 [http-nio-9192-exec-5] DEBUG c.l.e.service.HrService -
                Employees Data Fetched
2021-08-11 14:54:40 [http-nio-9192-exec-6] DEBUG c.l.e.service.HrService -
                Employees Data Fetched
2021-08-11 14:54:40 [http-nio-9192-exec-6] DEBUG c.l.e.service.HrService -
                Employees Data Fetched
2021-08-11 14:54:40 [http-nio-9192-exec-6] DEBUG c.l.e.service.HrService -
                Employee Demographics Saved in Repository 
2021-08-11 14:54:40 [http-nio-9192-exec-6] DEBUG c.l.e.service.HrService -
                User SavedUser(sno=305, emailId=sharath@gmail.com, password=Abc1235@fd, roleId=1, userId=EmployeeDemographics(employeeId=304, employeeCode=LIS303, firstName=Indraneel SS, lastName=Indraneel SS, dob=null, bloodGroup=null, aadharNumber=null, fatherName=null, motherName=null, emailId=sharath@gmail.com, phoneNumber=null, sslc=null, hsc=null, ug=null, role=1, gender=null, emergencyContactName=null, emergencyContactRelation=null, emergencyContactPhoneNumber=null, password=null, createdAt=2021-08-11 14:54:40.3, currentStatus=INCOMPLETE, rejectReason=null, addressList=null))
2021-08-11 14:55:30 [http-nio-9192-exec-9] DEBUG c.l.e.service.HrService -
                Getting all roles from database
2021-08-11 14:56:23 [http-nio-9192-exec-7] DEBUG c.l.e.service.HrService -
                Getting all roles from database
2021-08-11 15:01:39 [http-nio-9192-exec-10] DEBUG c.l.e.service.HrService -
                Employees Data Fetched
2021-08-11 15:01:41 [http-nio-9192-exec-2] DEBUG c.l.e.service.HrService -
                Employees Data Fetched
2021-08-11 15:02:35 [http-nio-9192-exec-1] DEBUG c.l.e.service.HrService -
                Employees Data Fetched
2021-08-11 15:02:39 [http-nio-9192-exec-4] DEBUG c.l.e.service.HrService -
                Employees Data Fetched
2021-08-11 15:03:22 [main] INFO  c.l.e.OnboardingApplication -
                Starting OnboardingApplication using Java 1.8.0_291 on LT-NB-163 with PID 14008 (C:\Users\indraneel.suribhotla\Desktop\Employee Onboarding - Copy\target\classes started by indraneel.suribhotla in C:\Users\indraneel.suribhotla\Desktop\Employee Onboarding - Copy)
2021-08-11 15:03:22 [main] DEBUG c.l.e.OnboardingApplication -
                Running with Spring Boot v2.5.3, Spring v5.3.9
2021-08-11 15:03:22 [main] INFO  c.l.e.OnboardingApplication -
                No active profile set, falling back to default profiles: default
2021-08-11 15:03:32 [main] INFO  c.l.e.OnboardingApplication -
                Started OnboardingApplication in 10.943 seconds (JVM running for 12.143)
2021-08-11 15:03:34 [http-nio-9192-exec-1] DEBUG c.l.e.service.HrService -
                Employees Data Fetched
2021-08-11 15:04:32 [http-nio-9192-exec-3] DEBUG c.l.e.service.HrService -
                Employees Data Fetched
2021-08-11 15:04:54 [http-nio-9192-exec-4] DEBUG c.l.e.service.HrService -
                Employees Data Fetched
2021-08-11 15:08:40 [http-nio-9192-exec-8] DEBUG c.l.e.service.HrService -
                Employees Data Fetched
2021-08-11 15:08:58 [http-nio-9192-exec-10] DEBUG c.l.e.service.HrService -
                Employees Data Fetched
2021-08-11 15:11:08 [http-nio-9192-exec-2] DEBUG c.l.e.service.HrService -
                Employees Data Fetched
2021-08-11 15:11:38 [http-nio-9192-exec-3] DEBUG c.l.e.service.HrService -
                Employees Data Fetched
2021-08-11 16:19:24 [http-nio-9192-exec-4] DEBUG c.l.e.service.HrService -
                Employees Data Fetched
2021-08-11 16:19:29 [http-nio-9192-exec-5] DEBUG c.l.e.service.HrService -
                Employees Data Fetched
2021-08-11 16:19:52 [http-nio-9192-exec-7] DEBUG c.l.e.service.HrService -
                Employees Data Fetched
2021-08-11 16:22:14 [http-nio-9192-exec-9] DEBUG c.l.e.service.HrService -
                Employees Data Fetched
2021-08-11 16:22:18 [http-nio-9192-exec-10] DEBUG c.l.e.service.HrService -
                Employees Data Fetched
2021-08-11 16:22:40 [http-nio-9192-exec-1] DEBUG c.l.e.service.HrService -
                Employees Data Fetched
2021-08-11 16:24:09 [http-nio-9192-exec-3] DEBUG c.l.e.service.HrService -
                Employees Data Fetched
2021-08-11 16:24:11 [http-nio-9192-exec-6] DEBUG c.l.e.service.HrService -
                Employees Data Fetched
2021-08-11 16:24:14 [http-nio-9192-exec-4] DEBUG c.l.e.service.HrService -
                Employees Data Fetched
2021-08-11 16:24:15 [http-nio-9192-exec-5] DEBUG c.l.e.service.HrService -
                Employees Data Fetched
2021-08-11 16:24:54 [http-nio-9192-exec-8] DEBUG c.l.e.service.LoginService -
                login details returned[294, 3, INCOMPLETE]
2021-08-11 16:24:54 [http-nio-9192-exec-9] DEBUG c.l.e.service.HrService -
                Employees Data Fetched
2021-08-11 16:26:53 [http-nio-9192-exec-2] DEBUG c.l.e.service.LoginService -
                login details returned[292, 1, INCOMPLETE]
2021-08-11 16:27:06 [http-nio-9192-exec-3] DEBUG c.l.e.OnboardingApplication -
                Request ID 292
2021-08-11 16:27:06 [http-nio-9192-exec-3] DEBUG c.l.e.OnboardingApplication -
                Request Body EmployeeDemographicsVo(employeeId=0, employeeCode=null, firstName=fsdfdsfsdf, lastName=gksdfsd, dob=30/03/2000, bloodGroup=tyryty, aadharNumber=324254653, fatherName=dgfg, motherName=tertre, emailId=msd123@gmail.com , phoneNumber=857315475, sslc=7.0, hsc=7.0, ug=7.0, gender=male, emergencyContactName=kgret, emergencyContactRelation=jsfdds, emergencyContactPhoneNumber=94835871, password=gfhgf, currentStatus=Incomplete, rejectReason=fdsf, addressList=[Address(addressId=0, employeeCode=null, type=null, flatName=ABC flats, streetName=XYZ street, area=Perungudi, state=TamilNadu, country=India, city=Chennai, pinCode=600213, mapCoordinates=15°N, 30°E.), Address(addressId=0, employeeCode=null, type=null, flatName=ABC flats, streetName=XYZ street, area=Perungudi, state=TamilNadu, country=India, city=Chennai, pinCode=600213, mapCoordinates=15°N, 30°E.)], action=Submit)
2021-08-11 16:27:06 [http-nio-9192-exec-3] DEBUG c.l.e.s.EmployeeDemographicsService -
                Employee savedEmployeeDemographics(employeeId=292, employeeCode=LIS1, firstName=fsdfdsfsdf, lastName=gksdfsd, dob=30/03/2000, bloodGroup=tyryty, aadharNumber=324254653, fatherName=dgfg, motherName=tertre, emailId=msd123@gmail.com , phoneNumber=857315475, sslc=7.0, hsc=7.0, ug=7.0, role=1, gender=male, emergencyContactName=kgret, emergencyContactRelation=jsfdds, emergencyContactPhoneNumber=94835871, password=null, createdAt=2021-08-11 14:27:20.0, currentStatus=PENDING, rejectReason=Not Rejected Yet, addressList=[Address(addressId=306, employeeCode=LIS1, type=Present, flatName=ABC flats, streetName=XYZ street, area=Perungudi, state=TamilNadu, country=India, city=Chennai, pinCode=600213, mapCoordinates=15°N, 30°E.), Address(addressId=307, employeeCode=LIS1, type=Permanent, flatName=ABC flats, streetName=XYZ street, area=Perungudi, state=TamilNadu, country=India, city=Chennai, pinCode=600213, mapCoordinates=15°N, 30°E.)])
2021-08-11 16:27:50 [http-nio-9192-exec-6] DEBUG c.l.e.service.LoginService -
                login details returned[294, 3, INCOMPLETE]
2021-08-11 16:27:50 [http-nio-9192-exec-4] DEBUG c.l.e.service.HrService -
                Employees Data Fetched
2021-08-11 16:58:36 [http-nio-9192-exec-8] DEBUG c.l.e.service.HrService -
                Employees Data Fetched
2021-08-11 17:04:56 [http-nio-9192-exec-10] DEBUG c.l.e.service.HrService -
                Employees Data Fetched
2021-08-11 17:12:09 [http-nio-9192-exec-2] DEBUG c.l.e.service.HrService -
                Employees Data Fetched
2021-08-11 17:13:28 [http-nio-9192-exec-6] DEBUG c.l.e.service.HrService -
                Employees Data Fetched
2021-08-11 17:16:23 [http-nio-9192-exec-5] DEBUG c.l.e.service.HrService -
                Employees Data Fetched
2021-08-11 17:17:18 [http-nio-9192-exec-7] DEBUG c.l.e.service.HrService -
                Employees Data Fetched
2021-08-11 17:19:10 [http-nio-9192-exec-9] DEBUG c.l.e.service.HrService -
                Employees Data Fetched
2021-08-11 17:22:20 [http-nio-9192-exec-1] DEBUG c.l.e.service.HrService -
                Getting all roles from database
2021-08-11 17:22:47 [http-nio-9192-exec-3] DEBUG c.l.e.service.HrService -
                Employees Data Fetched
2021-08-11 17:22:47 [http-nio-9192-exec-3] DEBUG c.l.e.service.HrService -
                Employees Data Fetched
2021-08-11 17:22:47 [http-nio-9192-exec-3] DEBUG c.l.e.service.HrService -
                Employee Demographics Saved in Repository 
2021-08-11 17:22:47 [http-nio-9192-exec-3] DEBUG c.l.e.service.HrService -
                User SavedUser(sno=309, emailId=user@gmail.com, password=Abc1235@fd, roleId=1, userId=EmployeeDemographics(employeeId=308, employeeCode=LIS306, firstName=NEEL , lastName=NEEL , dob=null, bloodGroup=null, aadharNumber=null, fatherName=null, motherName=null, emailId=user@gmail.com, phoneNumber=null, sslc=null, hsc=null, ug=null, role=1, gender=null, emergencyContactName=null, emergencyContactRelation=null, emergencyContactPhoneNumber=null, password=null, createdAt=2021-08-11 17:22:47.594, currentStatus=INCOMPLETE, rejectReason=null, addressList=null))
2021-08-11 17:22:58 [http-nio-9192-exec-6] DEBUG c.l.e.service.HrService -
                Employees Data Fetched
2021-08-11 18:29:45 [http-nio-9192-exec-5] DEBUG c.l.e.service.HrService -
                Employees Data Fetched
2021-08-11 18:30:30 [http-nio-9192-exec-9] DEBUG c.l.e.service.HrService -
                Employees Data Fetched
2021-08-11 18:32:13 [main] INFO  c.l.e.OnboardingApplication -
                Starting OnboardingApplication using Java 1.8.0_291 on LT-NB-163 with PID 12108 (C:\Users\indraneel.suribhotla\Desktop\Employee Onboarding - Copy\target\classes started by indraneel.suribhotla in C:\Users\indraneel.suribhotla\Desktop\Employee Onboarding - Copy)
2021-08-11 18:32:13 [main] DEBUG c.l.e.OnboardingApplication -
                Running with Spring Boot v2.5.3, Spring v5.3.9
2021-08-11 18:32:13 [main] INFO  c.l.e.OnboardingApplication -
                No active profile set, falling back to default profiles: default
2021-08-11 18:32:21 [main] INFO  c.l.e.OnboardingApplication -
                Started OnboardingApplication in 8.491 seconds (JVM running for 9.313)
2021-08-11 18:32:48 [http-nio-9192-exec-1] DEBUG c.l.e.service.HrService -
                Employees Data Fetched
2021-08-11 18:34:01 [http-nio-9192-exec-4] DEBUG c.l.e.service.HrService -
                Employees Data Fetched
2021-08-11 18:34:06 [http-nio-9192-exec-6] DEBUG c.l.e.service.HrService -
                employee email retrievedindraneel3163@gmail.com
2021-08-11 18:34:10 [http-nio-9192-exec-6] DEBUG c.l.e.service.MailSenderService -
                Mail Sent
2021-08-11 18:35:33 [http-nio-9192-exec-8] DEBUG c.l.e.service.HrService -
                Employees Data Fetched
2021-08-11 18:35:37 [http-nio-9192-exec-10] DEBUG c.l.e.service.HrService -
                employee email retrievedmsd123@gmail.com 
2021-08-11 18:35:41 [http-nio-9192-exec-10] DEBUG c.l.e.service.MailSenderService -
                Mail Sent
2021-08-11 18:37:26 [http-nio-9192-exec-2] DEBUG c.l.e.service.HrService -
                Employees Data Fetched
2021-08-11 18:41:03 [http-nio-9192-exec-4] DEBUG c.l.e.service.HrService -
                Employees Data Fetched
2021-08-11 18:41:17 [http-nio-9192-exec-6] DEBUG c.l.e.service.HrService -
                Employees Data Fetched
2021-08-11 18:41:18 [http-nio-9192-exec-7] DEBUG c.l.e.service.HrService -
                Employees Data Fetched
2021-08-11 18:49:32 [http-nio-9192-exec-9] DEBUG c.l.e.service.HrService -
                Employees Data Fetched
2021-08-11 18:49:34 [http-nio-9192-exec-1] DEBUG c.l.e.service.HrService -
                Employees Data Fetched
2021-08-11 18:49:41 [http-nio-9192-exec-2] DEBUG c.l.e.service.HrService -
                Employees Data Fetched
2021-08-11 18:49:44 [http-nio-9192-exec-4] DEBUG c.l.e.service.HrService -
                Employees Data Fetched
2021-08-11 18:50:43 [http-nio-9192-exec-6] DEBUG c.l.e.service.HrService -
                Employees Data Fetched
2021-08-11 18:50:44 [http-nio-9192-exec-7] DEBUG c.l.e.service.HrService -
                Employees Data Fetched
2021-08-11 18:50:47 [http-nio-9192-exec-8] DEBUG c.l.e.service.HrService -
                Employees Data Fetched
2021-08-11 18:54:00 [http-nio-9192-exec-10] DEBUG c.l.e.service.HrService -
                Employees Data Fetched
2021-08-11 18:54:05 [http-nio-9192-exec-2] DEBUG c.l.e.service.HrService -
                Employees Data Fetched
2021-08-11 18:54:33 [http-nio-9192-exec-4] DEBUG c.l.e.service.HrService -
                Employees Data Fetched
2021-08-11 18:57:01 [http-nio-9192-exec-6] DEBUG c.l.e.service.HrService -
                Employees Data Fetched
2021-08-11 18:57:12 [http-nio-9192-exec-8] DEBUG c.l.e.service.HrService -
                Employees Data Fetched
2021-08-11 18:57:13 [http-nio-9192-exec-10] DEBUG c.l.e.service.HrService -
                Employees Data Fetched
2021-08-11 18:57:16 [http-nio-9192-exec-1] DEBUG c.l.e.service.HrService -
                Employees Data Fetched
2021-08-11 18:57:19 [http-nio-9192-exec-2] DEBUG c.l.e.service.HrService -
                Employees Data Fetched
2021-08-11 18:57:49 [http-nio-9192-exec-4] DEBUG c.l.e.service.HrService -
                Employees Data Fetched
2021-08-11 18:59:53 [http-nio-9192-exec-6] DEBUG c.l.e.service.HrService -
                Employees Data Fetched
2021-08-11 18:59:54 [http-nio-9192-exec-7] DEBUG c.l.e.service.HrService -
                Employees Data Fetched
2021-08-11 19:00:13 [http-nio-9192-exec-8] DEBUG c.l.e.service.HrService -
                Employees Data Fetched
2021-08-11 19:00:14 [http-nio-9192-exec-9] DEBUG c.l.e.service.HrService -
                Employees Data Fetched
2021-08-11 19:01:20 [http-nio-9192-exec-1] DEBUG c.l.e.service.HrService -
                Employees Data Fetched
2021-08-11 19:01:21 [http-nio-9192-exec-2] DEBUG c.l.e.service.HrService -
                Employees Data Fetched
2021-08-11 19:02:15 [http-nio-9192-exec-3] DEBUG c.l.e.service.HrService -
                Employees Data Fetched
2021-08-11 19:02:17 [http-nio-9192-exec-4] DEBUG c.l.e.service.HrService -
                Employees Data Fetched
2021-08-11 19:02:17 [http-nio-9192-exec-5] DEBUG c.l.e.service.HrService -
                Employees Data Fetched
2021-08-11 19:02:21 [http-nio-9192-exec-7] DEBUG c.l.e.service.HrService -
                Employees Data Fetched
2021-08-11 19:02:28 [http-nio-9192-exec-8] DEBUG c.l.e.service.HrService -
                Employees Data Fetched
2021-08-11 19:02:54 [http-nio-9192-exec-10] DEBUG c.l.e.service.HrService -
                Employees Data Fetched
2021-08-11 19:02:58 [http-nio-9192-exec-1] DEBUG c.l.e.service.HrService -
                Employees Data Fetched
2021-08-11 19:03:07 [http-nio-9192-exec-3] DEBUG c.l.e.service.HrService -
                Employees Data Fetched
2021-08-11 19:03:24 [http-nio-9192-exec-5] DEBUG c.l.e.service.HrService -
                Employees Data Fetched
2021-08-11 19:03:25 [http-nio-9192-exec-6] DEBUG c.l.e.service.HrService -
                Employees Data Fetched
2021-08-11 19:11:39 [http-nio-9192-exec-8] DEBUG c.l.e.service.HrService -
                Employees Data Fetched
2021-08-11 19:11:58 [http-nio-9192-exec-10] DEBUG c.l.e.service.HrService -
                Employees Data Fetched
2021-08-11 19:13:42 [http-nio-9192-exec-2] DEBUG c.l.e.service.HrService -
                Employees Data Fetched
2021-08-11 19:13:43 [http-nio-9192-exec-3] DEBUG c.l.e.service.HrService -
                Employees Data Fetched
2021-08-11 19:15:44 [main] INFO  c.l.e.OnboardingApplication -
                Starting OnboardingApplication using Java 1.8.0_291 on LT-NB-163 with PID 11272 (C:\Users\indraneel.suribhotla\Desktop\Employee Onboarding - Copy\target\classes started by indraneel.suribhotla in C:\Users\indraneel.suribhotla\Desktop\Employee Onboarding - Copy)
2021-08-11 19:15:44 [main] DEBUG c.l.e.OnboardingApplication -
                Running with Spring Boot v2.5.3, Spring v5.3.9
2021-08-11 19:15:44 [main] INFO  c.l.e.OnboardingApplication -
                No active profile set, falling back to default profiles: default
2021-08-11 19:15:52 [main] INFO  c.l.e.OnboardingApplication -
                Started OnboardingApplication in 9.257 seconds (JVM running for 10.289)
2021-08-11 19:16:10 [http-nio-9192-exec-1] DEBUG c.l.e.service.HrService -
                Employees Data Fetched
2021-08-11 19:16:46 [http-nio-9192-exec-3] DEBUG c.l.e.service.HrService -
                Employees Data Fetched
2021-08-11 19:16:48 [http-nio-9192-exec-4] DEBUG c.l.e.service.HrService -
                Employees Data Fetched
2021-08-11 19:16:50 [http-nio-9192-exec-6] DEBUG c.l.e.service.HrService -
                Employees Data Fetched
2021-08-11 19:17:00 [http-nio-9192-exec-8] DEBUG c.l.e.service.HrService -
                Employees Data Fetched
2021-08-11 19:17:07 [http-nio-9192-exec-9] DEBUG c.l.e.service.HrService -
                Employees Data Fetched
2021-08-11 19:17:22 [http-nio-9192-exec-1] DEBUG c.l.e.service.HrService -
                Employees Data Fetched
2021-08-11 19:17:26 [http-nio-9192-exec-2] DEBUG c.l.e.service.HrService -
                Employees Data Fetched
2021-08-11 19:17:54 [http-nio-9192-exec-4] DEBUG c.l.e.service.HrService -
                Employees Data Fetched
2021-08-11 19:17:55 [http-nio-9192-exec-5] DEBUG c.l.e.service.HrService -
                Employees Data Fetched
2021-08-11 19:17:57 [http-nio-9192-exec-6] DEBUG c.l.e.service.HrService -
                Employees Data Fetched
2021-08-11 19:17:58 [http-nio-9192-exec-8] DEBUG c.l.e.service.HrService -
                Employees Data Fetched
2021-08-11 19:17:59 [http-nio-9192-exec-9] DEBUG c.l.e.service.HrService -
                Employees Data Fetched
2021-08-11 19:18:07 [http-nio-9192-exec-10] DEBUG c.l.e.service.HrService -
                Employees Data Fetched
2021-08-11 19:20:24 [http-nio-9192-exec-2] DEBUG c.l.e.service.HrService -
                Employees Data Fetched
2021-08-11 19:21:04 [main] INFO  c.l.e.OnboardingApplication -
                Starting OnboardingApplication using Java 1.8.0_291 on LT-NB-163 with PID 7828 (C:\Users\indraneel.suribhotla\Desktop\Employee Onboarding - Copy\target\classes started by indraneel.suribhotla in C:\Users\indraneel.suribhotla\Desktop\Employee Onboarding - Copy)
2021-08-11 19:21:04 [main] DEBUG c.l.e.OnboardingApplication -
                Running with Spring Boot v2.5.3, Spring v5.3.9
2021-08-11 19:21:04 [main] INFO  c.l.e.OnboardingApplication -
                No active profile set, falling back to default profiles: default
2021-08-11 19:21:13 [main] INFO  c.l.e.OnboardingApplication -
                Started OnboardingApplication in 9.704 seconds (JVM running for 10.753)
2021-08-11 19:21:19 [http-nio-9192-exec-1] DEBUG c.l.e.service.HrService -
                Employees Data Fetched
2021-08-11 19:21:24 [http-nio-9192-exec-3] DEBUG c.l.e.service.HrService -
                Getting all roles from database
2021-08-11 19:23:55 [http-nio-9192-exec-5] DEBUG c.l.e.service.HrService -
                Employees Data Fetched
2021-08-11 19:24:09 [http-nio-9192-exec-8] DEBUG c.l.e.service.MailSenderService -
                Mail Sent
2021-08-11 19:24:09 [http-nio-9192-exec-8] DEBUG c.l.e.service.HrService -
                Status Updated
2021-08-11 19:29:27 [main] INFO  c.l.e.OnboardingApplication -
                Starting OnboardingApplication using Java 1.8.0_291 on LT-NB-163 with PID 17352 (C:\Users\indraneel.suribhotla\Desktop\Employee Onboarding - Copy\target\classes started by indraneel.suribhotla in C:\Users\indraneel.suribhotla\Desktop\Employee Onboarding - Copy)
2021-08-11 19:29:27 [main] DEBUG c.l.e.OnboardingApplication -
                Running with Spring Boot v2.5.3, Spring v5.3.9
2021-08-11 19:29:27 [main] INFO  c.l.e.OnboardingApplication -
                No active profile set, falling back to default profiles: default
2021-08-11 19:29:34 [main] INFO  c.l.e.OnboardingApplication -
                Started OnboardingApplication in 7.595 seconds (JVM running for 8.406)
2021-08-11 19:29:45 [http-nio-9192-exec-1] DEBUG c.l.e.service.HrService -
                Employees Data Fetched
2021-08-11 19:30:41 [http-nio-9192-exec-3] DEBUG c.l.e.service.HrService -
                Employees Data Fetched
2021-08-11 19:31:04 [http-nio-9192-exec-4] DEBUG c.l.e.service.HrService -
                Employees Data Fetched
2021-08-11 19:31:33 [http-nio-9192-exec-5] DEBUG c.l.e.service.HrService -
                Getting all roles from database
2021-08-11 19:31:53 [http-nio-9192-exec-7] DEBUG c.l.e.service.HrService -
                Employees Data Fetched
2021-08-11 19:31:53 [http-nio-9192-exec-7] DEBUG c.l.e.service.HrService -
                Employees Data Fetched
2021-08-11 19:31:53 [http-nio-9192-exec-7] DEBUG c.l.e.service.HrService -
                Employee Demographics Saved in Repository 
2021-08-11 19:31:54 [http-nio-9192-exec-7] DEBUG c.l.e.service.HrService -
                User SavedUser(sno=311, emailId=user2@gmail.com, password=Abc1235@fd, roleId=1, userId=EmployeeDemographics(employeeId=310, employeeCode=LIS310, firstName=Neel Final, lastName=Neel Final, dob=null, bloodGroup=null, aadharNumber=null, fatherName=null, motherName=null, emailId=user2@gmail.com, phoneNumber=null, sslc=null, hsc=null, ug=null, role=1, gender=null, emergencyContactName=null, emergencyContactRelation=null, emergencyContactPhoneNumber=null, password=null, createdAt=2021-08-11 19:31:53.952, currentStatus=INCOMPLETE, rejectReason=null, addressList=null))
2021-08-11 19:32:06 [http-nio-9192-exec-8] DEBUG c.l.e.service.HrService -
                Employees Data Fetched
2021-08-11 19:32:38 [http-nio-9192-exec-1] DEBUG c.l.e.service.LoginService -
                login details returned[310, 1, INCOMPLETE]
2021-08-11 19:32:48 [http-nio-9192-exec-2] DEBUG c.l.e.OnboardingApplication -
                Request ID 310
2021-08-11 19:32:48 [http-nio-9192-exec-2] DEBUG c.l.e.OnboardingApplication -
                Request Body EmployeeDemographicsVo(employeeId=0, employeeCode=null, firstName=fsdfdsfsdf, lastName=gksdfsd, dob=30/03/2000, bloodGroup=tyryty, aadharNumber=324254653, fatherName=dgfg, motherName=tertre, emailId=msd123@gmail.com , phoneNumber=857315475, sslc=7.0, hsc=7.0, ug=7.0, gender=male, emergencyContactName=kgret, emergencyContactRelation=jsfdds, emergencyContactPhoneNumber=94835871, password=gfhgf, currentStatus=Incomplete, rejectReason=fdsf, addressList=[Address(addressId=0, employeeCode=null, type=null, flatName=ABC flats, streetName=XYZ street, area=Perungudi, state=TamilNadu, country=India, city=Chennai, pinCode=600213, mapCoordinates=15°N, 30°E.), Address(addressId=0, employeeCode=null, type=null, flatName=ABC flats, streetName=XYZ street, area=Perungudi, state=TamilNadu, country=India, city=Chennai, pinCode=600213, mapCoordinates=15°N, 30°E.)], action=Submit)
2021-08-11 19:33:13 [http-nio-9192-exec-4] DEBUG c.l.e.OnboardingApplication -
                Request ID 310
2021-08-11 19:33:13 [http-nio-9192-exec-4] DEBUG c.l.e.OnboardingApplication -
                Request Body EmployeeDemographicsVo(employeeId=0, employeeCode=null, firstName=fsdfdsfsdf, lastName=gksdfsd, dob=30/03/2000, bloodGroup=tyryty, aadharNumber=324254633, fatherName=dgfg, motherName=tertre, emailId=msd123@gmail.com , phoneNumber=85732475, sslc=7.0, hsc=7.0, ug=7.0, gender=male, emergencyContactName=kgret, emergencyContactRelation=jsfdds, emergencyContactPhoneNumber=94235871, password=gfhgf, currentStatus=Incomplete, rejectReason=fdsf, addressList=[Address(addressId=0, employeeCode=null, type=null, flatName=ABC flats, streetName=XYZ street, area=Perungudi, state=TamilNadu, country=India, city=Chennai, pinCode=600213, mapCoordinates=15°N, 30°E.), Address(addressId=0, employeeCode=null, type=null, flatName=ABC flats, streetName=XYZ street, area=Perungudi, state=TamilNadu, country=India, city=Chennai, pinCode=600213, mapCoordinates=15°N, 30°E.)], action=Submit)
2021-08-11 19:33:41 [http-nio-9192-exec-6] DEBUG c.l.e.OnboardingApplication -
                Request ID 310
2021-08-11 19:33:41 [http-nio-9192-exec-6] DEBUG c.l.e.OnboardingApplication -
                Request Body EmployeeDemographicsVo(employeeId=0, employeeCode=null, firstName=fsdfdsfsdf, lastName=gksdfsd, dob=30/03/2000, bloodGroup=tyryty, aadharNumber=324254633, fatherName=dgfg, motherName=tertre, emailId=user2@gmail.com , phoneNumber=85732475, sslc=7.0, hsc=7.0, ug=7.0, gender=male, emergencyContactName=kgret, emergencyContactRelation=jsfdds, emergencyContactPhoneNumber=94235871, password=gfhgf, currentStatus=Incomplete, rejectReason=fdsf, addressList=[Address(addressId=0, employeeCode=null, type=null, flatName=ABC flats, streetName=XYZ street, area=Perungudi, state=TamilNadu, country=India, city=Chennai, pinCode=600213, mapCoordinates=15°N, 30°E.), Address(addressId=0, employeeCode=null, type=null, flatName=ABC flats, streetName=XYZ street, area=Perungudi, state=TamilNadu, country=India, city=Chennai, pinCode=600213, mapCoordinates=15°N, 30°E.)], action=Submit)
2021-08-11 19:33:41 [http-nio-9192-exec-6] DEBUG c.l.e.s.EmployeeDemographicsService -
                Employee savedEmployeeDemographics(employeeId=310, employeeCode=LIS310, firstName=fsdfdsfsdf, lastName=gksdfsd, dob=30/03/2000, bloodGroup=tyryty, aadharNumber=324254633, fatherName=dgfg, motherName=tertre, emailId=user2@gmail.com , phoneNumber=85732475, sslc=7.0, hsc=7.0, ug=7.0, role=1, gender=male, emergencyContactName=kgret, emergencyContactRelation=jsfdds, emergencyContactPhoneNumber=94235871, password=null, createdAt=2021-08-11 19:31:54.0, currentStatus=PENDING, rejectReason=Not Rejected Yet, addressList=[Address(addressId=316, employeeCode=LIS310, type=Present, flatName=ABC flats, streetName=XYZ street, area=Perungudi, state=TamilNadu, country=India, city=Chennai, pinCode=600213, mapCoordinates=15°N, 30°E.), Address(addressId=317, employeeCode=LIS310, type=Permanent, flatName=ABC flats, streetName=XYZ street, area=Perungudi, state=TamilNadu, country=India, city=Chennai, pinCode=600213, mapCoordinates=15°N, 30°E.)])
2021-08-11 19:33:50 [http-nio-9192-exec-7] DEBUG c.l.e.service.HrService -
                Employees Data Fetched
2021-08-11 19:38:57 [main] INFO  c.l.e.OnboardingApplication -
                Starting OnboardingApplication using Java 1.8.0_291 on LT-NB-163 with PID 1684 (C:\Users\indraneel.suribhotla\Desktop\Employee Onboarding - Copy\target\classes started by indraneel.suribhotla in C:\Users\indraneel.suribhotla\Desktop\Employee Onboarding - Copy)
2021-08-11 19:38:57 [main] DEBUG c.l.e.OnboardingApplication -
                Running with Spring Boot v2.5.3, Spring v5.3.9
2021-08-11 19:38:57 [main] INFO  c.l.e.OnboardingApplication -
                No active profile set, falling back to default profiles: default
2021-08-11 19:40:16 [main] INFO  c.l.e.OnboardingApplication -
                Starting OnboardingApplication using Java 1.8.0_291 on LT-NB-163 with PID 3776 (C:\Users\indraneel.suribhotla\Desktop\Employee Onboarding - Copy\target\classes started by indraneel.suribhotla in C:\Users\indraneel.suribhotla\Desktop\Employee Onboarding - Copy)
2021-08-11 19:40:16 [main] DEBUG c.l.e.OnboardingApplication -
                Running with Spring Boot v2.5.3, Spring v5.3.9
2021-08-11 19:40:16 [main] INFO  c.l.e.OnboardingApplication -
                No active profile set, falling back to default profiles: default
2021-08-11 19:40:23 [main] INFO  c.l.e.OnboardingApplication -
                Started OnboardingApplication in 7.098 seconds (JVM running for 7.881)
2021-08-11 19:40:41 [http-nio-9192-exec-1] DEBUG c.l.e.service.HrService -
                Employees Data Fetched
2021-08-11 19:40:51 [http-nio-9192-exec-2] DEBUG c.l.e.service.MailSenderService -
                Mail Sent
2021-08-11 19:40:51 [http-nio-9192-exec-2] DEBUG c.l.e.service.HrService -
                Status Updated
2021-08-11 19:41:18 [http-nio-9192-exec-4] DEBUG c.l.e.service.HrService -
                Employees Data Fetched
2021-08-11 19:41:47 [http-nio-9192-exec-6] DEBUG c.l.e.service.HrService -
                Getting all roles from database
2021-08-11 19:42:16 [http-nio-9192-exec-7] DEBUG c.l.e.service.HrService -
                Employees Data Fetched
2021-08-11 19:42:16 [http-nio-9192-exec-7] DEBUG c.l.e.service.HrService -
                Employees Data Fetched
2021-08-11 19:42:16 [http-nio-9192-exec-7] DEBUG c.l.e.service.HrService -
                Employee Demographics Saved in Repository 
2021-08-11 19:42:17 [http-nio-9192-exec-7] DEBUG c.l.e.service.HrService -
                User SavedUser(sno=319, emailId=user3@gmail.com, password=Abc1235@fd, roleId=1, userId=EmployeeDemographics(employeeId=318, employeeCode=LIS312, firstName=User User, lastName=User User, dob=null, bloodGroup=null, aadharNumber=null, fatherName=null, motherName=null, emailId=user3@gmail.com, phoneNumber=null, sslc=null, hsc=null, ug=null, role=1, gender=null, emergencyContactName=null, emergencyContactRelation=null, emergencyContactPhoneNumber=null, password=null, createdAt=2021-08-11 19:42:16.976, currentStatus=INCOMPLETE, rejectReason=null, addressList=null))
2021-08-11 19:42:26 [http-nio-9192-exec-10] DEBUG c.l.e.service.HrService -
                Employees Data Fetched
2021-08-11 19:42:49 [http-nio-9192-exec-3] DEBUG c.l.e.service.LoginService -
                login details returned[318, 1, INCOMPLETE]
2021-08-11 19:43:23 [http-nio-9192-exec-4] DEBUG c.l.e.OnboardingApplication -
                Request ID 318
2021-08-11 19:43:23 [http-nio-9192-exec-4] DEBUG c.l.e.OnboardingApplication -
                Request Body EmployeeDemographicsVo(employeeId=0, employeeCode=null, firstName=fsdfdsfsdf, lastName=gksdfsd, dob=30/03/2000, bloodGroup=tyryty, aadharNumber=324254633, fatherName=dgfg, motherName=tertre, emailId=user3@gmail.com , phoneNumber=85732475, sslc=7.0, hsc=7.0, ug=7.0, gender=male, emergencyContactName=kgret, emergencyContactRelation=jsfdds, emergencyContactPhoneNumber=94235871, password=gfhgf, currentStatus=Incomplete, rejectReason=fdsf, addressList=[Address(addressId=0, employeeCode=null, type=null, flatName=ABC flats, streetName=XYZ street, area=Perungudi, state=TamilNadu, country=India, city=Chennai, pinCode=600213, mapCoordinates=15°N, 30°E.), Address(addressId=0, employeeCode=null, type=null, flatName=ABC flats, streetName=XYZ street, area=Perungudi, state=TamilNadu, country=India, city=Chennai, pinCode=600213, mapCoordinates=15°N, 30°E.)], action=Submit)
2021-08-11 19:43:58 [http-nio-9192-exec-6] DEBUG c.l.e.OnboardingApplication -
                Request ID 318
2021-08-11 19:43:58 [http-nio-9192-exec-6] DEBUG c.l.e.OnboardingApplication -
                Request Body EmployeeDemographicsVo(employeeId=0, employeeCode=null, firstName=fsdfdsfsdf, lastName=gksdfsd, dob=30/03/2000, bloodGroup=tyryty, aadharNumber=32425461, fatherName=dgfg, motherName=tertre, emailId=user3@gmail.com , phoneNumber=85766325, sslc=7.0, hsc=7.0, ug=7.0, gender=male, emergencyContactName=kgret, emergencyContactRelation=jsfdds, emergencyContactPhoneNumber=94235661, password=gfhgf, currentStatus=Incomplete, rejectReason=fdsf, addressList=[Address(addressId=0, employeeCode=null, type=null, flatName=ABC flats, streetName=XYZ street, area=Perungudi, state=TamilNadu, country=India, city=Chennai, pinCode=600213, mapCoordinates=15°N, 30°E.), Address(addressId=0, employeeCode=null, type=null, flatName=ABC flats, streetName=XYZ street, area=Perungudi, state=TamilNadu, country=India, city=Chennai, pinCode=600213, mapCoordinates=15°N, 30°E.)], action=Submit)
2021-08-11 19:43:58 [http-nio-9192-exec-6] DEBUG c.l.e.s.EmployeeDemographicsService -
                Employee savedEmployeeDemographics(employeeId=318, employeeCode=LIS312, firstName=fsdfdsfsdf, lastName=gksdfsd, dob=30/03/2000, bloodGroup=tyryty, aadharNumber=32425461, fatherName=dgfg, motherName=tertre, emailId=user3@gmail.com , phoneNumber=85766325, sslc=7.0, hsc=7.0, ug=7.0, role=1, gender=male, emergencyContactName=kgret, emergencyContactRelation=jsfdds, emergencyContactPhoneNumber=94235661, password=null, createdAt=2021-08-11 19:42:17.0, currentStatus=PENDING, rejectReason=Not Rejected Yet, addressList=[Address(addressId=322, employeeCode=LIS312, type=Present, flatName=ABC flats, streetName=XYZ street, area=Perungudi, state=TamilNadu, country=India, city=Chennai, pinCode=600213, mapCoordinates=15°N, 30°E.), Address(addressId=323, employeeCode=LIS312, type=Permanent, flatName=ABC flats, streetName=XYZ street, area=Perungudi, state=TamilNadu, country=India, city=Chennai, pinCode=600213, mapCoordinates=15°N, 30°E.)])
2021-08-11 19:44:07 [http-nio-9192-exec-8] DEBUG c.l.e.service.HrService -
                Employees Data Fetched
2021-08-11 19:44:47 [http-nio-9192-exec-9] DEBUG c.l.e.service.HrService -
                Employees Data Fetched
2021-08-11 19:46:45 [http-nio-9192-exec-2] DEBUG c.l.e.service.HrService -
                Employees Data Fetched
2021-08-11 19:47:07 [http-nio-9192-exec-5] DEBUG c.l.e.service.HrService -
                Employees Data Fetched
2021-08-11 19:47:24 [http-nio-9192-exec-2] DEBUG c.l.e.service.HrService -
                Employees Data Fetched
2021-08-11 20:03:05 [main] INFO  c.l.e.OnboardingApplication -
                Starting OnboardingApplication using Java 1.8.0_291 on LT-NB-163 with PID 20324 (C:\Users\indraneel.suribhotla\Desktop\Employee Onboarding - Copy\target\classes started by indraneel.suribhotla in C:\Users\indraneel.suribhotla\Desktop\Employee Onboarding - Copy)
2021-08-11 20:03:05 [main] DEBUG c.l.e.OnboardingApplication -
                Running with Spring Boot v2.5.3, Spring v5.3.9
2021-08-11 20:03:05 [main] INFO  c.l.e.OnboardingApplication -
                No active profile set, falling back to default profiles: default
2021-08-11 20:03:14 [main] INFO  c.l.e.OnboardingApplication -
                Started OnboardingApplication in 10.382 seconds (JVM running for 11.285)
2021-08-11 20:03:22 [http-nio-9192-exec-1] DEBUG c.l.e.service.HrService -
                Employees Data Fetched
2021-08-11 20:11:24 [http-nio-9192-exec-5] DEBUG c.l.e.service.HrService -
                Employees Data Fetched
2021-08-11 20:11:45 [http-nio-9192-exec-7] DEBUG c.l.e.service.MailSenderService -
                Mail Sent
2021-08-11 20:11:45 [http-nio-9192-exec-7] DEBUG c.l.e.service.HrService -
                Status Updated
2021-08-11 20:21:37 [http-nio-9192-exec-9] DEBUG c.l.e.service.HrService -
                Getting all roles from database
2021-08-11 20:22:16 [http-nio-9192-exec-2] DEBUG c.l.e.service.HrService -
                Employees Data Fetched
2021-08-11 20:22:17 [http-nio-9192-exec-2] DEBUG c.l.e.service.HrService -
                Employees Data Fetched
2021-08-11 20:22:17 [http-nio-9192-exec-2] DEBUG c.l.e.service.HrService -
                Employee Demographics Saved in Repository 
2021-08-11 20:22:17 [http-nio-9192-exec-2] DEBUG c.l.e.service.HrService -
                User SavedUser(sno=325, emailId=abc123@gmail.com, password=Abc1235@fd, roleId=1, userId=EmployeeDemographics(employeeId=324, employeeCode=LIS320, firstName=Goutham , lastName=Goutham , dob=null, bloodGroup=null, aadharNumber=null, fatherName=null, motherName=null, emailId=abc123@gmail.com, phoneNumber=null, sslc=null, hsc=null, ug=null, role=1, gender=null, emergencyContactName=null, emergencyContactRelation=null, emergencyContactPhoneNumber=null, password=null, createdAt=2021-08-11 20:22:17.084, currentStatus=INCOMPLETE, rejectReason=null, addressList=null))
2021-08-11 20:35:14 [http-nio-9192-exec-4] DEBUG c.l.e.service.HrService -
                Employees Data Fetched
2021-08-11 20:35:15 [http-nio-9192-exec-5] DEBUG c.l.e.service.HrService -
                Getting all roles from database
2021-08-11 20:35:59 [http-nio-9192-exec-7] DEBUG c.l.e.service.HrService -
                Employees Data Fetched
2021-08-11 20:35:59 [http-nio-9192-exec-7] DEBUG c.l.e.service.HrService -
                Employees Data Fetched
2021-08-11 20:35:59 [http-nio-9192-exec-7] DEBUG c.l.e.service.HrService -
                Employee Demographics Saved in Repository 
2021-08-11 20:35:59 [http-nio-9192-exec-7] DEBUG c.l.e.service.HrService -
                User SavedUser(sno=327, emailId=indraneel3236@gmail.com, password=Abc125@fd, roleId=1, userId=EmployeeDemographics(employeeId=326, employeeCode=LIS326, firstName=Sharath Raju, lastName=Sharath Raju, dob=null, bloodGroup=null, aadharNumber=null, fatherName=null, motherName=null, emailId=indraneel3236@gmail.com, phoneNumber=null, sslc=null, hsc=null, ug=null, role=1, gender=null, emergencyContactName=null, emergencyContactRelation=null, emergencyContactPhoneNumber=null, password=null, createdAt=2021-08-11 20:35:59.161, currentStatus=INCOMPLETE, rejectReason=null, addressList=null))
2021-08-11 20:36:21 [http-nio-9192-exec-9] DEBUG c.l.e.service.HrService -
                Employees Data Fetched
2021-08-11 20:36:23 [http-nio-9192-exec-10] DEBUG c.l.e.service.HrService -
                Getting all roles from database
2021-08-11 20:36:43 [http-nio-9192-exec-2] DEBUG c.l.e.service.HrService -
                Employees Data Fetched
2021-08-11 20:36:43 [http-nio-9192-exec-2] DEBUG c.l.e.service.HrService -
                Employees Data Fetched
2021-08-11 20:36:43 [http-nio-9192-exec-2] DEBUG c.l.e.service.HrService -
                Employee Demographics Saved in Repository 
2021-08-11 20:36:43 [http-nio-9192-exec-2] DEBUG c.l.e.service.HrService -
                User SavedUser(sno=329, emailId=user3@gmail.com, password=Abc1235@fd, roleId=1, userId=EmployeeDemographics(employeeId=328, employeeCode=LIS328, firstName=Sharath Raju Abc, lastName=Sharath Raju Abc, dob=null, bloodGroup=null, aadharNumber=null, fatherName=null, motherName=null, emailId=user3@gmail.com, phoneNumber=null, sslc=null, hsc=null, ug=null, role=1, gender=null, emergencyContactName=null, emergencyContactRelation=null, emergencyContactPhoneNumber=null, password=null, createdAt=2021-08-11 20:36:43.834, currentStatus=INCOMPLETE, rejectReason=null, addressList=null))
2021-08-11 20:37:20 [http-nio-9192-exec-4] DEBUG c.l.e.service.HrService -
                Employees Data Fetched
2021-08-11 20:37:23 [http-nio-9192-exec-6] DEBUG c.l.e.service.HrService -
                Getting all roles from database
2021-08-11 20:37:56 [http-nio-9192-exec-8] DEBUG c.l.e.service.HrService -
                Employees Data Fetched
2021-08-11 20:37:56 [http-nio-9192-exec-9] DEBUG c.l.e.service.HrService -
                Getting all roles from database
2021-08-11 20:38:39 [http-nio-9192-exec-1] DEBUG c.l.e.service.HrService -
                Employees Data Fetched
2021-08-11 20:38:39 [http-nio-9192-exec-1] DEBUG c.l.e.service.HrService -
                Employees Data Fetched
2021-08-11 20:38:39 [http-nio-9192-exec-1] DEBUG c.l.e.service.HrService -
                Employee Demographics Saved in Repository 
2021-08-11 20:38:39 [http-nio-9192-exec-1] DEBUG c.l.e.service.HrService -
                User SavedUser(sno=331, emailId=indraneel3555@gmail.com, password=Abc1235@fd, roleId=1, userId=EmployeeDemographics(employeeId=330, employeeCode=LIS330, firstName=Sharath Kumar, lastName=Sharath Kumar, dob=null, bloodGroup=null, aadharNumber=null, fatherName=null, motherName=null, emailId=indraneel3555@gmail.com, phoneNumber=null, sslc=null, hsc=null, ug=null, role=1, gender=null, emergencyContactName=null, emergencyContactRelation=null, emergencyContactPhoneNumber=null, password=null, createdAt=2021-08-11 20:38:39.737, currentStatus=INCOMPLETE, rejectReason=null, addressList=null))
2021-08-11 20:38:48 [http-nio-9192-exec-3] DEBUG c.l.e.service.HrService -
                Employees Data Fetched
2021-08-11 20:39:43 [http-nio-9192-exec-5] DEBUG c.l.e.service.HrService -
                Employees Data Fetched
2021-08-11 20:40:00 [http-nio-9192-exec-6] DEBUG c.l.e.service.HrService -
                Getting all roles from database
2021-08-11 20:40:10 [http-nio-9192-exec-7] DEBUG c.l.e.service.HrService -
                Employees Data Fetched
2021-08-11 20:41:30 [http-nio-9192-exec-9] DEBUG c.l.e.service.HrService -
                Employees Data Fetched
2021-08-11 20:41:38 [http-nio-9192-exec-10] DEBUG c.l.e.service.HrService -
                Employees Data Fetched
2021-08-11 20:41:40 [http-nio-9192-exec-1] DEBUG c.l.e.service.HrService -
                Employees Data Fetched
2021-08-11 20:41:44 [http-nio-9192-exec-3] DEBUG c.l.e.service.HrService -
                Employees Data Fetched
2021-08-11 20:41:45 [http-nio-9192-exec-4] DEBUG c.l.e.service.HrService -
                Employees Data Fetched
2021-08-11 20:41:54 [http-nio-9192-exec-5] DEBUG c.l.e.service.HrService -
                Employees Data Fetched
2021-08-11 20:41:56 [http-nio-9192-exec-7] DEBUG c.l.e.service.HrService -
                Employees Data Fetched
2021-08-11 20:41:58 [http-nio-9192-exec-8] DEBUG c.l.e.service.HrService -
                Employees Data Fetched
2021-08-11 20:42:00 [http-nio-9192-exec-9] DEBUG c.l.e.service.HrService -
                Employees Data Fetched
2021-08-11 20:42:02 [http-nio-9192-exec-10] DEBUG c.l.e.service.HrService -
                Employees Data Fetched
2021-08-11 20:42:09 [http-nio-9192-exec-2] DEBUG c.l.e.service.HrService -
                Employees Data Fetched
2021-08-11 20:42:32 [http-nio-9192-exec-4] DEBUG c.l.e.service.HrService -
                Getting all roles from database
2021-08-11 20:42:56 [http-nio-9192-exec-5] DEBUG c.l.e.service.HrService -
                Employees Data Fetched
2021-08-11 20:42:56 [http-nio-9192-exec-5] DEBUG c.l.e.service.HrService -
                Employees Data Fetched
2021-08-11 20:42:56 [http-nio-9192-exec-5] DEBUG c.l.e.service.HrService -
                Employee Demographics Saved in Repository 
2021-08-11 20:42:56 [http-nio-9192-exec-5] DEBUG c.l.e.service.HrService -
                User SavedUser(sno=333, emailId=komali@gmail.com, password=Abc1235@fd, roleId=1, userId=EmployeeDemographics(employeeId=332, employeeCode=LIS332, firstName=Komali, lastName=Komali, dob=null, bloodGroup=null, aadharNumber=null, fatherName=null, motherName=null, emailId=komali@gmail.com, phoneNumber=null, sslc=null, hsc=null, ug=null, role=1, gender=null, emergencyContactName=null, emergencyContactRelation=null, emergencyContactPhoneNumber=null, password=null, createdAt=2021-08-11 20:42:56.424, currentStatus=INCOMPLETE, rejectReason=null, addressList=null))
2021-08-11 20:46:08 [http-nio-9192-exec-7] DEBUG c.l.e.service.HrService -
                Employees Data Fetched
2021-08-11 20:46:08 [http-nio-9192-exec-7] DEBUG c.l.e.service.HrService -
                Employees Data Fetched
2021-08-11 20:46:08 [http-nio-9192-exec-7] DEBUG c.l.e.service.HrService -
                Employee Demographics Saved in Repository 
2021-08-11 20:46:08 [http-nio-9192-exec-7] DEBUG c.l.e.service.HrService -
                User SavedUser(sno=335, emailId=Sharat@gmail.com, password=Abc1235@fd, roleId=1, userId=EmployeeDemographics(employeeId=334, employeeCode=LIS334, firstName=Sharaaat, lastName=Sharaaat, dob=null, bloodGroup=null, aadharNumber=null, fatherName=null, motherName=null, emailId=Sharat@gmail.com, phoneNumber=null, sslc=null, hsc=null, ug=null, role=1, gender=null, emergencyContactName=null, emergencyContactRelation=null, emergencyContactPhoneNumber=null, password=null, createdAt=2021-08-11 20:46:08.638, currentStatus=INCOMPLETE, rejectReason=null, addressList=null))
2021-08-11 20:48:25 [http-nio-9192-exec-9] DEBUG c.l.e.service.HrService -
                Employees Data Fetched
2021-08-11 20:48:38 [http-nio-9192-exec-1] DEBUG c.l.e.service.HrService -
                Getting all roles from database
2021-08-11 20:49:48 [http-nio-9192-exec-3] DEBUG c.l.e.service.HrService -
                Employees Data Fetched
2021-08-11 20:54:14 [http-nio-9192-exec-5] DEBUG c.l.e.service.HrService -
                Employees Data Fetched
2021-08-11 20:54:34 [http-nio-9192-exec-7] DEBUG c.l.e.service.HrService -
                Employees Data Fetched
2021-08-11 20:55:46 [http-nio-9192-exec-9] DEBUG c.l.e.service.HrService -
                Getting all roles from database
2021-08-11 20:56:26 [http-nio-9192-exec-10] DEBUG c.l.e.service.HrService -
                Employees Data Fetched
2021-08-11 20:57:00 [http-nio-9192-exec-1] DEBUG c.l.e.service.HrService -
                Employees Data Fetched
2021-08-11 20:59:08 [http-nio-9192-exec-3] DEBUG c.l.e.service.HrService -
                Employees Data Fetched
2021-08-11 20:59:10 [http-nio-9192-exec-4] DEBUG c.l.e.service.HrService -
                Getting all roles from database
2021-08-11 20:59:40 [http-nio-9192-exec-6] DEBUG c.l.e.service.HrService -
                Employees Data Fetched
2021-08-11 21:01:07 [http-nio-9192-exec-7] DEBUG c.l.e.service.HrService -
                Employees Data Fetched
2021-08-11 21:01:09 [http-nio-9192-exec-8] DEBUG c.l.e.service.HrService -
                Getting all roles from database
2021-08-11 21:01:28 [http-nio-9192-exec-1] DEBUG c.l.e.service.HrService -
                Employees Data Fetched
2021-08-11 21:01:36 [http-nio-9192-exec-2] DEBUG c.l.e.service.HrService -
                Employees Data Fetched
2021-08-11 21:01:40 [http-nio-9192-exec-3] DEBUG c.l.e.service.HrService -
                Employees Data Fetched
2021-08-11 21:02:32 [http-nio-9192-exec-4] DEBUG c.l.e.service.HrService -
                Employees Data Fetched
2021-08-11 21:02:51 [main] INFO  c.l.e.OnboardingApplication -
                Starting OnboardingApplication using Java 1.8.0_291 on LT-NB-163 with PID 3792 (C:\Users\indraneel.suribhotla\Desktop\Employee Onboarding - Copy\target\classes started by indraneel.suribhotla in C:\Users\indraneel.suribhotla\Desktop\Employee Onboarding - Copy)
2021-08-11 21:02:51 [main] DEBUG c.l.e.OnboardingApplication -
                Running with Spring Boot v2.5.3, Spring v5.3.9
2021-08-11 21:02:51 [main] INFO  c.l.e.OnboardingApplication -
                No active profile set, falling back to default profiles: default
2021-08-11 21:03:02 [main] INFO  c.l.e.OnboardingApplication -
                Started OnboardingApplication in 11.662 seconds (JVM running for 12.718)
2021-08-11 21:03:43 [http-nio-9192-exec-1] DEBUG c.l.e.service.HrService -
                Getting all roles from database
2021-08-11 21:04:01 [http-nio-9192-exec-3] DEBUG c.l.e.service.HrService -
                Employees Data Fetched
2021-08-11 21:04:01 [http-nio-9192-exec-3] DEBUG c.l.e.service.HrService -
                Employees Data Fetched
2021-08-11 21:04:01 [http-nio-9192-exec-3] DEBUG c.l.e.service.HrService -
                Employee Demographics Saved in Repository 
2021-08-11 21:04:01 [http-nio-9192-exec-3] DEBUG c.l.e.service.HrService -
                User SavedUser(sno=337, emailId=user3@gmail.com, password=Abc1235@fd, roleId=1, userId=EmployeeDemographics(employeeId=336, employeeCode=LIS1, firstName=Neeeel, lastName=Neeeel, dob=null, bloodGroup=null, aadharNumber=null, fatherName=null, motherName=null, emailId=user3@gmail.com, phoneNumber=null, sslc=null, hsc=null, ug=null, role=1, gender=null, emergencyContactName=null, emergencyContactRelation=null, emergencyContactPhoneNumber=null, password=null, createdAt=2021-08-11 21:04:01.213, currentStatus=INCOMPLETE, rejectReason=null, addressList=null))
2021-08-11 21:04:06 [http-nio-9192-exec-5] DEBUG c.l.e.service.HrService -
                Employees Data Fetched
2021-08-11 21:07:18 [http-nio-9192-exec-7] DEBUG c.l.e.service.HrService -
                Employees Data Fetched
2021-08-11 21:07:20 [http-nio-9192-exec-8] DEBUG c.l.e.service.HrService -
                Getting all roles from database
2021-08-11 21:07:44 [http-nio-9192-exec-10] DEBUG c.l.e.service.HrService -
                Employees Data Fetched
2021-08-11 21:08:25 [http-nio-9192-exec-2] DEBUG c.l.e.service.HrService -
                Employees Data Fetched
2021-08-11 21:08:25 [http-nio-9192-exec-3] DEBUG c.l.e.service.HrService -
                Getting all roles from database
2021-08-11 21:08:40 [http-nio-9192-exec-5] DEBUG c.l.e.service.HrService -
                Employees Data Fetched
2021-08-11 21:08:40 [http-nio-9192-exec-5] DEBUG c.l.e.service.HrService -
                Employees Data Fetched
2021-08-11 21:08:40 [http-nio-9192-exec-5] DEBUG c.l.e.service.HrService -
                Employee Demographics Saved in Repository 
2021-08-11 21:08:40 [http-nio-9192-exec-5] DEBUG c.l.e.service.HrService -
                User SavedUser(sno=339, emailId=indraneel3164@gmail.com, password=Abc1235@fd, roleId=1, userId=EmployeeDemographics(employeeId=338, employeeCode=LIS338, firstName=ABCBCA, lastName=ABCBCA, dob=null, bloodGroup=null, aadharNumber=null, fatherName=null, motherName=null, emailId=indraneel3164@gmail.com, phoneNumber=null, sslc=null, hsc=null, ug=null, role=1, gender=null, emergencyContactName=null, emergencyContactRelation=null, emergencyContactPhoneNumber=null, password=null, createdAt=2021-08-11 21:08:40.25, currentStatus=INCOMPLETE, rejectReason=null, addressList=null))
2021-08-11 21:08:45 [http-nio-9192-exec-6] DEBUG c.l.e.service.HrService -
                Employees Data Fetched
2021-08-11 21:16:10 [main] INFO  c.l.e.OnboardingApplication -
                Starting OnboardingApplication using Java 1.8.0_291 on LT-NB-163 with PID 3752 (C:\Users\indraneel.suribhotla\Desktop\Employee Onboarding - Copy\target\classes started by indraneel.suribhotla in C:\Users\indraneel.suribhotla\Desktop\Employee Onboarding - Copy)
2021-08-11 21:16:10 [main] DEBUG c.l.e.OnboardingApplication -
                Running with Spring Boot v2.5.3, Spring v5.3.9
2021-08-11 21:16:10 [main] INFO  c.l.e.OnboardingApplication -
                No active profile set, falling back to default profiles: default
2021-08-11 21:16:20 [main] INFO  c.l.e.OnboardingApplication -
                Started OnboardingApplication in 11.175 seconds (JVM running for 12.323)
2021-08-11 21:16:32 [http-nio-9192-exec-1] DEBUG c.l.e.service.HrService -
                Employees Data Fetched
2021-08-11 21:16:33 [http-nio-9192-exec-2] DEBUG c.l.e.service.HrService -
                Getting all roles from database
2021-08-11 21:16:49 [http-nio-9192-exec-3] DEBUG c.l.e.service.HrService -
                Employees Data Fetched
2021-08-11 21:16:49 [http-nio-9192-exec-3] DEBUG c.l.e.service.HrService -
                Employees Data Fetched
2021-08-11 21:16:49 [http-nio-9192-exec-3] DEBUG c.l.e.service.HrService -
                Employee Demographics Saved in Repository 
2021-08-11 21:16:49 [http-nio-9192-exec-3] DEBUG c.l.e.service.HrService -
                User SavedUser(sno=341, emailId=goutham@gmail.com, password=Abc1235@fd, roleId=1, userId=EmployeeDemographics(employeeId=340, employeeCode=LIS340, firstName=Goutham , lastName=Goutham , dob=null, bloodGroup=null, aadharNumber=null, fatherName=null, motherName=null, emailId=goutham@gmail.com, phoneNumber=null, sslc=null, hsc=null, ug=null, role=1, gender=null, emergencyContactName=null, emergencyContactRelation=null, emergencyContactPhoneNumber=null, password=null, createdAt=2021-08-11 21:16:49.451, currentStatus=INCOMPLETE, rejectReason=null, addressList=null))
2021-08-11 21:16:56 [http-nio-9192-exec-4] DEBUG c.l.e.service.HrService -
                Employees Data Fetched
2021-08-11 21:25:33 [main] INFO  c.l.e.OnboardingApplication -
                Starting OnboardingApplication using Java 1.8.0_291 on LT-NB-163 with PID 2888 (C:\Users\indraneel.suribhotla\Desktop\Employee Onboarding - Copy\target\classes started by indraneel.suribhotla in C:\Users\indraneel.suribhotla\Desktop\Employee Onboarding - Copy)
2021-08-11 21:25:33 [main] DEBUG c.l.e.OnboardingApplication -
                Running with Spring Boot v2.5.3, Spring v5.3.9
2021-08-11 21:25:33 [main] INFO  c.l.e.OnboardingApplication -
                No active profile set, falling back to default profiles: default
2021-08-11 21:25:42 [main] INFO  c.l.e.OnboardingApplication -
                Started OnboardingApplication in 9.214 seconds (JVM running for 10.007)
2021-08-11 21:26:45 [http-nio-9192-exec-1] DEBUG c.l.e.service.HrService -
                Getting all roles from database
2021-08-11 21:27:07 [http-nio-9192-exec-2] DEBUG c.l.e.service.HrService -
                Employees Data Fetched
2021-08-11 21:27:07 [http-nio-9192-exec-2] DEBUG c.l.e.service.HrService -
                Employees Data Fetched
2021-08-11 21:27:07 [http-nio-9192-exec-2] DEBUG c.l.e.service.HrService -
                Employee Demographics Saved in Repository 
2021-08-11 21:27:07 [http-nio-9192-exec-2] DEBUG c.l.e.service.HrService -
                User SavedUser(sno=343, emailId=indraneel3162@gmail.com, password=Abc1235@fd, roleId=1, userId=EmployeeDemographics(employeeId=342, employeeCode=LIS342, firstName=Neeel, lastName=Neeel, dob=null, bloodGroup=null, aadharNumber=null, fatherName=null, motherName=null, emailId=indraneel3162@gmail.com, phoneNumber=null, sslc=null, hsc=null, ug=null, role=1, gender=null, emergencyContactName=null, emergencyContactRelation=null, emergencyContactPhoneNumber=null, password=null, createdAt=2021-08-11 21:27:07.169, currentStatus=INCOMPLETE, rejectReason=null, addressList=null))
2021-08-11 21:27:12 [http-nio-9192-exec-3] DEBUG c.l.e.service.HrService -
                Employees Data Fetched
2021-08-11 21:27:27 [http-nio-9192-exec-5] DEBUG c.l.e.service.LoginService -
                login details returned[342, 1, INCOMPLETE]
2021-08-11 21:27:53 [http-nio-9192-exec-6] DEBUG c.l.e.OnboardingApplication -
                Request ID 342
2021-08-11 21:27:53 [http-nio-9192-exec-6] DEBUG c.l.e.OnboardingApplication -
                Request Body EmployeeDemographicsVo(employeeId=0, employeeCode=null, firstName=fsdfdsfsdf, lastName=gksdfsd, dob=30/03/2000, bloodGroup=tyryty, aadharNumber=32425461, fatherName=dgfg, motherName=tertre, emailId=indraneel3162@gmail.com , phoneNumber=85766325, sslc=7.0, hsc=7.0, ug=7.0, gender=male, emergencyContactName=kgret, emergencyContactRelation=jsfdds, emergencyContactPhoneNumber=94235661, password=gfhgf, currentStatus=Incomplete, rejectReason=fdsf, addressList=[Address(addressId=0, employeeCode=null, type=null, flatName=ABC flats, streetName=XYZ street, area=Perungudi, state=TamilNadu, country=India, city=Chennai, pinCode=600213, mapCoordinates=15°N, 30°E.), Address(addressId=0, employeeCode=null, type=null, flatName=ABC flats, streetName=XYZ street, area=Perungudi, state=TamilNadu, country=India, city=Chennai, pinCode=600213, mapCoordinates=15°N, 30°E.)], action=Submit)
2021-08-11 21:27:53 [http-nio-9192-exec-6] DEBUG c.l.e.s.EmployeeDemographicsService -
                Employee savedEmployeeDemographics(employeeId=342, employeeCode=LIS342, firstName=fsdfdsfsdf, lastName=gksdfsd, dob=30/03/2000, bloodGroup=tyryty, aadharNumber=32425461, fatherName=dgfg, motherName=tertre, emailId=indraneel3162@gmail.com , phoneNumber=85766325, sslc=7.0, hsc=7.0, ug=7.0, role=1, gender=male, emergencyContactName=kgret, emergencyContactRelation=jsfdds, emergencyContactPhoneNumber=94235661, password=null, createdAt=2021-08-11 21:27:07.0, currentStatus=PENDING, rejectReason=Not Rejected Yet, addressList=[Address(addressId=344, employeeCode=LIS342, type=Present, flatName=ABC flats, streetName=XYZ street, area=Perungudi, state=TamilNadu, country=India, city=Chennai, pinCode=600213, mapCoordinates=15°N, 30°E.), Address(addressId=345, employeeCode=LIS342, type=Permanent, flatName=ABC flats, streetName=XYZ street, area=Perungudi, state=TamilNadu, country=India, city=Chennai, pinCode=600213, mapCoordinates=15°N, 30°E.)])
2021-08-11 21:28:17 [http-nio-9192-exec-8] DEBUG c.l.e.service.HrService -
                Employees Data Fetched
2021-08-11 21:28:26 [http-nio-9192-exec-10] DEBUG c.l.e.service.MailSenderService -
                Mail Sent
2021-08-11 21:28:26 [http-nio-9192-exec-10] DEBUG c.l.e.service.HrService -
                Status Updated
2021-08-11 21:28:27 [http-nio-9192-exec-1] DEBUG c.l.e.service.MailSenderService -
                Mail Sent
2021-08-11 21:28:27 [http-nio-9192-exec-1] DEBUG c.l.e.service.HrService -
                Status Updated
2021-08-11 21:28:51 [http-nio-9192-exec-2] DEBUG c.l.e.service.HrService -
                Employees Data Fetched
2021-08-11 21:28:55 [http-nio-9192-exec-4] DEBUG c.l.e.service.HrService -
                Getting all roles from database
2021-08-11 21:29:13 [http-nio-9192-exec-5] DEBUG c.l.e.service.HrService -
                Employees Data Fetched
2021-08-11 21:29:13 [http-nio-9192-exec-5] DEBUG c.l.e.service.HrService -
                Employees Data Fetched
2021-08-11 21:29:15 [http-nio-9192-exec-6] DEBUG c.l.e.service.HrService -
                Employees Data Fetched
2021-08-11 21:29:15 [http-nio-9192-exec-6] DEBUG c.l.e.service.HrService -
                Employees Data Fetched
2021-08-11 21:29:22 [http-nio-9192-exec-7] DEBUG c.l.e.service.HrService -
                Employees Data Fetched
2021-08-11 21:29:22 [http-nio-9192-exec-7] DEBUG c.l.e.service.HrService -
                Employees Data Fetched
2021-08-11 21:29:22 [http-nio-9192-exec-7] DEBUG c.l.e.service.HrService -
                Employee Demographics Saved in Repository 
2021-08-11 21:29:22 [http-nio-9192-exec-7] DEBUG c.l.e.service.HrService -
                User SavedUser(sno=349, emailId=user31@gmail.com, password=Abc1235@fd, roleId=1, userId=EmployeeDemographics(employeeId=348, employeeCode=LIS344, firstName=Goutham , lastName=Goutham , dob=null, bloodGroup=null, aadharNumber=null, fatherName=null, motherName=null, emailId=user31@gmail.com, phoneNumber=null, sslc=null, hsc=null, ug=null, role=1, gender=null, emergencyContactName=null, emergencyContactRelation=null, emergencyContactPhoneNumber=null, password=null, createdAt=2021-08-11 21:29:22.45, currentStatus=INCOMPLETE, rejectReason=null, addressList=null))
2021-08-11 21:29:26 [http-nio-9192-exec-8] DEBUG c.l.e.service.HrService -
                Employees Data Fetched
2021-08-11 21:29:52 [http-nio-9192-exec-10] DEBUG c.l.e.service.LoginService -
                login details returned[348, 1, INCOMPLETE]
2021-08-11 21:30:21 [http-nio-9192-exec-1] DEBUG c.l.e.OnboardingApplication -
                Request ID 348
2021-08-11 21:30:21 [http-nio-9192-exec-1] DEBUG c.l.e.OnboardingApplication -
                Request Body EmployeeDemographicsVo(employeeId=0, employeeCode=null, firstName=fsdfdsfsdf, lastName=gksdfsd, dob=30/03/2000, bloodGroup=tyryty, aadharNumber=32425461, fatherName=dgfg, motherName=tertre, emailId=user31@gmail.com, phoneNumber=85766325, sslc=7.0, hsc=7.0, ug=7.0, gender=male, emergencyContactName=kgret, emergencyContactRelation=jsfdds, emergencyContactPhoneNumber=94235661, password=gfhgf, currentStatus=Incomplete, rejectReason=fdsf, addressList=[Address(addressId=0, employeeCode=null, type=null, flatName=ABC flats, streetName=XYZ street, area=Perungudi, state=TamilNadu, country=India, city=Chennai, pinCode=600213, mapCoordinates=15°N, 30°E.), Address(addressId=0, employeeCode=null, type=null, flatName=ABC flats, streetName=XYZ street, area=Perungudi, state=TamilNadu, country=India, city=Chennai, pinCode=600213, mapCoordinates=15°N, 30°E.)], action=Submit)
2021-08-11 21:30:55 [main] INFO  c.l.e.OnboardingApplication -
                Starting OnboardingApplication using Java 1.8.0_291 on LT-NB-163 with PID 12504 (C:\Users\indraneel.suribhotla\Desktop\Employee Onboarding - Copy\target\classes started by indraneel.suribhotla in C:\Users\indraneel.suribhotla\Desktop\Employee Onboarding - Copy)
2021-08-11 21:30:55 [main] DEBUG c.l.e.OnboardingApplication -
                Running with Spring Boot v2.5.3, Spring v5.3.9
2021-08-11 21:30:55 [main] INFO  c.l.e.OnboardingApplication -
                No active profile set, falling back to default profiles: default
2021-08-11 21:31:03 [main] INFO  c.l.e.OnboardingApplication -
                Started OnboardingApplication in 8.813 seconds (JVM running for 9.586)
2021-08-11 21:31:05 [http-nio-9192-exec-1] DEBUG c.l.e.service.LoginService -
                login details returned[348, 1, INCOMPLETE]
2021-08-11 21:31:13 [http-nio-9192-exec-3] DEBUG c.l.e.OnboardingApplication -
                Request ID 348
2021-08-11 21:31:14 [http-nio-9192-exec-3] DEBUG c.l.e.OnboardingApplication -
                Request Body EmployeeDemographicsVo(employeeId=0, employeeCode=null, firstName=fsdfdsfsdf, lastName=gksdfsd, dob=30/03/2000, bloodGroup=tyryty, aadharNumber=32425461, fatherName=dgfg, motherName=tertre, emailId=user31@gmail.com, phoneNumber=85766325, sslc=7.0, hsc=7.0, ug=7.0, gender=male, emergencyContactName=kgret, emergencyContactRelation=jsfdds, emergencyContactPhoneNumber=94235661, password=gfhgf, currentStatus=Incomplete, rejectReason=fdsf, addressList=[Address(addressId=0, employeeCode=null, type=null, flatName=ABC flats, streetName=XYZ street, area=Perungudi, state=TamilNadu, country=India, city=Chennai, pinCode=600213, mapCoordinates=15°N, 30°E.), Address(addressId=0, employeeCode=null, type=null, flatName=ABC flats, streetName=XYZ street, area=Perungudi, state=TamilNadu, country=India, city=Chennai, pinCode=600213, mapCoordinates=15°N, 30°E.)], action=Submit)
2021-08-11 21:31:47 [http-nio-9192-exec-5] DEBUG c.l.e.OnboardingApplication -
                Request ID 348
2021-08-11 21:31:47 [http-nio-9192-exec-5] DEBUG c.l.e.OnboardingApplication -
                Request Body EmployeeDemographicsVo(employeeId=0, employeeCode=null, firstName=fsdfdsfsdf, lastName=gksdfsd, dob=30/03/2000, bloodGroup=tyryty, aadharNumber=32425461, fatherName=dgfg, motherName=tertre, emailId=user31@gmail.com, phoneNumber=85766325, sslc=7.0, hsc=7.0, ug=7.0, gender=male, emergencyContactName=kgret, emergencyContactRelation=jsfdds, emergencyContactPhoneNumber=94235661, password=gfhgf, currentStatus=Incomplete, rejectReason=fdsf, addressList=[Address(addressId=0, employeeCode=null, type=null, flatName=ABC flats, streetName=XYZ street, area=Perungudi, state=TamilNadu, country=India, city=Chennai, pinCode=600213, mapCoordinates=15°N, 30°E.), Address(addressId=0, employeeCode=null, type=null, flatName=ABC flats, streetName=XYZ street, area=Perungudi, state=TamilNadu, country=India, city=Chennai, pinCode=600213, mapCoordinates=15°N, 30°E.)], action=Submit)
2021-08-11 21:32:12 [http-nio-9192-exec-7] DEBUG c.l.e.OnboardingApplication -
                Request ID 348
2021-08-11 21:32:12 [http-nio-9192-exec-7] DEBUG c.l.e.OnboardingApplication -
                Request Body EmployeeDemographicsVo(employeeId=0, employeeCode=null, firstName=fsdfdsfsdf, lastName=gksdfsd, dob=30/03/2000, bloodGroup=tyryty, aadharNumber=324254611, fatherName=dgfg, motherName=tertre, emailId=user31@gmail.com, phoneNumber=857663125, sslc=7.0, hsc=7.0, ug=7.0, gender=male, emergencyContactName=kgret, emergencyContactRelation=jsfdds, emergencyContactPhoneNumber=942235661, password=gfhgf, currentStatus=Incomplete, rejectReason=fdsf, addressList=[Address(addressId=0, employeeCode=null, type=null, flatName=ABC flats, streetName=XYZ street, area=Perungudi, state=TamilNadu, country=India, city=Chennai, pinCode=600213, mapCoordinates=15°N, 30°E.), Address(addressId=0, employeeCode=null, type=null, flatName=ABC flats, streetName=XYZ street, area=Perungudi, state=TamilNadu, country=India, city=Chennai, pinCode=600213, mapCoordinates=15°N, 30°E.)], action=Submit)
2021-08-11 21:32:12 [http-nio-9192-exec-7] DEBUG c.l.e.s.EmployeeDemographicsService -
                Employee savedEmployeeDemographics(employeeId=348, employeeCode=LIS344, firstName=fsdfdsfsdf, lastName=gksdfsd, dob=30/03/2000, bloodGroup=tyryty, aadharNumber=324254611, fatherName=dgfg, motherName=tertre, emailId=user31@gmail.com, phoneNumber=857663125, sslc=7.0, hsc=7.0, ug=7.0, role=1, gender=male, emergencyContactName=kgret, emergencyContactRelation=jsfdds, emergencyContactPhoneNumber=942235661, password=null, createdAt=2021-08-11 21:29:22.0, currentStatus=PENDING, rejectReason=Not Rejected Yet, addressList=[Address(addressId=356, employeeCode=LIS344, type=Present, flatName=ABC flats, streetName=XYZ street, area=Perungudi, state=TamilNadu, country=India, city=Chennai, pinCode=600213, mapCoordinates=15°N, 30°E.), Address(addressId=357, employeeCode=LIS344, type=Permanent, flatName=ABC flats, streetName=XYZ street, area=Perungudi, state=TamilNadu, country=India, city=Chennai, pinCode=600213, mapCoordinates=15°N, 30°E.)])
2021-08-11 21:32:27 [http-nio-9192-exec-8] DEBUG c.l.e.service.HrService -
                Employees Data Fetched
2021-08-11 21:35:48 [http-nio-9192-exec-2] DEBUG c.l.e.service.MailSenderService -
                Mail Sent
2021-08-11 21:35:48 [http-nio-9192-exec-2] DEBUG c.l.e.service.HrService -
                Status Updated
2021-08-11 21:36:04 [http-nio-9192-exec-1] DEBUG c.l.e.service.HrService -
                Employees Data Fetched
2021-08-11 21:36:08 [http-nio-9192-exec-3] DEBUG c.l.e.service.HrService -
                Getting all roles from database
2021-08-11 21:36:34 [http-nio-9192-exec-5] DEBUG c.l.e.service.HrService -
                Employees Data Fetched
2021-08-11 21:36:34 [http-nio-9192-exec-5] DEBUG c.l.e.service.HrService -
                Employees Data Fetched
2021-08-11 21:36:34 [http-nio-9192-exec-5] DEBUG c.l.e.service.HrService -
                Employee Demographics Saved in Repository 
2021-08-11 21:36:34 [http-nio-9192-exec-5] DEBUG c.l.e.service.HrService -
                User SavedUser(sno=359, emailId=user4@gmail.com, password=Abc123@fd, roleId=1, userId=EmployeeDemographics(employeeId=358, employeeCode=LIS350, firstName=Goutham  B, lastName=Goutham  B, dob=null, bloodGroup=null, aadharNumber=null, fatherName=null, motherName=null, emailId=user4@gmail.com, phoneNumber=null, sslc=null, hsc=null, ug=null, role=1, gender=null, emergencyContactName=null, emergencyContactRelation=null, emergencyContactPhoneNumber=null, password=null, createdAt=2021-08-11 21:36:34.958, currentStatus=INCOMPLETE, rejectReason=null, addressList=null))
2021-08-11 21:36:39 [http-nio-9192-exec-6] DEBUG c.l.e.service.HrService -
                Employees Data Fetched
2021-08-11 21:36:59 [http-nio-9192-exec-8] ERROR c.l.e.service.LoginService -
                Employee With email id user4@gmail.com cant be accessed
2021-08-11 21:37:28 [http-nio-9192-exec-9] DEBUG c.l.e.service.LoginService -
                login details returned[358, 1, INCOMPLETE]
2021-08-11 21:38:11 [http-nio-9192-exec-1] DEBUG c.l.e.OnboardingApplication -
                Request ID 358
2021-08-11 21:38:11 [http-nio-9192-exec-1] DEBUG c.l.e.OnboardingApplication -
                Request Body EmployeeDemographicsVo(employeeId=0, employeeCode=null, firstName=Goutham, lastName=gksdfsd, dob=30/03/2000, bloodGroup=tyryty, aadharNumber=34254611, fatherName=dgfg, motherName=tertre, emailId=user4@gmail.com, phoneNumber=85763125, sslc=7.0, hsc=7.0, ug=7.0, gender=male, emergencyContactName=kgret, emergencyContactRelation=jsfdds, emergencyContactPhoneNumber=42235661, password=gfhgf, currentStatus=Incomplete, rejectReason=fdsf, addressList=[Address(addressId=0, employeeCode=null, type=null, flatName=ABC flats, streetName=XYZ street, area=Perungudi, state=TamilNadu, country=India, city=Chennai, pinCode=600213, mapCoordinates=15°N, 30°E.), Address(addressId=0, employeeCode=null, type=null, flatName=ABC flats, streetName=XYZ street, area=Perungudi, state=TamilNadu, country=India, city=Chennai, pinCode=600213, mapCoordinates=15°N, 30°E.)], action=Submit)
2021-08-11 21:38:11 [http-nio-9192-exec-1] DEBUG c.l.e.s.EmployeeDemographicsService -
                Employee savedEmployeeDemographics(employeeId=358, employeeCode=LIS350, firstName=Goutham, lastName=gksdfsd, dob=30/03/2000, bloodGroup=tyryty, aadharNumber=34254611, fatherName=dgfg, motherName=tertre, emailId=user4@gmail.com, phoneNumber=85763125, sslc=7.0, hsc=7.0, ug=7.0, role=1, gender=male, emergencyContactName=kgret, emergencyContactRelation=jsfdds, emergencyContactPhoneNumber=42235661, password=null, createdAt=2021-08-11 21:36:35.0, currentStatus=PENDING, rejectReason=Not Rejected Yet, addressList=[Address(addressId=360, employeeCode=LIS350, type=Present, flatName=ABC flats, streetName=XYZ street, area=Perungudi, state=TamilNadu, country=India, city=Chennai, pinCode=600213, mapCoordinates=15°N, 30°E.), Address(addressId=361, employeeCode=LIS350, type=Permanent, flatName=ABC flats, streetName=XYZ street, area=Perungudi, state=TamilNadu, country=India, city=Chennai, pinCode=600213, mapCoordinates=15°N, 30°E.)])
2021-08-11 21:38:23 [http-nio-9192-exec-3] DEBUG c.l.e.service.HrService -
                Employees Data Fetched
2021-08-11 21:38:36 [http-nio-9192-exec-4] DEBUG c.l.e.service.MailSenderService -
                Mail Sent
2021-08-11 21:38:36 [http-nio-9192-exec-4] DEBUG c.l.e.service.HrService -
                Status Updated
2021-08-11 21:38:49 [http-nio-9192-exec-5] DEBUG c.l.e.service.HrService -
                Employees Data Fetched
2021-08-11 21:43:37 [http-nio-9192-exec-7] DEBUG c.l.e.service.HrService -
                Employees Data Fetched
2021-08-11 23:26:03 [http-nio-9192-exec-10] DEBUG c.l.e.service.HrService -
                Employees Data Fetched
2021-08-11 23:27:09 [http-nio-9192-exec-3] DEBUG c.l.e.service.LoginService -
                login details returned[338, 1, INCOMPLETE]
2021-08-11 23:27:13 [http-nio-9192-exec-4] DEBUG c.l.e.service.LoginService -
                login details returned[338, 1, INCOMPLETE]
2021-08-11 23:27:19 [http-nio-9192-exec-5] DEBUG c.l.e.service.LoginService -
                login details returned[338, 1, INCOMPLETE]
2021-08-11 23:27:19 [http-nio-9192-exec-6] DEBUG c.l.e.service.LoginService -
                login details returned[338, 1, INCOMPLETE]
2021-08-11 23:28:09 [http-nio-9192-exec-7] DEBUG c.l.e.service.LoginService -
                login details returned[338, 1, INCOMPLETE]
2021-08-11 23:28:30 [http-nio-9192-exec-2] DEBUG c.l.e.service.HrService -
                Employees Data Fetched
2021-08-11 23:28:30 [http-nio-9192-exec-2] DEBUG c.l.e.service.HrService -
                Employees Data Fetched
2021-08-11 23:28:30 [http-nio-9192-exec-2] DEBUG c.l.e.service.HrService -
                Employee Demographics Saved in Repository 
2021-08-11 23:28:30 [http-nio-9192-exec-2] DEBUG c.l.e.service.HrService -
                User SavedUser(sno=363, emailId=indraneel3163@gmail.com, password=Abc1235@fd, roleId=3, userId=EmployeeDemographics(employeeId=362, employeeCode=LIS360, firstName=Neel, lastName=Neel, dob=null, bloodGroup=null, aadharNumber=null, fatherName=null, motherName=null, emailId=indraneel3163@gmail.com, phoneNumber=null, sslc=null, hsc=null, ug=null, role=3, gender=null, emergencyContactName=null, emergencyContactRelation=null, emergencyContactPhoneNumber=null, password=null, createdAt=2021-08-11 23:28:30.602, currentStatus=INCOMPLETE, rejectReason=null, addressList=null))
2021-08-11 23:29:03 [http-nio-9192-exec-1] DEBUG c.l.e.service.HrService -
                Employees Data Fetched
2021-08-11 23:29:03 [http-nio-9192-exec-1] DEBUG c.l.e.service.HrService -
                Employees Data Fetched
2021-08-11 23:29:03 [http-nio-9192-exec-1] DEBUG c.l.e.service.HrService -
                Employee Demographics Saved in Repository 
2021-08-11 23:29:03 [http-nio-9192-exec-1] DEBUG c.l.e.service.HrService -
                User SavedUser(sno=365, emailId=neel316@gmail.com, password=Abc1235@fd, roleId=1, userId=EmployeeDemographics(employeeId=364, employeeCode=LIS364, firstName=Neel, lastName=Neel, dob=null, bloodGroup=null, aadharNumber=null, fatherName=null, motherName=null, emailId=neel316@gmail.com, phoneNumber=null, sslc=null, hsc=null, ug=null, role=1, gender=null, emergencyContactName=null, emergencyContactRelation=null, emergencyContactPhoneNumber=null, password=null, createdAt=2021-08-11 23:29:03.177, currentStatus=INCOMPLETE, rejectReason=null, addressList=null))
2021-08-11 23:29:24 [http-nio-9192-exec-3] ERROR c.l.e.service.LoginService -
                Employee With email id neel316@gmail.com cant be accessed
2021-08-11 23:29:37 [http-nio-9192-exec-5] DEBUG c.l.e.service.LoginService -
                login details returned[364, 1, INCOMPLETE]
2021-08-11 23:30:02 [http-nio-9192-exec-6] DEBUG c.l.e.service.LoginService -
                login details returned[364, 1, INCOMPLETE]
2021-08-11 23:30:02 [http-nio-9192-exec-8] DEBUG c.l.e.s.EmployeeDemographicsService -
                Employee Object returned for ID364
2021-08-11 23:58:19 [http-nio-9192-exec-9] DEBUG c.l.e.s.EmployeeDemographicsService -
                Employee Object returned for ID364
