2021-08-21 00:42:10 [main] INFO  c.l.e.OnboardingApplication -
                Starting OnboardingApplication using Java 1.8.0_291 on LT-NB-163 with PID 12212 (C:\Users\indraneel.suribhotla\Desktop\Employee Onboarding - Copy\target\classes started by indraneel.suribhotla in C:\Users\indraneel.suribhotla\Desktop\Employee Onboarding - Copy)
2021-08-21 00:42:10 [main] DEBUG c.l.e.OnboardingApplication -
                Running with Spring Boot v2.5.3, Spring v5.3.9
2021-08-21 00:42:10 [main] INFO  c.l.e.OnboardingApplication -
                No active profile set, falling back to default profiles: default
2021-08-21 00:42:24 [main] INFO  c.l.e.OnboardingApplication -
                Started OnboardingApplication in 15.049 seconds (JVM running for 16.502)
2021-08-21 00:42:42 [http-nio-9192-exec-2] INFO  c.l.e.service.LoginService -
                login details returned[530, 1, REJECTED, updated user]d729ebab-9e34-4631-b44e-cc126d468252
2021-08-21 00:42:43 [http-nio-9192-exec-3] INFO  c.l.e.controller.EmployeeController -
                fetching details for id 530 93b4b0bd-e455-48a6-b1b5-cc65357d3f1f 
2021-08-21 00:42:43 [http-nio-9192-exec-3] INFO  c.l.e.s.EmployeeDemographicsService -
                Employee Object returned EmployeeDemographics(employeeId=530, employeeCode=LIS5221, firstName=Komali, lastName=Pyla, dob=2000-01-14, bloodGroup=O+ve, aadharNumber=435477436644, fatherName=ABCD, motherName=EFGH, emailId=komali@gmail.com, phoneNumber=9771596252, sslc=80.0, hsc=80.0, ug=8.0, role=1, gender=male, emergencyContactName=Neel, emergencyContactRelation=Friend, emergencyContactPhoneNumber=4354353688, password=null, createdAt=2021-08-20 21:01:31.0, currentStatus=REJECTED, rejectReason=Invalid Aadhar Number, addressList=[Address(addressId=532, employeeCode=LIS5221, type=Present, flatName=No 3, streetName=Nehru Street, area=Gachibowli, state=Andhra Pradesh, country=India, city=Vizag, pinCode=666666, mapCoordinates=454345435354 E), Address(addressId=533, employeeCode=LIS5221, type=Permanent, flatName=No 3, streetName=Nehru Street, area=Gachibowli, state=Andhra Pradesh, country=India, city=Vizag, pinCode=666666, mapCoordinates=454345435354 E)]) 93b4b0bd-e455-48a6-b1b5-cc65357d3f1f
2021-08-21 00:42:43 [http-nio-9192-exec-4] INFO  c.l.e.controller.EmployeeController -
                fetching details for id 530 4bf05050-4c0c-49e0-9d0c-809ef204d030 
2021-08-21 00:42:43 [http-nio-9192-exec-4] INFO  c.l.e.s.EmployeeDemographicsService -
                Employee Object returned EmployeeDemographics(employeeId=530, employeeCode=LIS5221, firstName=Komali, lastName=Pyla, dob=2000-01-14, bloodGroup=O+ve, aadharNumber=435477436644, fatherName=ABCD, motherName=EFGH, emailId=komali@gmail.com, phoneNumber=9771596252, sslc=80.0, hsc=80.0, ug=8.0, role=1, gender=male, emergencyContactName=Neel, emergencyContactRelation=Friend, emergencyContactPhoneNumber=4354353688, password=null, createdAt=2021-08-20 21:01:31.0, currentStatus=REJECTED, rejectReason=Invalid Aadhar Number, addressList=[Address(addressId=532, employeeCode=LIS5221, type=Present, flatName=No 3, streetName=Nehru Street, area=Gachibowli, state=Andhra Pradesh, country=India, city=Vizag, pinCode=666666, mapCoordinates=454345435354 E), Address(addressId=533, employeeCode=LIS5221, type=Permanent, flatName=No 3, streetName=Nehru Street, area=Gachibowli, state=Andhra Pradesh, country=India, city=Vizag, pinCode=666666, mapCoordinates=454345435354 E)]) 4bf05050-4c0c-49e0-9d0c-809ef204d030
2021-08-21 00:47:25 [http-nio-9192-exec-7] INFO  c.l.e.controller.EmployeeController -
                fetching details for id 530 ea9473c5-6a65-4f1c-910e-1052a3b1ad6d 
2021-08-21 00:47:25 [http-nio-9192-exec-7] INFO  c.l.e.s.EmployeeDemographicsService -
                Employee Object returned EmployeeDemographics(employeeId=530, employeeCode=LIS5221, firstName=Komali, lastName=Pyla, dob=2000-01-14, bloodGroup=O+ve, aadharNumber=435477436644, fatherName=ABCD, motherName=EFGH, emailId=komali@gmail.com, phoneNumber=9771596252, sslc=80.0, hsc=80.0, ug=8.0, role=1, gender=male, emergencyContactName=Neel, emergencyContactRelation=Friend, emergencyContactPhoneNumber=4354353688, password=null, createdAt=2021-08-20 21:01:31.0, currentStatus=REJECTED, rejectReason=Invalid Aadhar Number, addressList=[Address(addressId=532, employeeCode=LIS5221, type=Present, flatName=No 3, streetName=Nehru Street, area=Gachibowli, state=Andhra Pradesh, country=India, city=Vizag, pinCode=666666, mapCoordinates=454345435354 E), Address(addressId=533, employeeCode=LIS5221, type=Permanent, flatName=No 3, streetName=Nehru Street, area=Gachibowli, state=Andhra Pradesh, country=India, city=Vizag, pinCode=666666, mapCoordinates=454345435354 E)]) ea9473c5-6a65-4f1c-910e-1052a3b1ad6d
2021-08-21 00:47:25 [http-nio-9192-exec-9] INFO  c.l.e.controller.EmployeeController -
                fetching details for id 530 7bd0f4e5-5cb9-43e4-a252-4c7d10a5956d 
2021-08-21 00:47:25 [http-nio-9192-exec-9] INFO  c.l.e.s.EmployeeDemographicsService -
                Employee Object returned EmployeeDemographics(employeeId=530, employeeCode=LIS5221, firstName=Komali, lastName=Pyla, dob=2000-01-14, bloodGroup=O+ve, aadharNumber=435477436644, fatherName=ABCD, motherName=EFGH, emailId=komali@gmail.com, phoneNumber=9771596252, sslc=80.0, hsc=80.0, ug=8.0, role=1, gender=male, emergencyContactName=Neel, emergencyContactRelation=Friend, emergencyContactPhoneNumber=4354353688, password=null, createdAt=2021-08-20 21:01:31.0, currentStatus=REJECTED, rejectReason=Invalid Aadhar Number, addressList=[Address(addressId=532, employeeCode=LIS5221, type=Present, flatName=No 3, streetName=Nehru Street, area=Gachibowli, state=Andhra Pradesh, country=India, city=Vizag, pinCode=666666, mapCoordinates=454345435354 E), Address(addressId=533, employeeCode=LIS5221, type=Permanent, flatName=No 3, streetName=Nehru Street, area=Gachibowli, state=Andhra Pradesh, country=India, city=Vizag, pinCode=666666, mapCoordinates=454345435354 E)]) 7bd0f4e5-5cb9-43e4-a252-4c7d10a5956d
